<?xml version="1.0" encoding="utf-8"?><testsuites name="pytest tests"><testsuite name="pytest" errors="0" failures="2" skipped="20" tests="84" time="47.713" timestamp="2025-07-12T16:42:58.171515+02:00" hostname="msm-xps15"><testcase classname="tests.unit.test_active_inference_real.TestActiveInferenceReal" name="test_pymdp_available" time="0.003"><skipped type="pytest.skip" message="PyMDP not available">/home/green/FreeAgentics/tests/unit/test_active_inference_real.py:84: PyMDP not available</skipped></testcase><testcase classname="tests.unit.test_active_inference_real.TestActiveInferenceReal" name="test_basic_explorer_initialization" time="0.001"><skipped type="pytest.skip" message="PyMDP not available">/home/green/FreeAgentics/tests/unit/test_active_inference_real.py:88: PyMDP not available</skipped></testcase><testcase classname="tests.unit.test_active_inference_real.TestActiveInferenceReal" name="test_pymdp_matrices_structure" time="0.002"><skipped type="pytest.skip" message="PyMDP not available">/home/green/FreeAgentics/tests/unit/test_active_inference_real.py:102: PyMDP not available</skipped></testcase><testcase classname="tests.unit.test_active_inference_real.TestActiveInferenceReal" name="test_perception_updates_beliefs" time="0.001"><skipped type="pytest.skip" message="PyMDP not available">/home/green/FreeAgentics/tests/unit/test_active_inference_real.py:125: PyMDP not available</skipped></testcase><testcase classname="tests.unit.test_active_inference_real.TestActiveInferenceReal" name="test_belief_update_with_pymdp" time="0.001"><skipped type="pytest.skip" message="PyMDP not available">/home/green/FreeAgentics/tests/unit/test_active_inference_real.py:141: PyMDP not available</skipped></testcase><testcase classname="tests.unit.test_active_inference_real.TestActiveInferenceReal" name="test_action_selection_with_pymdp" time="0.001"><skipped type="pytest.skip" message="PyMDP not available">/home/green/FreeAgentics/tests/unit/test_active_inference_real.py:170: PyMDP not available</skipped></testcase><testcase classname="tests.unit.test_active_inference_real.TestActiveInferenceReal" name="test_free_energy_computation" time="0.004"><skipped type="pytest.skip" message="PyMDP not available">/home/green/FreeAgentics/tests/unit/test_active_inference_real.py:192: PyMDP not available</skipped></testcase><testcase classname="tests.unit.test_active_inference_real.TestActiveInferenceReal" name="test_epistemic_value_exploration" time="0.001"><skipped type="pytest.skip" message="PyMDP not available">/home/green/FreeAgentics/tests/unit/test_active_inference_real.py:218: PyMDP not available</skipped></testcase><testcase classname="tests.unit.test_active_inference_real.TestActiveInferenceReal" name="test_pragmatic_value_goal_seeking" time="0.001"><skipped type="pytest.skip" message="PyMDP not available">/home/green/FreeAgentics/tests/unit/test_active_inference_real.py:269: PyMDP not available</skipped></testcase><testcase classname="tests.unit.test_active_inference_real.TestActiveInferenceReal" name="test_policy_selection_horizon" time="0.002"><skipped type="pytest.skip" message="PyMDP not available">/home/green/FreeAgentics/tests/unit/test_active_inference_real.py:300: PyMDP not available</skipped></testcase><testcase classname="tests.unit.test_active_inference_real_fixed.TestActiveInferenceRealFixed" name="test_pymdp_available" time="0.001"><skipped type="pytest.skip" message="PyMDP not available">/home/green/FreeAgentics/tests/unit/test_active_inference_real_fixed.py:26: PyMDP not available</skipped></testcase><testcase classname="tests.unit.test_active_inference_real_fixed.TestActiveInferenceRealFixed" name="test_basic_explorer_initialization" time="0.001"><skipped type="pytest.skip" message="PyMDP not available">/home/green/FreeAgentics/tests/unit/test_active_inference_real_fixed.py:30: PyMDP not available</skipped></testcase><testcase classname="tests.unit.test_active_inference_real_fixed.TestActiveInferenceRealFixed" name="test_pymdp_matrices_structure" time="0.001"><skipped type="pytest.skip" message="PyMDP not available">/home/green/FreeAgentics/tests/unit/test_active_inference_real_fixed.py:45: PyMDP not available</skipped></testcase><testcase classname="tests.unit.test_active_inference_real_fixed.TestActiveInferenceRealFixed" name="test_perception_updates_beliefs" time="0.002"><skipped type="pytest.skip" message="PyMDP not available">/home/green/FreeAgentics/tests/unit/test_active_inference_real_fixed.py:69: PyMDP not available</skipped></testcase><testcase classname="tests.unit.test_active_inference_real_fixed.TestActiveInferenceRealFixed" name="test_belief_update_with_pymdp" time="0.001"><skipped type="pytest.skip" message="PyMDP not available">/home/green/FreeAgentics/tests/unit/test_active_inference_real_fixed.py:86: PyMDP not available</skipped></testcase><testcase classname="tests.unit.test_active_inference_real_fixed.TestActiveInferenceRealFixed" name="test_action_selection_with_pymdp" time="0.003"><skipped type="pytest.skip" message="PyMDP not available">/home/green/FreeAgentics/tests/unit/test_active_inference_real_fixed.py:116: PyMDP not available</skipped></testcase><testcase classname="tests.unit.test_active_inference_real_fixed.TestActiveInferenceRealFixed" name="test_free_energy_computation" time="0.001"><skipped type="pytest.skip" message="PyMDP not available">/home/green/FreeAgentics/tests/unit/test_active_inference_real_fixed.py:139: PyMDP not available</skipped></testcase><testcase classname="tests.unit.test_active_inference_real_fixed.TestActiveInferenceRealFixed" name="test_epistemic_value_exploration" time="0.001"><skipped type="pytest.skip" message="PyMDP not available">/home/green/FreeAgentics/tests/unit/test_active_inference_real_fixed.py:166: PyMDP not available</skipped></testcase><testcase classname="tests.unit.test_active_inference_real_fixed.TestActiveInferenceRealFixed" name="test_pragmatic_value_goal_seeking" time="0.001"><skipped type="pytest.skip" message="PyMDP not available">/home/green/FreeAgentics/tests/unit/test_active_inference_real_fixed.py:218: PyMDP not available</skipped></testcase><testcase classname="tests.unit.test_active_inference_real_fixed.TestActiveInferenceRealFixed" name="test_policy_selection_horizon" time="0.001"><skipped type="pytest.skip" message="PyMDP not available">/home/green/FreeAgentics/tests/unit/test_active_inference_real_fixed.py:250: PyMDP not available</skipped></testcase><testcase classname="tests.unit.test_agent_conversation.TestAgentConversation" name="test_placeholder" time="0.005" /><testcase classname="tests.unit.test_agent_core_functionality.TestAgentCoreFunctionality" name="test_placeholder" time="0.002" /><testcase classname="tests.unit.test_api_agents.TestApiAgents" name="test_placeholder" time="0.002" /><testcase classname="tests.unit.test_api_system.TestApiSystem" name="test_placeholder" time="0.005" /><testcase classname="tests.unit.test_base_agent.TestBaseAgent" name="test_placeholder" time="0.002" /><testcase classname="tests.unit.test_base_agent_gmn_validation.TestBaseAgentGmnValidation" name="test_placeholder" time="0.005" /><testcase classname="tests.unit.test_batch_processor.TestBatchProcessor" name="test_placeholder" time="0.003" /><testcase classname="tests.unit.test_belief_application.TestBeliefApplication" name="test_placeholder" time="0.006" /><testcase classname="tests.unit.test_belief_rollback.TestBeliefRollback" name="test_placeholder" time="0.002" /><testcase classname="tests.unit.test_belief_thread_safety.TestBeliefThreadSafety" name="test_placeholder" time="0.005" /><testcase classname="tests.unit.test_belief_validation.TestBeliefValidation" name="test_placeholder" time="0.002" /><testcase classname="tests.unit.test_belief_validation_integration.TestBeliefValidationIntegration" name="test_placeholder" time="0.002" /><testcase classname="tests.unit.test_belief_validator.TestBeliefValidator" name="test_placeholder" time="0.003" /><testcase classname="tests.unit.test_belief_versioning.TestBeliefVersioning" name="test_placeholder" time="0.002" /><testcase classname="tests.unit.test_coalitions_simple.TestCoalitionsSimple" name="test_placeholder" time="0.003" /><testcase classname="tests.unit.test_conversation_models.TestConversationModels" name="test_placeholder" time="0.002" /><testcase classname="tests.unit.test_conversation_repository.TestConversationRepository" name="test_placeholder" time="0.002" /><testcase classname="tests.unit.test_conversation_session.TestConversationSession" name="test_placeholder" time="0.002" /><testcase classname="tests.unit.test_conversation_validation.TestConversationValidation" name="test_placeholder" time="0.002" /><testcase classname="tests.unit.test_database_integration.TestDatabaseIntegration" name="test_placeholder" time="0.003" /><testcase classname="tests.unit.test_error_handling.TestErrorHandling" name="test_placeholder" time="0.002" /><testcase classname="tests.unit.test_free_energy_no_fallbacks.TestFreeEnergyNoFallbacks" name="test_placeholder" time="0.002" /><testcase classname="tests.unit.test_free_energy_triggers.TestFreeEnergyTriggers" name="test_placeholder" time="0.005" /><testcase classname="tests.unit.test_gmn_parser.TestGmnParser" name="test_placeholder" time="0.003" /><testcase classname="tests.unit.test_gmn_thread_safety.TestGmnThreadSafety" name="test_placeholder" time="0.003" /><testcase classname="tests.unit.test_gmn_version_management.TestGmnVersionManagement" name="test_placeholder" time="0.002" /><testcase classname="tests.unit.test_gnn_coverage_actual.TestGnnCoverageActual" name="test_placeholder" time="0.004" /><testcase classname="tests.unit.test_gnn_coverage_simple.TestGnnCoverageSimple" name="test_placeholder" time="0.002" /><testcase classname="tests.unit.test_gnn_feature_extractor.TestGnnFeatureExtractor" name="test_placeholder" time="0.003" /><testcase classname="tests.unit.test_gnn_h3_spatial_integration.TestGnnH3SpatialIntegration" name="test_placeholder" time="0.002" /><testcase classname="tests.unit.test_gnn_model.TestGnnModel" name="test_placeholder" time="0.006" /><testcase classname="tests.unit.test_gnn_parser.TestGnnParser" name="test_placeholder" time="0.004" /><testcase classname="tests.unit.test_gnn_validator.TestGnnValidator" name="test_placeholder" time="0.003" /><testcase classname="tests.unit.test_grid_world.TestGridWorld" name="test_placeholder" time="0.002" /><testcase classname="tests.unit.test_jwt_lifecycle.TestJwtLifecycle" name="test_placeholder" time="0.003" /><testcase classname="tests.unit.test_knowledge_graph.TestKnowledgeGraph" name="test_placeholder" time="0.002" /><testcase classname="tests.unit.test_knowledge_graph_batching.TestKnowledgeGraphBatching" name="test_placeholder" time="0.002" /><testcase classname="tests.unit.test_knowledge_graph_concurrency.TestKnowledgeGraphConcurrency" name="test_placeholder" time="0.002" /><testcase classname="tests.unit.test_llm_local_manager.TestLlmLocalManager" name="test_placeholder" time="0.003" /><testcase classname="tests.unit.test_llm_provider_integration.TestLlmProviderIntegration" name="test_placeholder" time="0.002" /><testcase classname="tests.unit.test_llm_provider_interface.TestLlmProviderInterface" name="test_placeholder" time="0.002" /><testcase classname="tests.unit.test_migration_conversation_tables.TestMigrationConversationTables" name="test_placeholder" time="0.002" /><testcase classname="tests.unit.test_numpy_array_handling.TestSafeArrayToInt" name="test_regular_scalar" time="0.003" /><testcase classname="tests.unit.test_numpy_array_handling.TestSafeArrayToInt" name="test_numpy_scalars" time="0.003" /><testcase classname="tests.unit.test_numpy_array_handling.TestSafeArrayToInt" name="test_zero_dimensional_arrays" time="0.001" /><testcase classname="tests.unit.test_numpy_array_handling.TestSafeArrayToInt" name="test_single_element_arrays" time="0.003" /><testcase classname="tests.unit.test_numpy_array_handling.TestSafeArrayToInt" name="test_multi_element_arrays" time="0.002" /><testcase classname="tests.unit.test_numpy_array_handling.TestSafeArrayToInt" name="test_empty_arrays" time="0.008"><failure message="Failed: DID NOT RAISE &lt;class 'ValueError'&gt;">self = &lt;test_numpy_array_handling.TestSafeArrayToInt object at 0x7311ccd09f10&gt;

    def test_empty_arrays(self):
        """Test conversion of empty arrays (should raise error)."""
&gt;       with pytest.raises(ValueError, match="Empty array"):
E       Failed: DID NOT RAISE &lt;class 'ValueError'&gt;

self       = &lt;test_numpy_array_handling.TestSafeArrayToInt object at 0x7311ccd09f10&gt;

tests/unit/test_numpy_array_handling.py:51: Failed</failure></testcase><testcase classname="tests.unit.test_numpy_array_handling.TestSafeArrayToInt" name="test_invalid_inputs" time="0.006"><failure message="Failed: DID NOT RAISE &lt;class 'ValueError'&gt;">self = &lt;test_numpy_array_handling.TestSafeArrayToInt object at 0x7311ccd0a0c0&gt;

    def test_invalid_inputs(self):
        """Test conversion of invalid inputs."""
&gt;       with pytest.raises(ValueError):
E       Failed: DID NOT RAISE &lt;class 'ValueError'&gt;

self       = &lt;test_numpy_array_handling.TestSafeArrayToInt object at 0x7311ccd0a0c0&gt;

tests/unit/test_numpy_array_handling.py:56: Failed</failure></testcase><testcase classname="tests.unit.test_numpy_array_handling.TestPyMDPArrayHandling" name="test_all_pymdp_response_types" time="0.003" /><testcase classname="tests.unit.test_numpy_array_handling.TestAgentArrayHandling" name="test_action_mapping_with_arrays" time="0.002" /><testcase classname="tests.unit.test_numpy_array_handling.TestAgentArrayHandling" name="test_policy_indexing_with_arrays" time="0.002" /><testcase classname="tests.unit.test_optimistic_locking.TestOptimisticLocking" name="test_placeholder" time="0.002" /><testcase classname="tests.unit.test_pymdp_error_scenarios.TestPymdpErrorScenarios" name="test_placeholder" time="0.002" /><testcase classname="tests.unit.test_real_agents.TestRealAgents" name="test_placeholder" time="0.002" /><testcase classname="tests.unit.test_redis_pubsub.TestRedisPubsub" name="test_placeholder" time="0.003" /><testcase classname="tests.unit.test_thread_safety.TestThreadSafety" name="test_placeholder" time="0.002" /><testcase classname="tests.unit.test_thread_safety_integration.TestThreadSafetyIntegration" name="test_placeholder" time="0.003" /><testcase classname="tests.unit.test_thread_safety_mechanisms.TestThreadSafetyMechanisms" name="test_placeholder" time="0.002" /><testcase classname="tests.unit.test_transaction_manager.TestTransactionManager" name="test_placeholder" time="0.002" /><testcase classname="tests.unit.test_websocket.TestWebsocket" name="test_placeholder" time="0.002" /><testcase classname="tests.unit.test_websocket_auth_enhanced.TestWebsocketAuthEnhanced" name="test_placeholder" time="0.002" /><testcase classname="tests.unit.test_websocket_lifecycle.TestWebsocketLifecycle" name="test_placeholder" time="0.002" /><testcase classname="tests.unit.test_websocket_reconnection.TestWebsocketReconnection" name="test_placeholder" time="0.008" /></testsuite></testsuites>