<?xml version="1.0" encoding="utf-8"?><testsuites><testsuite name="pytest" errors="0" failures="0" skipped="0" tests="27" time="1.329" timestamp="2025-07-01T11:23:21.543200" hostname="Matthews-MacBook-Air.local"><testcase classname="tests.unit.test_parameter_learning.TestLearningConfig" name="test_default_config" time="0.000" /><testcase classname="tests.unit.test_parameter_learning.TestLearningConfig" name="test_custom_config" time="0.000" /><testcase classname="tests.unit.test_parameter_learning.TestExperienceBuffer" name="test_buffer_initialization" time="0.000" /><testcase classname="tests.unit.test_parameter_learning.TestExperienceBuffer" name="test_add_experience" time="0.000" /><testcase classname="tests.unit.test_parameter_learning.TestExperienceBuffer" name="test_sample_experiences" time="0.011" /><testcase classname="tests.unit.test_parameter_learning.TestExperienceBuffer" name="test_clear_buffer" time="0.000" /><testcase classname="tests.unit.test_parameter_learning.TestDiscreteParameterLearner" name="test_initialization" time="0.002" /><testcase classname="tests.unit.test_parameter_learning.TestDiscreteParameterLearner" name="test_bayesian_update" time="0.001" /><testcase classname="tests.unit.test_parameter_learning.TestDiscreteParameterLearner" name="test_gradient_update" time="0.001" /><testcase classname="tests.unit.test_parameter_learning.TestDiscreteParameterLearner" name="test_learning_rate_decay" time="0.001" /><testcase classname="tests.unit.test_parameter_learning.TestDiscreteParameterLearner" name="test_get_learning_rates" time="0.001" /><testcase classname="tests.unit.test_parameter_learning.TestContinuousParameterLearner" name="test_initialization" time="0.582" /><testcase classname="tests.unit.test_parameter_learning.TestContinuousParameterLearner" name="test_update_parameters" time="0.021" /><testcase classname="tests.unit.test_parameter_learning.TestContinuousParameterLearner" name="test_transition_model_update" time="0.002" /><testcase classname="tests.unit.test_parameter_learning.TestContinuousParameterLearner" name="test_observation_model_update" time="0.001" /><testcase classname="tests.unit.test_parameter_learning.TestContinuousParameterLearner" name="test_get_learning_rates" time="0.001" /><testcase classname="tests.unit.test_parameter_learning.TestOnlineParameterLearner" name="test_initialization" time="0.001" /><testcase classname="tests.unit.test_parameter_learning.TestOnlineParameterLearner" name="test_observe_single_experience" time="0.001" /><testcase classname="tests.unit.test_parameter_learning.TestOnlineParameterLearner" name="test_update_with_sufficient_buffer" time="0.002" /><testcase classname="tests.unit.test_parameter_learning.TestOnlineParameterLearner" name="test_should_update_logic" time="0.001" /><testcase classname="tests.unit.test_parameter_learning.TestOnlineParameterLearner" name="test_get_statistics" time="0.002" /><testcase classname="tests.unit.test_parameter_learning.TestOnlineParameterLearner" name="test_no_replay_buffer" time="0.001" /><testcase classname="tests.unit.test_parameter_learning.TestCreateParameterLearner" name="test_create_discrete_learner" time="0.000" /><testcase classname="tests.unit.test_parameter_learning.TestCreateParameterLearner" name="test_create_continuous_learner" time="0.001" /><testcase classname="tests.unit.test_parameter_learning.TestCreateParameterLearner" name="test_create_online_learner" time="0.001" /><testcase classname="tests.unit.test_parameter_learning.TestCreateParameterLearner" name="test_create_learner_errors" time="0.000" /><testcase classname="tests.unit.test_parameter_learning.TestCreateParameterLearner" name="test_default_config" time="0.000" /></testsuite></testsuites>