<?xml version="1.0" encoding="utf-8"?><testsuites><testsuite name="pytest" errors="0" failures="0" skipped="0" tests="21" time="2.398" timestamp="2025-07-01T11:22:14.987934" hostname="Matthews-MacBook-Air.local"><testcase classname="tests.unit.test_edge_processor.TestEdgeConfig" name="test_default_config" time="0.000" /><testcase classname="tests.unit.test_edge_processor.TestEdgeConfig" name="test_custom_config" time="0.000" /><testcase classname="tests.unit.test_edge_processor.TestEdge" name="test_edge_creation" time="0.000" /><testcase classname="tests.unit.test_edge_processor.TestEdge" name="test_edge_with_features" time="0.000" /><testcase classname="tests.unit.test_edge_processor.TestEdgeProcessor" name="test_initialization" time="0.000" /><testcase classname="tests.unit.test_edge_processor.TestEdgeProcessor" name="test_empty_edges" time="0.000" /><testcase classname="tests.unit.test_edge_processor.TestEdgeProcessor" name="test_directed_edges" time="0.000" /><testcase classname="tests.unit.test_edge_processor.TestEdgeProcessor" name="test_undirected_edges" time="0.000" /><testcase classname="tests.unit.test_edge_processor.TestEdgeProcessor" name="test_bidirectional_edges" time="0.000" /><testcase classname="tests.unit.test_edge_processor.TestEdgeProcessor" name="test_self_loops" time="0.000" /><testcase classname="tests.unit.test_edge_processor.TestEdgeProcessor" name="test_weight_features" time="0.001" /><testcase classname="tests.unit.test_edge_processor.TestEdgeProcessor" name="test_distance_features" time="0.001" /><testcase classname="tests.unit.test_edge_processor.TestEdgeProcessor" name="test_categorical_features" time="0.000" /><testcase classname="tests.unit.test_edge_processor.TestEdgeProcessor" name="test_temporal_features" time="0.000" /><testcase classname="tests.unit.test_edge_processor.TestEdgeProcessor" name="test_embedding_features" time="0.001" /><testcase classname="tests.unit.test_edge_processor.TestEdgeProcessor" name="test_multiple_features" time="0.001" /><testcase classname="tests.unit.test_edge_processor.TestEdgeProcessor" name="test_edge_sampling_random" time="0.001" /><testcase classname="tests.unit.test_edge_processor.TestEdgeProcessor" name="test_edge_sampling_topk" time="0.000" /><testcase classname="tests.unit.test_edge_processor.TestEdgeProcessor" name="test_edge_types" time="0.000" /><testcase classname="tests.unit.test_edge_processor.TestEdgeProcessor" name="test_adjacency_matrix_conversion" time="0.002" /><testcase classname="tests.unit.test_edge_processor.TestEdgeProcessor" name="test_edge_statistics" time="0.003" /></testsuite></testsuites>