<?xml version="1.0" encoding="utf-8"?><testsuites><testsuite name="pytest" errors="0" failures="0" skipped="0" tests="40" time="0.150" timestamp="2025-07-01T11:23:10.879412" hostname="Matthews-MacBook-Air.local"><testcase classname="tests.unit.test_merchant.TestTradeStatus" name="test_enum_values" time="0.000" /><testcase classname="tests.unit.test_merchant.TestTradeStatus" name="test_enum_count" time="0.000" /><testcase classname="tests.unit.test_merchant.TestResourceType" name="test_enum_values" time="0.000" /><testcase classname="tests.unit.test_merchant.TestResourceType" name="test_enum_count" time="0.000" /><testcase classname="tests.unit.test_merchant.TestTradeOffer" name="test_trade_offer_creation" time="0.000" /><testcase classname="tests.unit.test_merchant.TestTradeOffer" name="test_trade_offer_id_uniqueness" time="0.000" /><testcase classname="tests.unit.test_merchant.TestMarket" name="test_market_initialization" time="0.000" /><testcase classname="tests.unit.test_merchant.TestMarket" name="test_get_resource_value" time="0.000" /><testcase classname="tests.unit.test_merchant.TestMarket" name="test_add_offer" time="0.000" /><testcase classname="tests.unit.test_merchant.TestMarket" name="test_remove_offer" time="0.000" /><testcase classname="tests.unit.test_merchant.TestMarket" name="test_find_matching_offers" time="0.000" /><testcase classname="tests.unit.test_merchant.TestMarket" name="test_update_market_trends" time="0.000" /><testcase classname="tests.unit.test_merchant.TestTradingBehavior" name="test_trading_behavior_initialization" time="0.000" /><testcase classname="tests.unit.test_merchant.TestTradingBehavior" name="test_can_execute_custom" time="0.000" /><testcase classname="tests.unit.test_merchant.TestTradingBehavior" name="test_execute_custom" time="0.000" /><testcase classname="tests.unit.test_merchant.TestTradingBehavior" name="test_assess_resource_situation" time="0.000" /><testcase classname="tests.unit.test_merchant.TestTradingBehavior" name="test_create_sell_offer" time="0.000" /><testcase classname="tests.unit.test_merchant.TestTradingBehavior" name="test_find_buy_opportunities" time="0.000" /><testcase classname="tests.unit.test_merchant.TestTradingBehavior" name="test_evaluate_trade_offer" time="0.000" /><testcase classname="tests.unit.test_merchant.TestTradingBehavior" name="test_execute_trade" time="0.000" /><testcase classname="tests.unit.test_merchant.TestTradingBehavior" name="test_evaluate_market_conditions" time="0.000" /><testcase classname="tests.unit.test_merchant.TestMarketAnalysisBehavior" name="test_market_analysis_behavior_initialization" time="0.000" /><testcase classname="tests.unit.test_merchant.TestMarketAnalysisBehavior" name="test_can_execute_custom" time="0.000" /><testcase classname="tests.unit.test_merchant.TestMarketAnalysisBehavior" name="test_execute_custom" time="0.000" /><testcase classname="tests.unit.test_merchant.TestMarketAnalysisBehavior" name="test_analyze_market_patterns" time="0.000" /><testcase classname="tests.unit.test_merchant.TestMerchantAgent" name="test_merchant_agent_initialization" time="0.000" /><testcase classname="tests.unit.test_merchant.TestMerchantAgent" name="test_get_market" time="0.000" /><testcase classname="tests.unit.test_merchant.TestMerchantAgent" name="test_get_trade_status" time="0.000" /><testcase classname="tests.unit.test_merchant.TestMerchantAgent" name="test_get_trading_stats" time="0.000" /><testcase classname="tests.unit.test_merchant.TestMerchantAgent" name="test_create_trade_offer" time="0.000" /><testcase classname="tests.unit.test_merchant.TestMerchantAgent" name="test_create_trade_offer_no_market" time="0.000" /><testcase classname="tests.unit.test_merchant.TestMerchantAgent" name="test_evaluate_trade_opportunity" time="0.000" /><testcase classname="tests.unit.test_merchant.TestMerchantAgent" name="test_evaluate_trade_opportunity_not_found" time="0.000" /><testcase classname="tests.unit.test_merchant.TestMerchantAgent" name="test_evaluate_trade_opportunity_with_personality" time="0.000" /><testcase classname="tests.unit.test_merchant.TestCreateMerchantAgent" name="test_create_merchant_agent_defaults" time="0.000" /><testcase classname="tests.unit.test_merchant.TestCreateMerchantAgent" name="test_create_merchant_agent_custom" time="0.000" /><testcase classname="tests.unit.test_merchant.TestRegisterMerchantType" name="test_register_merchant_type" time="0.000" /><testcase classname="tests.unit.test_merchant.TestIntegrationScenarios" name="test_basic_trading_scenario" time="0.000" /><testcase classname="tests.unit.test_merchant.TestIntegrationScenarios" name="test_market_dynamics_scenario" time="0.001" /><testcase classname="tests.unit.test_merchant.TestIntegrationScenarios" name="test_complex_negotiation_scenario" time="0.000" /></testsuite></testsuites>