<?xml version="1.0" encoding="utf-8"?><testsuites><testsuite name="pytest" errors="0" failures="0" skipped="0" tests="19" time="0.107" timestamp="2025-07-01T11:23:15.079939" hostname="Matthews-MacBook-Air.local"><testcase classname="tests.unit.test_monitoring_integration.TestCoalitionMonitoringEvent" name="test_event_creation_minimal" time="0.001" /><testcase classname="tests.unit.test_monitoring_integration.TestCoalitionMonitoringEvent" name="test_event_creation_full" time="0.000" /><testcase classname="tests.unit.test_monitoring_integration.TestCoalitionMonitoringEvent" name="test_event_timestamp_default" time="0.000" /><testcase classname="tests.unit.test_monitoring_integration.TestCoalitionMonitoringEvent" name="test_event_mutable_fields" time="0.000" /><testcase classname="tests.unit.test_monitoring_integration.TestCoalitionMonitoringEvent" name="test_event_types" time="0.000" /><testcase classname="tests.unit.test_monitoring_integration.TestCoalitionFormationMonitor" name="test_initialization_with_engine" time="0.000" /><testcase classname="tests.unit.test_monitoring_integration.TestCoalitionFormationMonitor" name="test_initialization_without_engine" time="0.000" /><testcase classname="tests.unit.test_monitoring_integration.TestCoalitionFormationMonitor" name="test_register_event_handler" time="0.000" /><testcase classname="tests.unit.test_monitoring_integration.TestCoalitionFormationMonitor" name="test_emit_event_single_handler" time="0.000" /><testcase classname="tests.unit.test_monitoring_integration.TestCoalitionFormationMonitor" name="test_emit_event_multiple_handlers" time="0.000" /><testcase classname="tests.unit.test_monitoring_integration.TestCoalitionFormationMonitor" name="test_emit_event_handler_error" time="0.000" /><testcase classname="tests.unit.test_monitoring_integration.TestCoalitionFormationMonitor" name="test_emit_event_no_handlers" time="0.000" /><testcase classname="tests.unit.test_monitoring_integration.TestCoalitionFormationMonitor" name="test_active_formations_tracking" time="0.000" /><testcase classname="tests.unit.test_monitoring_integration.TestCoalitionMonitoringWorkflow" name="test_coalition_formation_workflow" time="0.000" /><testcase classname="tests.unit.test_monitoring_integration.TestCoalitionMonitoringWorkflow" name="test_multiple_handlers_different_purposes" time="0.000" /><testcase classname="tests.unit.test_monitoring_integration.TestFactoryFunction" name="test_create_coalition_monitoring_system" time="0.000" /><testcase classname="tests.unit.test_monitoring_integration.TestFactoryFunction" name="test_factory_creates_independent_instances" time="0.000" /><testcase classname="tests.unit.test_monitoring_integration.TestMonitoringIntegration" name="test_pymdp_aligned_monitoring" time="0.000" /><testcase classname="tests.unit.test_monitoring_integration.TestMonitoringIntegration" name="test_gnn_notation_monitoring" time="0.000" /></testsuite></testsuites>