<?xml version="1.0" encoding="utf-8"?><testsuites><testsuite name="pytest" errors="0" failures="0" skipped="0" tests="48" time="0.158" timestamp="2025-07-01T11:23:04.371709" hostname="Matthews-MacBook-Air.local"><testcase classname="tests.unit.test_knowledge_graph.TestBeliefNode" name="test_belief_node_creation" time="0.000" /><testcase classname="tests.unit.test_knowledge_graph.TestBeliefNode" name="test_belief_node_defaults" time="0.000" /><testcase classname="tests.unit.test_knowledge_graph.TestKnowledgeEdge" name="test_knowledge_edge_creation" time="0.000" /><testcase classname="tests.unit.test_knowledge_graph.TestKnowledgeEdge" name="test_knowledge_edge_defaults" time="0.000" /><testcase classname="tests.unit.test_knowledge_graph.TestKnowledgeGraph" name="test_knowledge_graph_initialization" time="0.000" /><testcase classname="tests.unit.test_knowledge_graph.TestKnowledgeGraph" name="test_add_belief_basic" time="0.000" /><testcase classname="tests.unit.test_knowledge_graph.TestKnowledgeGraph" name="test_add_belief_with_all_fields" time="0.000" /><testcase classname="tests.unit.test_knowledge_graph.TestKnowledgeGraph" name="test_update_belief_success" time="0.000" /><testcase classname="tests.unit.test_knowledge_graph.TestKnowledgeGraph" name="test_update_belief_partial" time="0.000" /><testcase classname="tests.unit.test_knowledge_graph.TestKnowledgeGraph" name="test_update_belief_nonexistent" time="0.000" /><testcase classname="tests.unit.test_knowledge_graph.TestKnowledgeGraph" name="test_add_relationship_success" time="0.000" /><testcase classname="tests.unit.test_knowledge_graph.TestKnowledgeGraph" name="test_add_relationship_missing_source" time="0.000" /><testcase classname="tests.unit.test_knowledge_graph.TestKnowledgeGraph" name="test_add_relationship_missing_target" time="0.000" /><testcase classname="tests.unit.test_knowledge_graph.TestKnowledgeGraph" name="test_add_relationship_default_strength" time="0.000" /><testcase classname="tests.unit.test_knowledge_graph.TestKnowledgeGraph" name="test_query_beliefs_no_filters" time="0.000" /><testcase classname="tests.unit.test_knowledge_graph.TestKnowledgeGraph" name="test_query_beliefs_with_pattern" time="0.000" /><testcase classname="tests.unit.test_knowledge_graph.TestKnowledgeGraph" name="test_query_beliefs_with_confidence_filter" time="0.000" /><testcase classname="tests.unit.test_knowledge_graph.TestKnowledgeGraph" name="test_query_beliefs_with_max_results" time="0.000" /><testcase classname="tests.unit.test_knowledge_graph.TestKnowledgeGraph" name="test_query_beliefs_combined_filters" time="0.000" /><testcase classname="tests.unit.test_knowledge_graph.TestKnowledgeGraph" name="test_get_related_beliefs_with_relationships" time="0.000" /><testcase classname="tests.unit.test_knowledge_graph.TestKnowledgeGraph" name="test_get_related_beliefs_no_relationships" time="0.000" /><testcase classname="tests.unit.test_knowledge_graph.TestKnowledgeGraph" name="test_get_related_beliefs_nonexistent_node" time="0.000" /><testcase classname="tests.unit.test_knowledge_graph.TestKnowledgeGraph" name="test_update_from_message_new_sender" time="0.000" /><testcase classname="tests.unit.test_knowledge_graph.TestKnowledgeGraph" name="test_update_from_message_existing_sender" time="0.000" /><testcase classname="tests.unit.test_knowledge_graph.TestKnowledgeGraph" name="test_get_statistics_empty_graph" time="0.000" /><testcase classname="tests.unit.test_knowledge_graph.TestKnowledgeGraph" name="test_get_statistics_populated_graph" time="0.000" /><testcase classname="tests.unit.test_knowledge_graph.TestKnowledgeGraph" name="test_clear_graph" time="0.000" /><testcase classname="tests.unit.test_knowledge_graph.TestKnowledgeGraph" name="test_to_dict_empty_graph" time="0.000" /><testcase classname="tests.unit.test_knowledge_graph.TestKnowledgeGraph" name="test_to_dict_populated_graph" time="0.000" /><testcase classname="tests.unit.test_knowledge_graph.TestPatternExtractor" name="test_pattern_extractor_initialization" time="0.000" /><testcase classname="tests.unit.test_knowledge_graph.TestPatternExtractor" name="test_extract_patterns_empty_data" time="0.000" /><testcase classname="tests.unit.test_knowledge_graph.TestPatternExtractor" name="test_extract_patterns_single_record" time="0.000" /><testcase classname="tests.unit.test_knowledge_graph.TestPatternExtractor" name="test_extract_patterns_multiple_records" time="0.000" /><testcase classname="tests.unit.test_knowledge_graph.TestPatternExtractor" name="test_extract_patterns_different_support_threshold" time="0.000" /><testcase classname="tests.unit.test_knowledge_graph.TestPatternExtractor" name="test_extract_relationships_insufficient_data" time="0.000" /><testcase classname="tests.unit.test_knowledge_graph.TestPatternExtractor" name="test_extract_relationships_basic" time="0.000" /><testcase classname="tests.unit.test_knowledge_graph.TestPatternExtractor" name="test_extract_relationships_multiple_attributes" time="0.000" /><testcase classname="tests.unit.test_knowledge_graph.TestPatternExtractor" name="test_extract_relationships_different_confidence_threshold" time="0.000" /><testcase classname="tests.unit.test_knowledge_graph.TestPatternExtractor" name="test_get_pattern_summary_empty" time="0.000" /><testcase classname="tests.unit.test_knowledge_graph.TestPatternExtractor" name="test_get_pattern_summary_with_data" time="0.000" /><testcase classname="tests.unit.test_knowledge_graph.TestPatternExtractor" name="test_filter_patterns_by_type" time="0.000" /><testcase classname="tests.unit.test_knowledge_graph.TestPatternExtractor" name="test_filter_patterns_by_support" time="0.000" /><testcase classname="tests.unit.test_knowledge_graph.TestPatternExtractor" name="test_filter_patterns_combined" time="0.000" /><testcase classname="tests.unit.test_knowledge_graph.TestIntegrationScenarios" name="test_belief_network_construction" time="0.000" /><testcase classname="tests.unit.test_knowledge_graph.TestIntegrationScenarios" name="test_pattern_extraction_from_beliefs" time="0.000" /><testcase classname="tests.unit.test_knowledge_graph.TestIntegrationScenarios" name="test_dynamic_belief_evolution" time="0.000" /><testcase classname="tests.unit.test_knowledge_graph.TestIntegrationScenarios" name="test_belief_contradiction_detection" time="0.000" /><testcase classname="tests.unit.test_knowledge_graph.TestIntegrationScenarios" name="test_knowledge_graph_export_import_cycle" time="0.000" /></testsuite></testsuites>