<?xml version="1.0" encoding="utf-8"?><testsuites><testsuite name="pytest" errors="0" failures="0" skipped="0" tests="26" time="1.791" timestamp="2025-07-01T11:23:23.801541" hostname="Matthews-MacBook-Air.local"><testcase classname="tests.unit.test_perception.TestStimulus" name="test_decay_over_distance" time="0.000" /><testcase classname="tests.unit.test_perception.TestStimulus" name="test_stimulus_creation" time="0.000" /><testcase classname="tests.unit.test_perception.TestPerceptionCapabilities" name="test_custom_capabilities" time="0.000" /><testcase classname="tests.unit.test_perception.TestPerceptionCapabilities" name="test_default_capabilities" time="0.000" /><testcase classname="tests.unit.test_perception.TestPerceptionMemory" name="test_memory_duration" time="0.000" /><testcase classname="tests.unit.test_perception.TestPerceptionMemory" name="test_memory_storage" time="0.000" /><testcase classname="tests.unit.test_perception.TestPerceptionMemory" name="test_stimulus_history" time="0.000" /><testcase classname="tests.unit.test_perception.TestVisualSensor" name="test_visual_confidence_decay" time="0.000" /><testcase classname="tests.unit.test_perception.TestVisualSensor" name="test_visual_detection_in_front" time="0.000" /><testcase classname="tests.unit.test_perception.TestVisualSensor" name="test_visual_field_of_view" time="0.000" /><testcase classname="tests.unit.test_perception.TestVisualSensor" name="test_visual_range_limit" time="0.000" /><testcase classname="tests.unit.test_perception.TestAuditorySensor" name="test_hearing_range" time="0.000" /><testcase classname="tests.unit.test_perception.TestAuditorySensor" name="test_non_sound_filtering" time="0.000" /><testcase classname="tests.unit.test_perception.TestAuditorySensor" name="test_sound_decay" time="0.000" /><testcase classname="tests.unit.test_perception.TestAuditorySensor" name="test_sound_detection" time="0.000" /><testcase classname="tests.unit.test_perception.TestProximitySensor" name="test_proximity_confidence" time="0.000" /><testcase classname="tests.unit.test_perception.TestProximitySensor" name="test_proximity_detection" time="0.000" /><testcase classname="tests.unit.test_perception.TestProximitySensor" name="test_touching_detection" time="0.000" /><testcase classname="tests.unit.test_perception.TestPerceptionFilters" name="test_attention_filter" time="0.000" /><testcase classname="tests.unit.test_perception.TestPerceptionFilters" name="test_importance_filter" time="0.000" /><testcase classname="tests.unit.test_perception.TestPerceptionSystem" name="test_agent_perception" time="0.000" /><testcase classname="tests.unit.test_perception.TestPerceptionSystem" name="test_agent_registration" time="0.000" /><testcase classname="tests.unit.test_perception.TestPerceptionSystem" name="test_can_perceive" time="0.000" /><testcase classname="tests.unit.test_perception.TestPerceptionSystem" name="test_perceived_agents" time="0.000" /><testcase classname="tests.unit.test_perception.TestPerceptionSystem" name="test_sound_perception" time="0.000" /><testcase classname="tests.unit.test_perception.TestPerceptionSystem" name="test_stimulus_management" time="0.000" /></testsuite></testsuites>