<?xml version="1.0" encoding="utf-8"?><testsuites><testsuite name="pytest" errors="0" failures="0" skipped="0" tests="20" time="0.704" timestamp="2025-07-01T11:21:35.928577" hostname="Matthews-MacBook-Air.local"><testcase classname="tests.unit.test_active_learning.TestActiveLearningConfig" name="test_default_config" time="0.000" /><testcase classname="tests.unit.test_active_learning.TestActiveLearningConfig" name="test_custom_config" time="0.000" /><testcase classname="tests.unit.test_active_learning.TestEntropyBasedSeeker" name="test_initialization" time="0.005" /><testcase classname="tests.unit.test_active_learning.TestEntropyBasedSeeker" name="test_compute_entropy" time="0.003" /><testcase classname="tests.unit.test_active_learning.TestEntropyBasedSeeker" name="test_compute_information_value" time="0.005" /><testcase classname="tests.unit.test_active_learning.TestEntropyBasedSeeker" name="test_select_informative_action" time="0.003" /><testcase classname="tests.unit.test_active_learning.TestMutualInformationSeeker" name="test_initialization" time="0.001" /><testcase classname="tests.unit.test_active_learning.TestMutualInformationSeeker" name="test_compute_mutual_information" time="0.001" /><testcase classname="tests.unit.test_active_learning.TestActiveLearningAgent" name="test_initialization" time="0.001" /><testcase classname="tests.unit.test_active_learning.TestActiveLearningAgent" name="test_compute_epistemic_value" time="0.003" /><testcase classname="tests.unit.test_active_learning.TestActiveLearningAgent" name="test_compute_pragmatic_value" time="0.001" /><testcase classname="tests.unit.test_active_learning.TestActiveLearningAgent" name="test_select_exploratory_action" time="0.001" /><testcase classname="tests.unit.test_active_learning.TestActiveLearningAgent" name="test_exploration_decay" time="0.001" /><testcase classname="tests.unit.test_active_learning.TestActiveLearningAgent" name="test_novelty_tracking" time="0.002" /><testcase classname="tests.unit.test_active_learning.TestInformationGainPlanner" name="test_initialization" time="0.001" /><testcase classname="tests.unit.test_active_learning.TestInformationGainPlanner" name="test_plan_information_gathering" time="0.001" /><testcase classname="tests.unit.test_active_learning.TestFactoryFunction" name="test_create_agent" time="0.001" /><testcase classname="tests.unit.test_active_learning.TestFactoryFunction" name="test_create_planner" time="0.001" /><testcase classname="tests.unit.test_active_learning.TestFactoryFunction" name="test_invalid_learner_type" time="0.000" /><testcase classname="tests.unit.test_active_learning.TestFactoryFunction" name="test_missing_required_params" time="0.000" /></testsuite></testsuites>