<?xml version="1.0" encoding="utf-8"?><testsuites><testsuite name="pytest" errors="0" failures="0" skipped="0" tests="26" time="2.672" timestamp="2025-07-01T11:23:00.780265" hostname="Matthews-MacBook-Air.local"><testcase classname="tests.unit.test_interaction.TestMessage" name="test_message_creation" time="0.000" /><testcase classname="tests.unit.test_interaction.TestMessage" name="test_broadcast_message" time="0.000" /><testcase classname="tests.unit.test_interaction.TestMessage" name="test_message_with_response_deadline" time="0.000" /><testcase classname="tests.unit.test_interaction.TestInteractionRequest" name="test_request_creation" time="0.000" /><testcase classname="tests.unit.test_interaction.TestInteractionRequest" name="test_request_expiration" time="0.218" /><testcase classname="tests.unit.test_interaction.TestResourceExchange" name="test_exchange_creation" time="0.000" /><testcase classname="tests.unit.test_interaction.TestResourceExchange" name="test_exchange_execution_success" time="0.000" /><testcase classname="tests.unit.test_interaction.TestResourceExchange" name="test_exchange_execution_failure" time="0.000" /><testcase classname="tests.unit.test_interaction.TestCommunicationProtocol" name="test_send_and_receive_message" time="0.000" /><testcase classname="tests.unit.test_interaction.TestCommunicationProtocol" name="test_broadcast_message" time="0.000" /><testcase classname="tests.unit.test_interaction.TestCommunicationProtocol" name="test_conversation_history" time="0.000" /><testcase classname="tests.unit.test_interaction.TestCommunicationProtocol" name="test_pending_responses" time="0.210" /><testcase classname="tests.unit.test_interaction.TestResourceManager" name="test_propose_exchange" time="0.000" /><testcase classname="tests.unit.test_interaction.TestResourceManager" name="test_execute_exchange" time="0.000" /><testcase classname="tests.unit.test_interaction.TestResourceManager" name="test_cancel_exchange" time="0.000" /><testcase classname="tests.unit.test_interaction.TestResourceManager" name="test_exchange_history" time="0.000" /><testcase classname="tests.unit.test_interaction.TestConflictResolver" name="test_resource_conflict_resolution" time="0.000" /><testcase classname="tests.unit.test_interaction.TestConflictResolver" name="test_spatial_conflict_resolution" time="0.000" /><testcase classname="tests.unit.test_interaction.TestInteractionSystem" name="test_agent_registration" time="0.000" /><testcase classname="tests.unit.test_interaction.TestInteractionSystem" name="test_communication_interaction" time="0.000" /><testcase classname="tests.unit.test_interaction.TestInteractionSystem" name="test_resource_exchange_interaction" time="0.000" /><testcase classname="tests.unit.test_interaction.TestInteractionSystem" name="test_conflict_interaction" time="0.000" /><testcase classname="tests.unit.test_interaction.TestInteractionSystem" name="test_interaction_timeout" time="0.201" /><testcase classname="tests.unit.test_interaction.TestInteractionSystem" name="test_cleanup_expired_interactions" time="0.208" /><testcase classname="tests.unit.test_interaction.TestInteractionSystem" name="test_interaction_callbacks" time="0.000" /><testcase classname="tests.unit.test_interaction.TestInteractionSystem" name="test_concurrent_interactions" time="0.001" /></testsuite></testsuites>