<?xml version="1.0" encoding="utf-8"?><testsuites><testsuite name="pytest" errors="0" failures="0" skipped="0" tests="27" time="0.763" timestamp="2025-07-01T11:22:47.455451" hostname="Matthews-MacBook-Air.local"><testcase classname="tests.unit.test_graphnn_integration.TestGraphNNIntegrationConfig" name="test_default_config_creation" time="0.000" /><testcase classname="tests.unit.test_graphnn_integration.TestGraphNNIntegrationConfig" name="test_custom_config_creation" time="0.000" /><testcase classname="tests.unit.test_graphnn_integration.TestGraphNNLayers" name="test_gcn_layer_creation" time="0.000" /><testcase classname="tests.unit.test_graphnn_integration.TestGraphNNLayers" name="test_gcn_layer_forward" time="0.001" /><testcase classname="tests.unit.test_graphnn_integration.TestGraphNNLayers" name="test_gat_layer_creation" time="0.000" /><testcase classname="tests.unit.test_graphnn_integration.TestGraphNNLayers" name="test_gat_layer_forward" time="0.000" /><testcase classname="tests.unit.test_graphnn_integration.TestGraphNNLayers" name="test_graphsage_layer_creation" time="0.000" /><testcase classname="tests.unit.test_graphnn_integration.TestGraphNNLayers" name="test_graphsage_layer_forward" time="0.000" /><testcase classname="tests.unit.test_graphnn_integration.TestDirectGraphMapper" name="test_direct_mapper_creation_no_projection" time="0.000" /><testcase classname="tests.unit.test_graphnn_integration.TestDirectGraphMapper" name="test_direct_mapper_creation_with_projection" time="0.000" /><testcase classname="tests.unit.test_graphnn_integration.TestDirectGraphMapper" name="test_direct_mapper_map_to_states" time="0.000" /><testcase classname="tests.unit.test_graphnn_integration.TestDirectGraphMapper" name="test_direct_mapper_map_to_states_with_indices" time="0.000" /><testcase classname="tests.unit.test_graphnn_integration.TestDirectGraphMapper" name="test_direct_mapper_map_to_observations" time="0.000" /><testcase classname="tests.unit.test_graphnn_integration.TestDirectGraphMapper" name="test_direct_mapper_map_to_observations_with_projection" time="0.000" /><testcase classname="tests.unit.test_graphnn_integration.TestLearnedGraphMapper" name="test_learned_mapper_creation" time="0.000" /><testcase classname="tests.unit.test_graphnn_integration.TestLearnedGraphMapper" name="test_learned_mapper_map_to_states" time="0.001" /><testcase classname="tests.unit.test_graphnn_integration.TestLearnedGraphMapper" name="test_learned_mapper_map_to_observations" time="0.001" /><testcase classname="tests.unit.test_graphnn_integration.TestLearnedGraphMapper" name="test_learned_mapper_with_node_indices" time="0.001" /><testcase classname="tests.unit.test_graphnn_integration.TestGraphFeatureAggregator" name="test_aggregator_creation_mean" time="0.000" /><testcase classname="tests.unit.test_graphnn_integration.TestGraphFeatureAggregator" name="test_aggregator_creation_attention" time="0.000" /><testcase classname="tests.unit.test_graphnn_integration.TestGraphFeatureAggregator" name="test_aggregate_mean" time="0.000" /><testcase classname="tests.unit.test_graphnn_integration.TestGraphFeatureAggregator" name="test_aggregate_max" time="0.000" /><testcase classname="tests.unit.test_graphnn_integration.TestGraphFeatureAggregator" name="test_aggregate_sum" time="0.000" /><testcase classname="tests.unit.test_graphnn_integration.TestGraphFeatureAggregator" name="test_aggregate_attention" time="0.000" /><testcase classname="tests.unit.test_graphnn_integration.TestGraphFeatureAggregator" name="test_aggregate_single_mean" time="0.000" /><testcase classname="tests.unit.test_graphnn_integration.TestGraphFeatureAggregator" name="test_aggregate_single_max" time="0.000" /><testcase classname="tests.unit.test_graphnn_integration.TestGraphFeatureAggregator" name="test_aggregate_single_sum" time="0.000" /></testsuite></testsuites>