<?xml version="1.0" encoding="utf-8"?><testsuites><testsuite name="pytest" errors="0" failures="0" skipped="0" tests="18" time="2.228" timestamp="2025-07-01T11:22:42.454278" hostname="Matthews-MacBook-Air.local"><testcase classname="tests.unit.test_gnn_parser.TestGMNLexer" name="test_tokenize_simple_object" time="0.001" /><testcase classname="tests.unit.test_gnn_parser.TestGMNLexer" name="test_tokenize_nested_object" time="0.000" /><testcase classname="tests.unit.test_gnn_parser.TestGMNLexer" name="test_tokenize_array" time="0.000" /><testcase classname="tests.unit.test_gnn_parser.TestGMNLexer" name="test_tokenize_comments" time="0.000" /><testcase classname="tests.unit.test_gnn_parser.TestGMNLexer" name="test_invalid_character" time="0.000" /><testcase classname="tests.unit.test_gnn_parser.TestGMNBlockParser" name="test_parse_simple_object" time="0.000" /><testcase classname="tests.unit.test_gnn_parser.TestGMNBlockParser" name="test_parse_numbers" time="0.000" /><testcase classname="tests.unit.test_gnn_parser.TestGMNBlockParser" name="test_parse_booleans" time="0.000" /><testcase classname="tests.unit.test_gnn_parser.TestGMNBlockParser" name="test_parse_nested_objects" time="0.000" /><testcase classname="tests.unit.test_gnn_parser.TestGMNBlockParser" name="test_parse_arrays" time="0.000" /><testcase classname="tests.unit.test_gnn_parser.TestGMNParser" name="test_parse_minimal_gnn" time="0.000" /><testcase classname="tests.unit.test_gnn_parser.TestGMNParser" name="test_parse_complete_gnn" time="0.001" /><testcase classname="tests.unit.test_gnn_parser.TestGMNParser" name="test_parse_metadata_variations" time="0.000" /><testcase classname="tests.unit.test_gnn_parser.TestGMNParser" name="test_missing_required_sections" time="0.000" /><testcase classname="tests.unit.test_gnn_parser.TestGMNParser" name="test_validate_syntax" time="0.000" /><testcase classname="tests.unit.test_gnn_parser.TestGMNParser" name="test_parse_file" time="0.002" /><testcase classname="tests.unit.test_gnn_parser.TestGMNParser" name="test_parse_file_not_found" time="0.000" /><testcase classname="tests.unit.test_gnn_parser.TestGMNParser" name="test_ast_structure" time="0.000" /></testsuite></testsuites>