<?xml version="1.0" encoding="utf-8"?><testsuites><testsuite name="pytest" errors="0" failures="0" skipped="0" tests="5" time="2.001" timestamp="2025-07-01T11:21:37.339926" hostname="Matthews-MacBook-Air.local"><testcase classname="tests.unit.test_agent_data_model.TestPosition" name="test_distance_calculation" time="0.000" /><testcase classname="tests.unit.test_agent_data_model.TestPosition" name="test_position_creation" time="0.000" /><testcase classname="tests.unit.test_agent_data_model.TestPosition" name="test_position_to_array" time="0.000" /><testcase classname="tests.unit.test_agent_data_model.TestOrientation" name="test_orientation_creation" time="0.000" /><testcase classname="tests.unit.test_agent_data_model.TestOrientation" name="test_orientation_to_euler" time="0.000" /></testsuite></testsuites>