<?xml version="1.0" encoding="utf-8"?><testsuites><testsuite name="pytest" errors="0" failures="0" skipped="0" tests="55" time="2.237" timestamp="2025-07-01T11:22:32.761180" hostname="Matthews-MacBook-Air.local"><testcase classname="tests.unit.test_gnn_layers.TestAggregationType" name="test_aggregation_types" time="0.000" /><testcase classname="tests.unit.test_gnn_layers.TestAggregationType" name="test_aggregation_type_iteration" time="0.000" /><testcase classname="tests.unit.test_gnn_layers.TestLayerConfig" name="test_default_config" time="0.000" /><testcase classname="tests.unit.test_gnn_layers.TestLayerConfig" name="test_custom_config" time="0.000" /><testcase classname="tests.unit.test_gnn_layers.TestGCNLayer" name="test_gcn_layer_creation" time="0.018" /><testcase classname="tests.unit.test_gnn_layers.TestGCNLayer" name="test_gcn_layer_custom_params" time="0.001" /><testcase classname="tests.unit.test_gnn_layers.TestGCNLayer" name="test_gcn_layer_forward" time="0.003" /><testcase classname="tests.unit.test_gnn_layers.TestGCNLayer" name="test_gcn_layer_forward_with_edge_weights" time="0.001" /><testcase classname="tests.unit.test_gnn_layers.TestGCNLayer" name="test_gcn_layer_reset_parameters" time="0.000" /><testcase classname="tests.unit.test_gnn_layers.TestGCNLayer" name="test_gcn_layer_properties" time="0.000" /><testcase classname="tests.unit.test_gnn_layers.TestGATLayer" name="test_gat_layer_creation" time="0.026" /><testcase classname="tests.unit.test_gnn_layers.TestGATLayer" name="test_gat_layer_custom_params" time="0.001" /><testcase classname="tests.unit.test_gnn_layers.TestGATLayer" name="test_gat_layer_forward" time="0.002" /><testcase classname="tests.unit.test_gnn_layers.TestGATLayer" name="test_gat_layer_forward_no_concat" time="0.001" /><testcase classname="tests.unit.test_gnn_layers.TestGATLayer" name="test_gat_layer_attention_weights" time="0.001" /><testcase classname="tests.unit.test_gnn_layers.TestSAGELayer" name="test_sage_layer_creation" time="0.014" /><testcase classname="tests.unit.test_gnn_layers.TestSAGELayer" name="test_sage_layer_custom_params" time="0.000" /><testcase classname="tests.unit.test_gnn_layers.TestSAGELayer" name="test_sage_layer_aggr_parameter" time="0.000" /><testcase classname="tests.unit.test_gnn_layers.TestSAGELayer" name="test_sage_layer_forward" time="0.001" /><testcase classname="tests.unit.test_gnn_layers.TestSAGELayer" name="test_sage_layer_reset_parameters" time="0.001" /><testcase classname="tests.unit.test_gnn_layers.TestSAGELayer" name="test_sage_layer_repr" time="0.000" /><testcase classname="tests.unit.test_gnn_layers.TestGINLayer" name="test_gin_layer_creation" time="0.016" /><testcase classname="tests.unit.test_gnn_layers.TestGINLayer" name="test_gin_layer_custom_neural_net" time="0.001" /><testcase classname="tests.unit.test_gnn_layers.TestGINLayer" name="test_gin_layer_forward" time="0.001" /><testcase classname="tests.unit.test_gnn_layers.TestGINLayer" name="test_gin_layer_eps_handling" time="0.001" /><testcase classname="tests.unit.test_gnn_layers.TestGINLayer" name="test_gin_layer_reset_parameters" time="0.001" /><testcase classname="tests.unit.test_gnn_layers.TestGINLayer" name="test_gin_layer_repr" time="0.000" /><testcase classname="tests.unit.test_gnn_layers.TestEdgeConvLayer" name="test_edgeconv_layer_creation" time="0.014" /><testcase classname="tests.unit.test_gnn_layers.TestEdgeConvLayer" name="test_edgeconv_layer_custom_neural_net" time="0.001" /><testcase classname="tests.unit.test_gnn_layers.TestEdgeConvLayer" name="test_edgeconv_layer_forward" time="0.001" /><testcase classname="tests.unit.test_gnn_layers.TestEdgeConvLayer" name="test_edgeconv_layer_reset_parameters" time="0.001" /><testcase classname="tests.unit.test_gnn_layers.TestEdgeConvLayer" name="test_edgeconv_layer_repr" time="0.001" /><testcase classname="tests.unit.test_gnn_layers.TestResGNNLayer" name="test_resgnn_layer_creation" time="0.000" /><testcase classname="tests.unit.test_gnn_layers.TestResGNNLayer" name="test_resgnn_layer_same_channels" time="0.000" /><testcase classname="tests.unit.test_gnn_layers.TestResGNNLayer" name="test_resgnn_layer_forward" time="0.001" /><testcase classname="tests.unit.test_gnn_layers.TestResGNNLayer" name="test_resgnn_layer_repr" time="0.000" /><testcase classname="tests.unit.test_gnn_layers.TestGNNStack" name="test_gnn_stack_gcn" time="0.001" /><testcase classname="tests.unit.test_gnn_layers.TestGNNStack" name="test_gnn_stack_gat" time="0.001" /><testcase classname="tests.unit.test_gnn_layers.TestGNNStack" name="test_gnn_stack_sage" time="0.001" /><testcase classname="tests.unit.test_gnn_layers.TestGNNStack" name="test_gnn_stack_with_residual" time="0.001" /><testcase classname="tests.unit.test_gnn_layers.TestGNNStack" name="test_gnn_stack_forward" time="0.002" /><testcase classname="tests.unit.test_gnn_layers.TestGNNStack" name="test_gnn_stack_unknown_layer_type" time="0.000" /><testcase classname="tests.unit.test_gnn_layers.TestScatterOperations" name="test_scatter_add" time="0.000" /><testcase classname="tests.unit.test_gnn_layers.TestScatterOperations" name="test_scatter_add_with_dim_size" time="0.000" /><testcase classname="tests.unit.test_gnn_layers.TestScatterOperations" name="test_scatter_mean" time="0.000" /><testcase classname="tests.unit.test_gnn_layers.TestScatterOperations" name="test_scatter_max" time="0.003" /><testcase classname="tests.unit.test_gnn_layers.TestScatterOperations" name="test_scatter_empty_index" time="0.000" /><testcase classname="tests.unit.test_gnn_layers.TestGlobalPooling" name="test_global_add_pool" time="0.000" /><testcase classname="tests.unit.test_gnn_layers.TestGlobalPooling" name="test_global_mean_pool" time="0.000" /><testcase classname="tests.unit.test_gnn_layers.TestGlobalPooling" name="test_global_max_pool" time="0.000" /><testcase classname="tests.unit.test_gnn_layers.TestGlobalPooling" name="test_global_pool_single_batch" time="0.000" /><testcase classname="tests.unit.test_gnn_layers.TestGNNLayersIntegration" name="test_mixed_layer_pipeline" time="0.001" /><testcase classname="tests.unit.test_gnn_layers.TestGNNLayersIntegration" name="test_gnn_stack_equivalence" time="0.002" /><testcase classname="tests.unit.test_gnn_layers.TestGNNLayersIntegration" name="test_layer_gradients" time="0.025" /><testcase classname="tests.unit.test_gnn_layers.TestGNNLayersIntegration" name="test_layer_device_consistency" time="0.001" /></testsuite></testsuites>