<?xml version="1.0" encoding="utf-8"?><testsuites><testsuite name="pytest" errors="0" failures="0" skipped="0" tests="13" time="3.114" timestamp="2025-07-01T11:19:29.488846" hostname="Matthews-MacBook-Air.local"><testcase classname="tests.unit.test_gnn_active_inference.TestGNNActiveInferenceAdapter" name="test_adapter_initialization" time="0.001" /><testcase classname="tests.unit.test_gnn_active_inference.TestGNNActiveInferenceAdapter" name="test_update_beliefs_basic" time="0.001" /><testcase classname="tests.unit.test_gnn_active_inference.TestGNNActiveInferenceAdapter" name="test_update_beliefs_with_preferences" time="0.000" /><testcase classname="tests.unit.test_gnn_active_inference.TestGNNActiveInferenceAdapter" name="test_update_beliefs_tensor_shapes" time="0.001" /><testcase classname="tests.unit.test_gnn_active_inference.TestGNNActiveInferenceAdapter" name="test_update_beliefs_error_handling" time="0.001" /><testcase classname="tests.unit.test_gnn_active_inference.TestGNNActiveInferenceAdapter" name="test_update_beliefs_policy_selector_error" time="0.000" /><testcase classname="tests.unit.test_gnn_active_inference.TestGNNActiveInferenceAdapter" name="test_update_beliefs_none_preferences" time="0.000" /><testcase classname="tests.unit.test_gnn_active_inference.TestGNNActiveInferenceAdapter" name="test_update_beliefs_return_type_annotation" time="0.000" /><testcase classname="tests.unit.test_gnn_active_inference.TestGNNActiveInferenceAdapterIntegration" name="test_adapter_with_realistic_components" time="0.001" /><testcase classname="tests.unit.test_gnn_active_inference.TestGNNActiveInferenceAdapterIntegration" name="test_adapter_workflow_multiple_steps" time="0.001" /><testcase classname="tests.unit.test_gnn_active_inference.TestGNNActiveInferenceAdapterIntegration" name="test_adapter_memory_efficiency" time="0.000" /><testcase classname="tests.unit.test_gnn_active_inference.TestGNNActiveInferenceAdapterEdgeCases" name="test_adapter_with_zero_dimensional_tensors" time="0.000" /><testcase classname="tests.unit.test_gnn_active_inference.TestGNNActiveInferenceAdapterEdgeCases" name="test_adapter_with_empty_tensors" time="0.000" /></testsuite></testsuites>