<?xml version="1.0" encoding="utf-8"?><testsuites><testsuite name="pytest" errors="0" failures="0" skipped="0" tests="22" time="1.295" timestamp="2025-07-01T11:19:50.830768" hostname="Matthews-MacBook-Air.local"><testcase classname="tests.unit.test_hierarchical_inference.TestHierarchicalConfig" name="test_default_config" time="0.000" /><testcase classname="tests.unit.test_hierarchical_inference.TestHierarchicalConfig" name="test_custom_config" time="0.000" /><testcase classname="tests.unit.test_hierarchical_inference.TestHierarchicalState" name="test_state_creation" time="0.000" /><testcase classname="tests.unit.test_hierarchical_inference.TestHierarchicalLevel" name="test_initialization" time="0.519" /><testcase classname="tests.unit.test_hierarchical_inference.TestHierarchicalLevel" name="test_initialize_state" time="0.002" /><testcase classname="tests.unit.test_hierarchical_inference.TestHierarchicalLevel" name="test_compute_prediction_error" time="0.002" /><testcase classname="tests.unit.test_hierarchical_inference.TestHierarchicalLevel" name="test_update_beliefs" time="0.002" /><testcase classname="tests.unit.test_hierarchical_inference.TestHierarchicalLevel" name="test_temporal_buffer" time="0.002" /><testcase classname="tests.unit.test_hierarchical_inference.TestHierarchicalInference" name="test_initialization" time="0.009" /><testcase classname="tests.unit.test_hierarchical_inference.TestHierarchicalInference" name="test_system_initialize" time="0.009" /><testcase classname="tests.unit.test_hierarchical_inference.TestHierarchicalInference" name="test_step" time="0.011" /><testcase classname="tests.unit.test_hierarchical_inference.TestHierarchicalInference" name="test_timescale_updates" time="0.011" /><testcase classname="tests.unit.test_hierarchical_inference.TestHierarchicalInference" name="test_hierarchical_free_energy" time="0.009" /><testcase classname="tests.unit.test_hierarchical_inference.TestHierarchicalInference" name="test_get_effective_beliefs" time="0.010" /><testcase classname="tests.unit.test_hierarchical_inference.TestTemporalHierarchicalInference" name="test_initialization" time="0.004" /><testcase classname="tests.unit.test_hierarchical_inference.TestTemporalHierarchicalInference" name="test_predict_future_states" time="0.006" /><testcase classname="tests.unit.test_hierarchical_inference.TestTemporalHierarchicalInference" name="test_hierarchical_planning" time="0.005" /><testcase classname="tests.unit.test_hierarchical_inference.TestTemporalHierarchicalInference" name="test_coarse_to_fine_inference" time="0.005" /><testcase classname="tests.unit.test_hierarchical_inference.TestFactoryFunction" name="test_create_standard_hierarchical" time="0.003" /><testcase classname="tests.unit.test_hierarchical_inference.TestFactoryFunction" name="test_create_temporal_hierarchical" time="0.003" /><testcase classname="tests.unit.test_hierarchical_inference.TestFactoryFunction" name="test_invalid_type" time="0.001" /><testcase classname="tests.unit.test_hierarchical_inference.TestFactoryFunction" name="test_missing_required_params" time="0.000" /></testsuite></testsuites>