<?xml version="1.0" encoding="utf-8"?><testsuites><testsuite name="pytest" errors="0" failures="0" skipped="0" tests="14" time="2.293" timestamp="2025-07-01T11:19:37.929547" hostname="Matthews-MacBook-Air.local"><testcase classname="tests.unit.test_gnn_model.TestGMNModel" name="test_gmn_model_initialization" time="0.000" /><testcase classname="tests.unit.test_gnn_model.TestGMNModel" name="test_gmn_model_attribute_setting" time="0.000" /><testcase classname="tests.unit.test_gnn_model.TestGMNModel" name="test_gmn_model_execute" time="0.000" /><testcase classname="tests.unit.test_gnn_model.TestGMNModel" name="test_gmn_model_with_complex_data" time="0.000" /><testcase classname="tests.unit.test_gnn_model.TestGMNModel" name="test_gmn_model_name_variations" time="0.000" /><testcase classname="tests.unit.test_gnn_model.TestGNNModel" name="test_gnn_model_default_initialization" time="0.000" /><testcase classname="tests.unit.test_gnn_model.TestGNNModel" name="test_gnn_model_with_name" time="0.000" /><testcase classname="tests.unit.test_gnn_model.TestGNNModel" name="test_gnn_model_with_all_parameters" time="0.000" /><testcase classname="tests.unit.test_gnn_model.TestGNNModel" name="test_gnn_model_field_modification" time="0.000" /><testcase classname="tests.unit.test_gnn_model.TestGNNModel" name="test_gnn_model_dataclass_behavior" time="0.000" /><testcase classname="tests.unit.test_gnn_model.TestGNNModel" name="test_gnn_model_copy_semantics" time="0.000" /><testcase classname="tests.unit.test_gnn_model.TestModelIntegration" name="test_model_compatibility" time="0.000" /><testcase classname="tests.unit.test_gnn_model.TestModelIntegration" name="test_model_conversion_workflow" time="0.000" /><testcase classname="tests.unit.test_gnn_model.TestModelIntegration" name="test_model_serialization_compatibility" time="0.000" /></testsuite></testsuites>