<?xml version="1.0" encoding="utf-8"?><testsuites><testsuite name="pytest" errors="0" failures="0" skipped="0" tests="14" time="3.075" timestamp="2025-07-01T11:19:19.192621" hostname="Matthews-MacBook-Air.local"><testcase classname="tests.unit.test_feature_extractor.TestFeatureConfig" name="test_default_config" time="0.000" /><testcase classname="tests.unit.test_feature_extractor.TestFeatureConfig" name="test_custom_config" time="0.000" /><testcase classname="tests.unit.test_feature_extractor.TestNodeFeatureExtractor" name="test_initialization" time="0.000" /><testcase classname="tests.unit.test_feature_extractor.TestNodeFeatureExtractor" name="test_empty_nodes" time="0.000" /><testcase classname="tests.unit.test_feature_extractor.TestNodeFeatureExtractor" name="test_numerical_features" time="0.001" /><testcase classname="tests.unit.test_feature_extractor.TestNodeFeatureExtractor" name="test_spatial_features" time="0.000" /><testcase classname="tests.unit.test_feature_extractor.TestNodeFeatureExtractor" name="test_temporal_features" time="0.001" /><testcase classname="tests.unit.test_feature_extractor.TestNodeFeatureExtractor" name="test_categorical_features" time="0.001" /><testcase classname="tests.unit.test_feature_extractor.TestNodeFeatureExtractor" name="test_embedding_features" time="0.001" /><testcase classname="tests.unit.test_feature_extractor.TestNodeFeatureExtractor" name="test_missing_data_handling" time="0.001" /><testcase classname="tests.unit.test_feature_extractor.TestNodeFeatureExtractor" name="test_multiple_feature_types" time="0.001" /><testcase classname="tests.unit.test_feature_extractor.TestNodeFeatureExtractor" name="test_normalization_methods" time="0.001" /><testcase classname="tests.unit.test_feature_extractor.TestNodeFeatureExtractor" name="test_handle_missing_data_strategies" time="0.001" /><testcase classname="tests.unit.test_feature_extractor.TestNodeFeatureExtractor" name="test_extraction_metadata" time="0.001" /></testsuite></testsuites>