<?xml version="1.0" encoding="utf-8"?><testsuites><testsuite name="pytest" errors="0" failures="0" skipped="0" tests="33" time="2.861" timestamp="2025-07-01T11:19:14.077110" hostname="Matthews-MacBook-Air.local"><testcase classname="tests.unit.test_epistemic_value_engine.TestEpistemicValueType" name="test_enum_values" time="0.000" /><testcase classname="tests.unit.test_epistemic_value_engine.TestEpistemicValueType" name="test_enum_count" time="0.000" /><testcase classname="tests.unit.test_epistemic_value_engine.TestEpistemicState" name="test_epistemic_state_creation" time="0.000" /><testcase classname="tests.unit.test_epistemic_value_engine.TestEpistemicState" name="test_epistemic_state_defaults" time="0.000" /><testcase classname="tests.unit.test_epistemic_value_engine.TestKnowledgePropagationEvent" name="test_propagation_event_creation" time="0.000" /><testcase classname="tests.unit.test_epistemic_value_engine.TestKnowledgePropagationEvent" name="test_propagation_event_defaults" time="0.000" /><testcase classname="tests.unit.test_epistemic_value_engine.TestCollectiveIntelligenceMetrics" name="test_collective_metrics_creation" time="0.000" /><testcase classname="tests.unit.test_epistemic_value_engine.TestEpistemicValueCalculationEngine" name="test_engine_initialization" time="0.000" /><testcase classname="tests.unit.test_epistemic_value_engine.TestEpistemicValueCalculationEngine" name="test_calculate_epistemic_value_basic" time="0.000" /><testcase classname="tests.unit.test_epistemic_value_engine.TestEpistemicValueCalculationEngine" name="test_calculate_epistemic_value_with_prior" time="0.000" /><testcase classname="tests.unit.test_epistemic_value_engine.TestEpistemicValueCalculationEngine" name="test_calculate_knowledge_propagation_basic" time="0.000" /><testcase classname="tests.unit.test_epistemic_value_engine.TestEpistemicValueCalculationEngine" name="test_calculate_knowledge_propagation_different_models" time="0.000" /><testcase classname="tests.unit.test_epistemic_value_engine.TestEpistemicValueCalculationEngine" name="test_calculate_knowledge_propagation_missing_agents" time="0.001" /><testcase classname="tests.unit.test_epistemic_value_engine.TestEpistemicValueCalculationEngine" name="test_calculate_collective_intelligence_metrics_insufficient_agents" time="0.000" /><testcase classname="tests.unit.test_epistemic_value_engine.TestEpistemicValueCalculationEngine" name="test_calculate_collective_intelligence_metrics_multiple_agents" time="0.001" /><testcase classname="tests.unit.test_epistemic_value_engine.TestEpistemicValueCalculationEngine" name="test_private_calculation_methods" time="0.000" /><testcase classname="tests.unit.test_epistemic_value_engine.TestEpistemicValueCalculationEngine" name="test_information_transfer_calculation" time="0.000" /><testcase classname="tests.unit.test_epistemic_value_engine.TestEpistemicValueCalculationEngine" name="test_belief_update_methods" time="0.000" /><testcase classname="tests.unit.test_epistemic_value_engine.TestEpistemicValueCalculationEngine" name="test_propagation_efficiency_calculation" time="0.000" /><testcase classname="tests.unit.test_epistemic_value_engine.TestEpistemicValueCalculationEngine" name="test_network_level_calculations" time="0.000" /><testcase classname="tests.unit.test_epistemic_value_engine.TestEpistemicValueCalculationEngine" name="test_emergence_and_stability_calculations" time="0.001" /><testcase classname="tests.unit.test_epistemic_value_engine.TestEpistemicValueCalculationEngine" name="test_knowledge_distribution_efficiency" time="0.001" /><testcase classname="tests.unit.test_epistemic_value_engine.TestEpistemicValueCalculationEngine" name="test_get_network_analytics" time="0.001" /><testcase classname="tests.unit.test_epistemic_value_engine.TestGlobalEpistemicEngine" name="test_global_instance_exists" time="0.000" /><testcase classname="tests.unit.test_epistemic_value_engine.TestGlobalEpistemicEngine" name="test_global_instance_functionality" time="0.000" /><testcase classname="tests.unit.test_epistemic_value_engine.TestEdgeCases" name="test_zero_probability_handling" time="0.000" /><testcase classname="tests.unit.test_epistemic_value_engine.TestEdgeCases" name="test_single_dimension_beliefs" time="0.000" /><testcase classname="tests.unit.test_epistemic_value_engine.TestEdgeCases" name="test_very_small_values_handling" time="0.000" /><testcase classname="tests.unit.test_epistemic_value_engine.TestEdgeCases" name="test_large_belief_distributions" time="0.001" /><testcase classname="tests.unit.test_epistemic_value_engine.TestEdgeCases" name="test_numerical_stability_calculations" time="0.001" /><testcase classname="tests.unit.test_epistemic_value_engine.TestIntegrationScenarios" name="test_multi_agent_learning_scenario" time="0.001" /><testcase classname="tests.unit.test_epistemic_value_engine.TestIntegrationScenarios" name="test_convergence_scenario" time="0.001" /><testcase classname="tests.unit.test_epistemic_value_engine.TestIntegrationScenarios" name="test_emergence_detection_scenario" time="0.003" /></testsuite></testsuites>