<?xml version="1.0" encoding="utf-8"?><testsuites><testsuite name="pytest" errors="0" failures="0" skipped="0" tests="32" time="1.540" timestamp="2025-07-01T11:18:49.044554" hostname="Matthews-MacBook-Air.local"><testcase classname="tests.unit.test_belief_state.TestBeliefStateConfig" name="test_default_config" time="0.000" /><testcase classname="tests.unit.test_belief_state.TestBeliefStateConfig" name="test_custom_config" time="0.000" /><testcase classname="tests.unit.test_belief_state.TestDiscreteBeliefState" name="test_initialization" time="0.001" /><testcase classname="tests.unit.test_belief_state.TestDiscreteBeliefState" name="test_initialization_with_priors" time="0.000" /><testcase classname="tests.unit.test_belief_state.TestDiscreteBeliefState" name="test_get_set_beliefs" time="0.002" /><testcase classname="tests.unit.test_belief_state.TestDiscreteBeliefState" name="test_bayesian_update" time="0.001" /><testcase classname="tests.unit.test_belief_state.TestDiscreteBeliefState" name="test_linear_update" time="0.000" /><testcase classname="tests.unit.test_belief_state.TestDiscreteBeliefState" name="test_momentum_update" time="0.000" /><testcase classname="tests.unit.test_belief_state.TestDiscreteBeliefState" name="test_entropy_calculation" time="0.000" /><testcase classname="tests.unit.test_belief_state.TestDiscreteBeliefState" name="test_most_likely_state" time="0.000" /><testcase classname="tests.unit.test_belief_state.TestDiscreteBeliefState" name="test_top_k_states" time="0.002" /><testcase classname="tests.unit.test_belief_state.TestDiscreteBeliefState" name="test_sampling" time="0.002" /><testcase classname="tests.unit.test_belief_state.TestDiscreteBeliefState" name="test_temperature_sampling" time="0.001" /><testcase classname="tests.unit.test_belief_state.TestDiscreteBeliefState" name="test_kl_divergence" time="0.000" /><testcase classname="tests.unit.test_belief_state.TestDiscreteBeliefState" name="test_history_tracking" time="0.001" /><testcase classname="tests.unit.test_belief_state.TestDiscreteBeliefState" name="test_reset_to_uniform" time="0.001" /><testcase classname="tests.unit.test_belief_state.TestDiscreteBeliefState" name="test_compression" time="0.002" /><testcase classname="tests.unit.test_belief_state.TestDiscreteBeliefState" name="test_clone" time="0.001" /><testcase classname="tests.unit.test_belief_state.TestDiscreteBeliefState" name="test_serialization" time="0.001" /><testcase classname="tests.unit.test_belief_state.TestDiscreteBeliefState" name="test_file_save_load" time="0.005" /><testcase classname="tests.unit.test_belief_state.TestContinuousBeliefState" name="test_initialization" time="0.008" /><testcase classname="tests.unit.test_belief_state.TestContinuousBeliefState" name="test_initialization_with_parameters" time="0.000" /><testcase classname="tests.unit.test_belief_state.TestContinuousBeliefState" name="test_get_set_beliefs" time="0.000" /><testcase classname="tests.unit.test_belief_state.TestContinuousBeliefState" name="test_gaussian_bayesian_update" time="0.003" /><testcase classname="tests.unit.test_belief_state.TestContinuousBeliefState" name="test_kalman_update" time="0.001" /><testcase classname="tests.unit.test_belief_state.TestContinuousBeliefState" name="test_entropy_calculation" time="0.001" /><testcase classname="tests.unit.test_belief_state.TestContinuousBeliefState" name="test_most_likely_state" time="0.000" /><testcase classname="tests.unit.test_belief_state.TestContinuousBeliefState" name="test_sampling" time="0.273" /><testcase classname="tests.unit.test_belief_state.TestFactoryFunctions" name="test_create_discrete_belief_state" time="0.000" /><testcase classname="tests.unit.test_belief_state.TestFactoryFunctions" name="test_create_continuous_belief_state" time="0.000" /><testcase classname="tests.unit.test_belief_state.TestFactoryFunctions" name="test_create_belief_state_factory" time="0.000" /><testcase classname="tests.unit.test_belief_state.TestBeliefStateIntegration" name="test_discrete_belief_with_inference" time="0.002" /></testsuite></testsuites>