<?xml version="1.0" encoding="utf-8"?><testsuites><testsuite name="pytest" errors="0" failures="0" skipped="1" tests="26" time="1.306" timestamp="2025-07-01T11:18:59.200381" hostname="Matthews-MacBook-Air.local"><testcase classname="tests.unit.test_computational_optimization.TestOptimizationConfig" name="test_default_config" time="0.000" /><testcase classname="tests.unit.test_computational_optimization.TestOptimizationConfig" name="test_custom_config" time="0.000" /><testcase classname="tests.unit.test_computational_optimization.TestSparseOperations" name="test_sparsify_tensor" time="0.004" /><testcase classname="tests.unit.test_computational_optimization.TestSparseOperations" name="test_sparse_matmul" time="0.001" /><testcase classname="tests.unit.test_computational_optimization.TestSparseOperations" name="test_optimize_belief_update" time="0.002" /><testcase classname="tests.unit.test_computational_optimization.TestParallelInference" name="test_parallel_belief_updates" time="0.012" /><testcase classname="tests.unit.test_computational_optimization.TestParallelInference" name="test_parallel_expected_free_energy" time="0.001" /><testcase classname="tests.unit.test_computational_optimization.TestParallelInference" name="test_non_parallel_fallback" time="0.000" /><testcase classname="tests.unit.test_computational_optimization.TestCachedInference" name="test_cache_key_generation" time="0.000" /><testcase classname="tests.unit.test_computational_optimization.TestCachedInference" name="test_cached_belief_update" time="0.000" /><testcase classname="tests.unit.test_computational_optimization.TestCachedInference" name="test_cache_eviction" time="0.001" /><testcase classname="tests.unit.test_computational_optimization.TestCachedInference" name="test_cache_ttl" time="0.203" /><testcase classname="tests.unit.test_computational_optimization.TestCachedInference" name="test_get_cache_stats" time="0.010" /><testcase classname="tests.unit.test_computational_optimization.TestGPUOptimizer" name="test_optimize_tensor_operations" time="0.032" /><testcase classname="tests.unit.test_computational_optimization.TestGPUOptimizer" name="test_mixed_precision_inference" time="0.000"><skipped type="pytest.skip" message="CUDA not available">/Users/matthewmoroney/builds/FreeAgentics/tests/unit/test_computational_optimization.py:224: CUDA not available</skipped></testcase><testcase classname="tests.unit.test_computational_optimization.TestGPUOptimizer" name="test_cuda_graph_creation" time="0.003" /><testcase classname="tests.unit.test_computational_optimization.TestBatchProcessor" name="test_add_request" time="0.004" /><testcase classname="tests.unit.test_computational_optimization.TestBatchProcessor" name="test_batch_processing" time="0.000" /><testcase classname="tests.unit.test_computational_optimization.TestBatchProcessor" name="test_batch_belief_updates" time="0.008" /><testcase classname="tests.unit.test_computational_optimization.TestBatchProcessor" name="test_get_result_timeout" time="0.101" /><testcase classname="tests.unit.test_computational_optimization.TestComputationalOptimizer" name="test_optimized_belief_update" time="0.001" /><testcase classname="tests.unit.test_computational_optimization.TestComputationalOptimizer" name="test_optimized_belief_update_sparse" time="0.007" /><testcase classname="tests.unit.test_computational_optimization.TestComputationalOptimizer" name="test_optimized_action_selection" time="0.002" /><testcase classname="tests.unit.test_computational_optimization.TestComputationalOptimizer" name="test_performance_report" time="0.001" /><testcase classname="tests.unit.test_computational_optimization.TestComputationalOptimizer" name="test_automatic_sparse_detection" time="0.001" /><testcase classname="tests.unit.test_computational_optimization.TestIntegration" name="test_full_inference_cycle" time="0.005" /></testsuite></testsuites>