<?xml version="1.0" encoding="utf-8"?><testsuites><testsuite name="pytest" errors="0" failures="0" skipped="1" tests="33" time="0.972" timestamp="2025-07-01T11:19:27.739014" hostname="Matthews-MacBook-Air.local"><testcase classname="tests.unit.test_generative_model.TestModelDimensions" name="test_default_dimensions" time="0.000" /><testcase classname="tests.unit.test_generative_model.TestModelDimensions" name="test_custom_dimensions" time="0.000" /><testcase classname="tests.unit.test_generative_model.TestModelDimensions" name="test_dimension_edge_cases" time="0.000" /><testcase classname="tests.unit.test_generative_model.TestModelParameters" name="test_default_parameters" time="0.000" /><testcase classname="tests.unit.test_generative_model.TestModelParameters" name="test_custom_parameters" time="0.000" /><testcase classname="tests.unit.test_generative_model.TestGenerativeModel" name="test_abstract_enforcement" time="0.000" /><testcase classname="tests.unit.test_generative_model.TestGenerativeModel" name="test_device_selection" time="0.000" /><testcase classname="tests.unit.test_generative_model.TestGenerativeModel" name="test_gpu_device_selection" time="0.000"><skipped type="pytest.skip" message="CUDA not available">/Users/matthewmoroney/builds/FreeAgentics/tests/unit/test_generative_model.py:135: CUDA not available</skipped></testcase><testcase classname="tests.unit.test_generative_model.TestDiscreteGenerativeModel" name="test_initialization" time="0.002" /><testcase classname="tests.unit.test_generative_model.TestDiscreteGenerativeModel" name="test_observation_model" time="0.002" /><testcase classname="tests.unit.test_generative_model.TestDiscreteGenerativeModel" name="test_transition_model" time="0.001" /><testcase classname="tests.unit.test_generative_model.TestDiscreteGenerativeModel" name="test_preferences" time="0.001" /><testcase classname="tests.unit.test_generative_model.TestDiscreteGenerativeModel" name="test_initial_prior" time="0.002" /><testcase classname="tests.unit.test_generative_model.TestDiscreteGenerativeModel" name="test_probability_normalization" time="0.003" /><testcase classname="tests.unit.test_generative_model.TestContinuousGenerativeModel" name="test_initialization" time="0.001" /><testcase classname="tests.unit.test_generative_model.TestContinuousGenerativeModel" name="test_observation_model" time="0.002" /><testcase classname="tests.unit.test_generative_model.TestContinuousGenerativeModel" name="test_transition_model" time="0.001" /><testcase classname="tests.unit.test_generative_model.TestContinuousGenerativeModel" name="test_neural_network_structure" time="0.001" /><testcase classname="tests.unit.test_generative_model.TestContinuousGenerativeModel" name="test_gradient_flow" time="0.041" /><testcase classname="tests.unit.test_generative_model.TestHierarchicalGenerativeModel" name="test_initialization" time="0.005" /><testcase classname="tests.unit.test_generative_model.TestHierarchicalGenerativeModel" name="test_hierarchical_state_handling" time="0.004" /><testcase classname="tests.unit.test_generative_model.TestHierarchicalGenerativeModel" name="test_top_down_bottom_up_processing" time="0.005" /><testcase classname="tests.unit.test_generative_model.TestFactorizedGenerativeModel" name="test_initialization" time="0.009" /><testcase classname="tests.unit.test_generative_model.TestFactorizedGenerativeModel" name="test_factorized_state_representation" time="0.009" /><testcase classname="tests.unit.test_generative_model.TestFactorizedGenerativeModel" name="test_factor_independence" time="0.009" /><testcase classname="tests.unit.test_generative_model.TestCreateGenerativeModel" name="test_create_discrete_model" time="0.001" /><testcase classname="tests.unit.test_generative_model.TestCreateGenerativeModel" name="test_create_continuous_model" time="0.001" /><testcase classname="tests.unit.test_generative_model.TestCreateGenerativeModel" name="test_create_hierarchical_model" time="0.003" /><testcase classname="tests.unit.test_generative_model.TestCreateGenerativeModel" name="test_create_factorized_model" time="0.005" /><testcase classname="tests.unit.test_generative_model.TestCreateGenerativeModel" name="test_invalid_model_type" time="0.000" /><testcase classname="tests.unit.test_generative_model.TestModelIntegration" name="test_discrete_model_inference_loop" time="0.001" /><testcase classname="tests.unit.test_generative_model.TestModelIntegration" name="test_continuous_model_trajectory" time="0.005" /><testcase classname="tests.unit.test_generative_model.TestModelIntegration" name="test_model_serialization" time="0.002" /></testsuite></testsuites>