<?xml version="1.0" encoding="utf-8"?><testsuites><testsuite name="pytest" errors="0" failures="0" skipped="0" tests="20" time="2.486" timestamp="2025-07-01T11:22:24.387840" hostname="Matthews-MacBook-Air.local"><testcase classname="tests.unit.test_diagnostics.TestDiagnosticConfig" name="test_default_config" time="0.000" /><testcase classname="tests.unit.test_diagnostics.TestDiagnosticConfig" name="test_custom_config" time="0.000" /><testcase classname="tests.unit.test_diagnostics.TestBeliefTracker" name="test_initialization" time="0.000" /><testcase classname="tests.unit.test_diagnostics.TestBeliefTracker" name="test_record_belief" time="0.001" /><testcase classname="tests.unit.test_diagnostics.TestBeliefTracker" name="test_entropy_calculation" time="0.000" /><testcase classname="tests.unit.test_diagnostics.TestBeliefTracker" name="test_plot_belief_evolution" time="0.274" /><testcase classname="tests.unit.test_diagnostics.TestBeliefTracker" name="test_plot_belief_heatmap" time="0.036" /><testcase classname="tests.unit.test_diagnostics.TestBeliefTracker" name="test_get_statistics" time="0.000" /><testcase classname="tests.unit.test_diagnostics.TestFreeEnergyMonitor" name="test_record_vfe" time="0.000" /><testcase classname="tests.unit.test_diagnostics.TestFreeEnergyMonitor" name="test_record_efe" time="0.000" /><testcase classname="tests.unit.test_diagnostics.TestFreeEnergyMonitor" name="test_plot_free_energy_components" time="0.056" /><testcase classname="tests.unit.test_diagnostics.TestGradientAnalyzer" name="test_analyze_gradients" time="0.001" /><testcase classname="tests.unit.test_diagnostics.TestGradientAnalyzer" name="test_gradient_health_check" time="0.001" /><testcase classname="tests.unit.test_diagnostics.TestGradientAnalyzer" name="test_plot_gradient_flow" time="0.049" /><testcase classname="tests.unit.test_diagnostics.TestInferenceVisualizer" name="test_visualize_inference_graph" time="0.041" /><testcase classname="tests.unit.test_diagnostics.TestDiagnosticSuite" name="test_create_belief_tracker" time="0.001" /><testcase classname="tests.unit.test_diagnostics.TestDiagnosticSuite" name="test_log_inference_step" time="0.001" /><testcase classname="tests.unit.test_diagnostics.TestDiagnosticSuite" name="test_generate_report" time="0.001" /><testcase classname="tests.unit.test_diagnostics.TestDiagnosticSuite" name="test_create_summary_plots" time="0.120" /><testcase classname="tests.unit.test_diagnostics.TestDiagnosticSuite" name="test_integration" time="0.117" /></testsuite></testsuites>