<?xml version="1.0" encoding="utf-8"?><testsuites><testsuite name="pytest" errors="0" failures="0" skipped="0" tests="29" time="1.806" timestamp="2025-07-01T11:23:21.141346" hostname="Matthews-MacBook-Air.local"><testcase classname="tests.unit.test_memory.TestMemory" name="test_memory_creation" time="0.000" /><testcase classname="tests.unit.test_memory.TestMemory" name="test_memory_strength_calculation" time="0.000" /><testcase classname="tests.unit.test_memory.TestMemory" name="test_memory_access" time="0.000" /><testcase classname="tests.unit.test_memory.TestPattern" name="test_pattern_creation" time="0.000" /><testcase classname="tests.unit.test_memory.TestPattern" name="test_pattern_update" time="0.000" /><testcase classname="tests.unit.test_memory.TestInMemoryStorage" name="test_store_and_retrieve" time="0.000" /><testcase classname="tests.unit.test_memory.TestInMemoryStorage" name="test_search_by_type" time="0.000" /><testcase classname="tests.unit.test_memory.TestInMemoryStorage" name="test_search_by_importance" time="0.000" /><testcase classname="tests.unit.test_memory.TestInMemoryStorage" name="test_search_by_time_range" time="0.000" /><testcase classname="tests.unit.test_memory.TestInMemoryStorage" name="test_remove_memory" time="0.000" /><testcase classname="tests.unit.test_memory.TestWorkingMemory" name="test_capacity_limit" time="0.000" /><testcase classname="tests.unit.test_memory.TestWorkingMemory" name="test_attention_weights" time="0.000" /><testcase classname="tests.unit.test_memory.TestWorkingMemory" name="test_update_attention" time="0.000" /><testcase classname="tests.unit.test_memory.TestMemoryConsolidator" name="test_consolidation_evaluation" time="0.000" /><testcase classname="tests.unit.test_memory.TestMemoryConsolidator" name="test_memory_grouping" time="0.000" /><testcase classname="tests.unit.test_memory.TestMemoryConsolidator" name="test_abstract_memory_creation" time="0.000" /><testcase classname="tests.unit.test_memory.TestReinforcementLearner" name="test_q_learning" time="0.000" /><testcase classname="tests.unit.test_memory.TestReinforcementLearner" name="test_prediction" time="0.000" /><testcase classname="tests.unit.test_memory.TestPatternRecognizer" name="test_pattern_extraction" time="0.000" /><testcase classname="tests.unit.test_memory.TestPatternRecognizer" name="test_pattern_matching" time="0.000" /><testcase classname="tests.unit.test_memory.TestMemorySystem" name="test_store_and_retrieve_memory" time="0.000" /><testcase classname="tests.unit.test_memory.TestMemorySystem" name="test_store_experience" time="0.000" /><testcase classname="tests.unit.test_memory.TestMemorySystem" name="test_relevant_memory_retrieval" time="0.000" /><testcase classname="tests.unit.test_memory.TestMemorySystem" name="test_memory_consolidation" time="0.000" /><testcase classname="tests.unit.test_memory.TestMemorySystem" name="test_pattern_extraction" time="0.000" /><testcase classname="tests.unit.test_memory.TestMemorySystem" name="test_outcome_prediction" time="0.000" /><testcase classname="tests.unit.test_memory.TestMemorySystem" name="test_memory_forgetting" time="0.000" /><testcase classname="tests.unit.test_memory.TestMemorySystem" name="test_save_and_load" time="0.001" /><testcase classname="tests.unit.test_memory.TestMemorySystem" name="test_memory_summary" time="0.000" /></testsuite></testsuites>