<?xml version="1.0" encoding="utf-8"?><testsuites><testsuite name="pytest" errors="0" failures="0" skipped="0" tests="7" time="0.081" timestamp="2025-07-01T11:23:56.509920" hostname="Matthews-MacBook-Air.local"><testcase classname="tests.unit.test_resource_business_model_simple.TestResourceBusinessModel" name="test_market_operations" time="0.000" /><testcase classname="tests.unit.test_resource_business_model_simple.TestResourceBusinessModel" name="test_market_price_dynamics" time="0.000" /><testcase classname="tests.unit.test_resource_business_model_simple.TestResourceBusinessModel" name="test_resource_business_manager" time="0.000" /><testcase classname="tests.unit.test_resource_business_model_simple.TestResourceBusinessModel" name="test_resource_degradation" time="0.000" /><testcase classname="tests.unit.test_resource_business_model_simple.TestResourceBusinessModel" name="test_resource_inventory" time="0.000" /><testcase classname="tests.unit.test_resource_business_model_simple.TestResourceBusinessModel" name="test_resource_unit_creation" time="0.000" /><testcase classname="tests.unit.test_resource_business_model_simple.TestResourceBusinessModel" name="test_trade_offer_validation" time="0.000" /></testsuite></testsuites>