<?xml version="1.0" encoding="utf-8"?><testsuites><testsuite name="pytest" errors="0" failures="0" skipped="0" tests="22" time="1.878" timestamp="2025-07-01T11:21:56.596492" hostname="Matthews-MacBook-Air.local"><testcase classname="tests.unit.test_agent_test_framework.TestAgentFactory" name="test_create_basic_agent" time="0.000" /><testcase classname="tests.unit.test_agent_test_framework.TestAgentFactory" name="test_create_resource_agent" time="0.000" /><testcase classname="tests.unit.test_agent_test_framework.TestAgentFactory" name="test_create_social_agent" time="0.000" /><testcase classname="tests.unit.test_agent_test_framework.TestSimulationEnvironment" name="test_environment_creation" time="0.000" /><testcase classname="tests.unit.test_agent_test_framework.TestSimulationEnvironment" name="test_add_agent" time="0.000" /><testcase classname="tests.unit.test_agent_test_framework.TestSimulationEnvironment" name="test_add_resource" time="0.000" /><testcase classname="tests.unit.test_agent_test_framework.TestSimulationEnvironment" name="test_add_obstacle" time="0.000" /><testcase classname="tests.unit.test_agent_test_framework.TestSimulationEnvironment" name="test_simulation_step" time="0.000" /><testcase classname="tests.unit.test_agent_test_framework.TestSimulationEnvironment" name="test_get_metrics" time="0.000" /><testcase classname="tests.unit.test_agent_test_framework.TestBehaviorValidator" name="test_validator_creation" time="0.000" /><testcase classname="tests.unit.test_agent_test_framework.TestBehaviorValidator" name="test_movement_validation_success" time="0.000" /><testcase classname="tests.unit.test_agent_test_framework.TestBehaviorValidator" name="test_movement_validation_failure" time="0.000" /><testcase classname="tests.unit.test_agent_test_framework.TestBehaviorValidator" name="test_unknown_behavior_type" time="0.000" /><testcase classname="tests.unit.test_agent_test_framework.TestPerformanceBenchmark" name="test_benchmark_creation" time="0.000" /><testcase classname="tests.unit.test_agent_test_framework.TestPerformanceBenchmark" name="test_measure_operation" time="0.013" /><testcase classname="tests.unit.test_agent_test_framework.TestPerformanceBenchmark" name="test_get_statistics" time="0.007" /><testcase classname="tests.unit.test_agent_test_framework.TestPerformanceBenchmark" name="test_get_report" time="0.000" /><testcase classname="tests.unit.test_agent_test_framework.TestTestOrchestrator" name="test_orchestrator_creation" time="0.000" /><testcase classname="tests.unit.test_agent_test_framework.TestTestOrchestrator" name="test_add_scenario" time="0.000" /><testcase classname="tests.unit.test_agent_test_framework.TestTestOrchestrator" name="test_run_scenario" time="0.001" /><testcase classname="tests.unit.test_agent_test_framework.TestTestOrchestrator" name="test_generate_report" time="0.000" /><testcase classname="tests.unit.test_agent_test_framework.TestPredefinedScenarios" name="test_create_basic_test_scenarios" time="0.000" /></testsuite></testsuites>