<?xml version="1.0" encoding="utf-8"?><testsuites><testsuite name="pytest" errors="1" failures="0" skipped="0" tests="1" time="2.014" timestamp="2025-07-01T11:23:57.133646" hostname="Matthews-MacBook-Air.local"><testcase classname="" name="tests.unit.test_safety_compliance_verifier" time="0.000"><error message="collection failure">ImportError while importing test module '/Users/matthewmoroney/builds/FreeAgentics/tests/unit/test_safety_compliance_verifier.py'.
Hint: make sure your test modules/packages have valid Python names.
Traceback:
venv/lib/python3.13/site-packages/_pytest/python.py:617: in _importtestmodule
    mod = import_path(self.path, mode=importmode, root=self.config.rootpath)
venv/lib/python3.13/site-packages/_pytest/pathlib.py:567: in import_path
    importlib.import_module(module_name)
/Library/Frameworks/Python.framework/Versions/3.13/lib/python3.13/importlib/__init__.py:88: in import_module
    return _bootstrap._gcd_import(name[level:], package, level)
&lt;frozen importlib._bootstrap&gt;:1387: in _gcd_import
    ???
&lt;frozen importlib._bootstrap&gt;:1360: in _find_and_load
    ???
&lt;frozen importlib._bootstrap&gt;:1331: in _find_and_load_unlocked
    ???
&lt;frozen importlib._bootstrap&gt;:935: in _load_unlocked
    ???
venv/lib/python3.13/site-packages/_pytest/assertion/rewrite.py:186: in exec_module
    exec(co, module.__dict__)
tests/unit/test_safety_compliance_verifier.py:18: in &lt;module&gt;
    from coalitions.readiness.safety_compliance_verifier import (
coalitions/readiness/safety_compliance_verifier.py:25: in &lt;module&gt;
    from infrastructure.safety.boundary_monitoring_service import (
infrastructure/safety/boundary_monitoring_service.py:30: in &lt;module&gt;
    from infrastructure.safety.markov_blanket_verification import (
infrastructure/safety/markov_blanket_verification.py:29: in &lt;module&gt;
    from agents.base.markov_blanket import (
E   ImportError: cannot import name 'IMarkovBlanketInterface' from 'agents.base.markov_blanket' (/Users/matthewmoroney/builds/FreeAgentics/agents/base/markov_blanket.py)</error></testcase></testsuite></testsuites>