<?xml version="1.0" encoding="utf-8"?><testsuites><testsuite name="pytest" errors="0" failures="2" skipped="0" tests="35" time="1.275" timestamp="2025-07-01T11:24:16.758965" hostname="Matthews-MacBook-Air.local"><testcase classname="tests.unit.test_temporal_planning.TestPlanningConfig" name="test_default_config" time="0.000" /><testcase classname="tests.unit.test_temporal_planning.TestPlanningConfig" name="test_custom_config" time="0.000" /><testcase classname="tests.unit.test_temporal_planning.TestTreeNode" name="test_node_creation" time="0.006" /><testcase classname="tests.unit.test_temporal_planning.TestTreeNode" name="test_node_relationships" time="0.000" /><testcase classname="tests.unit.test_temporal_planning.TestTreeNode" name="test_node_properties" time="0.000" /><testcase classname="tests.unit.test_temporal_planning.TestTreeNode" name="test_best_child_selection" time="0.000" /><testcase classname="tests.unit.test_temporal_planning.TestTreeNode" name="test_node_hashing" time="0.002" /><testcase classname="tests.unit.test_temporal_planning.TestMonteCarloTreeSearch" name="test_mcts_planning" time="0.047" /><testcase classname="tests.unit.test_temporal_planning.TestMonteCarloTreeSearch" name="test_tree_expansion" time="0.001" /><testcase classname="tests.unit.test_temporal_planning.TestMonteCarloTreeSearch" name="test_simulation_rollout" time="0.001" /><testcase classname="tests.unit.test_temporal_planning.TestMonteCarloTreeSearch" name="test_backpropagation" time="0.001" /><testcase classname="tests.unit.test_temporal_planning.TestMonteCarloTreeSearch" name="test_policy_extraction" time="0.001"><failure message="AttributeError: 'int' object has no attribute 'item'">tests/unit/test_temporal_planning.py:217: in test_policy_extraction
    assert policy[0].item() == 1  # child1 has more visits
E   AttributeError: 'int' object has no attribute 'item'</failure></testcase><testcase classname="tests.unit.test_temporal_planning.TestMonteCarloTreeSearch" name="test_node_limit" time="0.002" /><testcase classname="tests.unit.test_temporal_planning.TestBeamSearchPlanner" name="test_beam_search_planning" time="0.002" /><testcase classname="tests.unit.test_temporal_planning.TestBeamSearchPlanner" name="test_beam_pruning" time="0.002" /><testcase classname="tests.unit.test_temporal_planning.TestBeamSearchPlanner" name="test_early_convergence" time="0.004" /><testcase classname="tests.unit.test_temporal_planning.TestAStarPlanner" name="test_astar_planning" time="0.003" /><testcase classname="tests.unit.test_temporal_planning.TestAStarPlanner" name="test_heuristic_function" time="0.001" /><testcase classname="tests.unit.test_temporal_planning.TestAStarPlanner" name="test_belief_hashing" time="0.001" /><testcase classname="tests.unit.test_temporal_planning.TestAStarPlanner" name="test_node_expansion_limit" time="0.002" /><testcase classname="tests.unit.test_temporal_planning.TestTrajectorySampling" name="test_trajectory_sampling" time="0.016" /><testcase classname="tests.unit.test_temporal_planning.TestTrajectorySampling" name="test_single_trajectory" time="0.002" /><testcase classname="tests.unit.test_temporal_planning.TestTrajectorySampling" name="test_trajectory_evaluation" time="0.001" /><testcase classname="tests.unit.test_temporal_planning.TestTrajectorySampling" name="test_multiple_trajectories" time="0.051" /><testcase classname="tests.unit.test_temporal_planning.TestAdaptiveHorizonPlanner" name="test_adaptive_planning" time="0.002" /><testcase classname="tests.unit.test_temporal_planning.TestAdaptiveHorizonPlanner" name="test_uncertainty_measurement" time="0.001"><failure message="assert 1.0985126495361328 &lt;= 1">tests/unit/test_temporal_planning.py:434: in test_uncertainty_measurement
    assert 0 &lt;= high_u &lt;= 1
E   assert 1.0985126495361328 &lt;= 1</failure></testcase><testcase classname="tests.unit.test_temporal_planning.TestAdaptiveHorizonPlanner" name="test_horizon_adaptation" time="0.004" /><testcase classname="tests.unit.test_temporal_planning.TestTemporalPlannerFactory" name="test_create_mcts_planner" time="0.000" /><testcase classname="tests.unit.test_temporal_planning.TestTemporalPlannerFactory" name="test_create_beam_planner" time="0.000" /><testcase classname="tests.unit.test_temporal_planning.TestTemporalPlannerFactory" name="test_create_astar_planner" time="0.000" /><testcase classname="tests.unit.test_temporal_planning.TestTemporalPlannerFactory" name="test_create_sampling_planner" time="0.000" /><testcase classname="tests.unit.test_temporal_planning.TestTemporalPlannerFactory" name="test_create_adaptive_planner" time="0.000" /><testcase classname="tests.unit.test_temporal_planning.TestTemporalPlannerFactory" name="test_invalid_planner_type" time="0.000" /><testcase classname="tests.unit.test_temporal_planning.TestTemporalPlannerFactory" name="test_missing_components" time="0.000" /><testcase classname="tests.unit.test_temporal_planning.TestTemporalPlannerFactory" name="test_custom_config" time="0.000" /></testsuite></testsuites>