<?xml version="1.0" encoding="utf-8"?><testsuites><testsuite name="pytest" errors="0" failures="0" skipped="0" tests="6" time="1.419" timestamp="2025-07-01T11:23:47.277033" hostname="Matthews-MacBook-Air.local"><testcase classname="tests.unit.test_precision_optimizer.TestGradientPrecisionOptimizer" name="test_initialization" time="0.539" /><testcase classname="tests.unit.test_precision_optimizer.TestGradientPrecisionOptimizer" name="test_optimize_precision" time="0.004" /><testcase classname="tests.unit.test_precision_optimizer.TestGradientPrecisionOptimizer" name="test_bounds_enforcement" time="0.005" /><testcase classname="tests.unit.test_precision_optimizer.TestGradientPrecisionOptimizer" name="test_volatility_estimation" time="0.001" /><testcase classname="tests.unit.test_precision_optimizer.TestGradientPrecisionOptimizer" name="test_batch_processing" time="0.001" /><testcase classname="tests.unit.test_precision_optimizer.TestGradientPrecisionOptimizer" name="test_gradient_clipping" time="0.000" /></testsuite></testsuites>