<?xml version="1.0" encoding="utf-8"?><testsuites><testsuite name="pytest" errors="0" failures="0" skipped="0" tests="59" time="0.226" timestamp="2025-07-01T11:22:34.041502" hostname="Matthews-MacBook-Air.local"><testcase classname="tests.unit.test_fallback_mechanisms.TestFallbackLevel" name="test_enum_values" time="0.000" /><testcase classname="tests.unit.test_fallback_mechanisms.TestFallbackLevel" name="test_enum_count" time="0.000" /><testcase classname="tests.unit.test_fallback_mechanisms.TestFallbackLevel" name="test_enum_ordering" time="0.000" /><testcase classname="tests.unit.test_fallback_mechanisms.TestResourceConstraints" name="test_resource_constraints_creation" time="0.000" /><testcase classname="tests.unit.test_fallback_mechanisms.TestResourceConstraints" name="test_resource_constraints_defaults" time="0.000" /><testcase classname="tests.unit.test_fallback_mechanisms.TestFallbackResponse" name="test_fallback_response_creation" time="0.000" /><testcase classname="tests.unit.test_fallback_mechanisms.TestFallbackResponse" name="test_fallback_response_defaults" time="0.000" /><testcase classname="tests.unit.test_fallback_mechanisms.TestResponseCache" name="test_cache_initialization" time="0.002" /><testcase classname="tests.unit.test_fallback_mechanisms.TestResponseCache" name="test_database_initialization" time="0.005" /><testcase classname="tests.unit.test_fallback_mechanisms.TestResponseCache" name="test_generate_key" time="0.002" /><testcase classname="tests.unit.test_fallback_mechanisms.TestResponseCache" name="test_compress_decompress_response" time="0.002" /><testcase classname="tests.unit.test_fallback_mechanisms.TestResponseCache" name="test_put_and_get_exact_match" time="0.002" /><testcase classname="tests.unit.test_fallback_mechanisms.TestResponseCache" name="test_get_cache_miss" time="0.003" /><testcase classname="tests.unit.test_fallback_mechanisms.TestResponseCache" name="test_memory_cache_lru_eviction" time="0.004" /><testcase classname="tests.unit.test_fallback_mechanisms.TestResponseCache" name="test_get_stats" time="0.007" /><testcase classname="tests.unit.test_fallback_mechanisms.TestTemplateEngine" name="test_template_engine_initialization" time="0.000" /><testcase classname="tests.unit.test_fallback_mechanisms.TestTemplateEngine" name="test_default_templates_content" time="0.000" /><testcase classname="tests.unit.test_fallback_mechanisms.TestTemplateEngine" name="test_generate_greeting" time="0.000" /><testcase classname="tests.unit.test_fallback_mechanisms.TestTemplateEngine" name="test_generate_with_variables" time="0.000" /><testcase classname="tests.unit.test_fallback_mechanisms.TestTemplateEngine" name="test_generate_invalid_intent" time="0.000" /><testcase classname="tests.unit.test_fallback_mechanisms.TestTemplateEngine" name="test_generate_missing_variables" time="0.001" /><testcase classname="tests.unit.test_fallback_mechanisms.TestTemplateEngine" name="test_load_custom_templates" time="0.001" /><testcase classname="tests.unit.test_fallback_mechanisms.TestRuleBasedResponder" name="test_rule_based_responder_initialization" time="0.000" /><testcase classname="tests.unit.test_fallback_mechanisms.TestRuleBasedResponder" name="test_greeting_rule" time="0.000" /><testcase classname="tests.unit.test_fallback_mechanisms.TestRuleBasedResponder" name="test_resource_query_rule" time="0.000" /><testcase classname="tests.unit.test_fallback_mechanisms.TestRuleBasedResponder" name="test_resource_query_no_resources" time="0.000" /><testcase classname="tests.unit.test_fallback_mechanisms.TestRuleBasedResponder" name="test_movement_rule" time="0.000" /><testcase classname="tests.unit.test_fallback_mechanisms.TestRuleBasedResponder" name="test_no_matching_rule" time="0.000" /><testcase classname="tests.unit.test_fallback_mechanisms.TestPrecomputedResponses" name="test_precomputed_responses_initialization" time="0.000" /><testcase classname="tests.unit.test_fallback_mechanisms.TestPrecomputedResponses" name="test_default_responses_structure" time="0.000" /><testcase classname="tests.unit.test_fallback_mechanisms.TestPrecomputedResponses" name="test_find_best_match_exploration" time="0.000" /><testcase classname="tests.unit.test_fallback_mechanisms.TestPrecomputedResponses" name="test_find_best_match_combat" time="0.000" /><testcase classname="tests.unit.test_fallback_mechanisms.TestPrecomputedResponses" name="test_find_best_match_no_category" time="0.000" /><testcase classname="tests.unit.test_fallback_mechanisms.TestPrecomputedResponses" name="test_find_best_match_low_score" time="0.000" /><testcase classname="tests.unit.test_fallback_mechanisms.TestPrecomputedResponses" name="test_calculate_context_similarity" time="0.000" /><testcase classname="tests.unit.test_fallback_mechanisms.TestPrecomputedResponses" name="test_load_custom_responses" time="0.004" /><testcase classname="tests.unit.test_fallback_mechanisms.TestFallbackManager" name="test_fallback_manager_initialization" time="0.002" /><testcase classname="tests.unit.test_fallback_mechanisms.TestFallbackManager" name="test_determine_fallback_level_memory_based" time="0.002" /><testcase classname="tests.unit.test_fallback_mechanisms.TestFallbackManager" name="test_determine_fallback_level_cpu_based" time="0.002" /><testcase classname="tests.unit.test_fallback_mechanisms.TestFallbackManager" name="test_determine_fallback_level_battery_based" time="0.002" /><testcase classname="tests.unit.test_fallback_mechanisms.TestFallbackManager" name="test_determine_fallback_level_network_based" time="0.003" /><testcase classname="tests.unit.test_fallback_mechanisms.TestFallbackManager" name="test_detect_intent" time="0.002" /><testcase classname="tests.unit.test_fallback_mechanisms.TestFallbackManager" name="test_detect_category" time="0.002" /><testcase classname="tests.unit.test_fallback_mechanisms.TestFallbackManager" name="test_generate_template_response" time="0.002" /><testcase classname="tests.unit.test_fallback_mechanisms.TestFallbackManager" name="test_generate_precomputed_response" time="0.002" /><testcase classname="tests.unit.test_fallback_mechanisms.TestFallbackManager" name="test_generate_rule_based_response" time="0.002" /><testcase classname="tests.unit.test_fallback_mechanisms.TestFallbackManager" name="test_generate_random_response" time="0.002" /><testcase classname="tests.unit.test_fallback_mechanisms.TestFallbackManager" name="test_generate_response_with_cache_hit" time="0.002" /><testcase classname="tests.unit.test_fallback_mechanisms.TestFallbackManager" name="test_generate_response_full_workflow" time="0.002" /><testcase classname="tests.unit.test_fallback_mechanisms.TestFallbackManager" name="test_record_performance" time="0.002" /><testcase classname="tests.unit.test_fallback_mechanisms.TestFallbackManager" name="test_performance_history_bounded" time="0.001" /><testcase classname="tests.unit.test_fallback_mechanisms.TestFallbackManager" name="test_get_performance_stats" time="0.002" /><testcase classname="tests.unit.test_fallback_mechanisms.TestFallbackManager" name="test_get_performance_stats_empty" time="0.004" /><testcase classname="tests.unit.test_fallback_mechanisms.TestIntegrationScenarios" name="test_low_resource_scenario" time="0.002" /><testcase classname="tests.unit.test_fallback_mechanisms.TestIntegrationScenarios" name="test_medium_resource_scenario" time="0.002" /><testcase classname="tests.unit.test_fallback_mechanisms.TestIntegrationScenarios" name="test_high_resource_scenario" time="0.002" /><testcase classname="tests.unit.test_fallback_mechanisms.TestIntegrationScenarios" name="test_caching_across_multiple_requests" time="0.002" /><testcase classname="tests.unit.test_fallback_mechanisms.TestIntegrationScenarios" name="test_progressive_degradation" time="0.002" /><testcase classname="tests.unit.test_fallback_mechanisms.TestIntegrationScenarios" name="test_performance_monitoring" time="0.003" /></testsuite></testsuites>