<?xml version="1.0" encoding="utf-8"?><testsuites><testsuite name="pytest" errors="0" failures="0" skipped="0" tests="14" time="10.524" timestamp="2025-07-01T11:24:05.420343" hostname="Matthews-MacBook-Air.local"><testcase classname="tests.unit.test_technical_readiness_validator.TestReadinessLevel" name="test_all_readiness_levels_defined" time="0.000" /><testcase classname="tests.unit.test_technical_readiness_validator.TestReadinessLevel" name="test_readiness_level_values" time="0.000" /><testcase classname="tests.unit.test_technical_readiness_validator.TestEdgePlatform" name="test_all_edge_platforms_defined" time="0.000" /><testcase classname="tests.unit.test_technical_readiness_validator.TestEdgePlatform" name="test_edge_platform_values" time="0.000" /><testcase classname="tests.unit.test_technical_readiness_validator.TestEdgePerformanceBenchmarker" name="test_benchmarker_initialization" time="0.000" /><testcase classname="tests.unit.test_technical_readiness_validator.TestEdgePerformanceBenchmarker" name="test_benchmark_agent_startup_time" time="0.403" /><testcase classname="tests.unit.test_technical_readiness_validator.TestEdgePerformanceBenchmarker" name="test_benchmark_memory_footprint" time="0.015" /><testcase classname="tests.unit.test_technical_readiness_validator.TestEdgePerformanceBenchmarker" name="test_benchmark_inference_latency" time="0.025" /><testcase classname="tests.unit.test_technical_readiness_validator.TestEdgePerformanceBenchmarker" name="test_run_benchmarks_basic" time="5.020" /><testcase classname="tests.unit.test_technical_readiness_validator.TestTechnicalReadinessValidator" name="test_validator_initialization" time="0.000" /><testcase classname="tests.unit.test_technical_readiness_validator.TestTechnicalReadinessValidator" name="test_platform_requirements_raspberry_pi" time="0.000" /><testcase classname="tests.unit.test_technical_readiness_validator.TestTechnicalReadinessValidator" name="test_platform_requirements_intel_nuc" time="0.000" /><testcase classname="tests.unit.test_technical_readiness_validator.TestTechnicalReadinessValidator" name="test_determine_target_platform_intel_nuc" time="0.000" /><testcase classname="tests.unit.test_technical_readiness_validator.TestTechnicalReadinessValidator" name="test_assess_technical_readiness_basic" time="4.945" /></testsuite></testsuites>