<?xml version="1.0" encoding="utf-8"?><testsuites><testsuite name="pytest" errors="0" failures="1" skipped="0" tests="25" time="4.955" timestamp="2025-07-01T11:23:39.070945" hostname="Matthews-MacBook-Air.local"><testcase classname="tests.unit.test_performance_optimizer.TestOptimizationConfig" name="test_custom_config" time="0.000" /><testcase classname="tests.unit.test_performance_optimizer.TestOptimizationConfig" name="test_default_config" time="0.000" /><testcase classname="tests.unit.test_performance_optimizer.TestMemoryOptimizer" name="test_memory_optimizer_init" time="0.000" /><testcase classname="tests.unit.test_performance_optimizer.TestMemoryOptimizer" name="test_optimize_model" time="0.001" /><testcase classname="tests.unit.test_performance_optimizer.TestMemoryOptimizer" name="test_optimize_batch_processing" time="0.000"><failure message="assert 32 &lt; 32">tests/unit/test_performance_optimizer.py:104: in test_optimize_batch_processing
    assert optimized_batch &lt; 32
E   assert 32 &lt; 32</failure></testcase><testcase classname="tests.unit.test_performance_optimizer.TestMemoryOptimizer" name="test_clear_cache" time="0.094" /><testcase classname="tests.unit.test_performance_optimizer.TestHardwareAccelerator" name="test_device_detection_cpu" time="0.000" /><testcase classname="tests.unit.test_performance_optimizer.TestHardwareAccelerator" name="test_device_detection_single_gpu" time="0.000" /><testcase classname="tests.unit.test_performance_optimizer.TestHardwareAccelerator" name="test_accelerate_forward_cpu" time="0.000" /><testcase classname="tests.unit.test_performance_optimizer.TestHardwareAccelerator" name="test_accelerate_backward" time="0.032" /><testcase classname="tests.unit.test_performance_optimizer.TestGraphCache" name="test_cache_operations" time="0.001" /><testcase classname="tests.unit.test_performance_optimizer.TestGraphCache" name="test_cache_eviction" time="0.002" /><testcase classname="tests.unit.test_performance_optimizer.TestGraphCache" name="test_cache_stats" time="0.001" /><testcase classname="tests.unit.test_performance_optimizer.TestParallelProcessor" name="test_create_data_loader" time="0.000" /><testcase classname="tests.unit.test_performance_optimizer.TestParallelProcessor" name="test_parallel_feature_extraction" time="2.651" /><testcase classname="tests.unit.test_performance_optimizer.TestParallelProcessor" name="test_parallel_processor_init" time="0.001" /><testcase classname="tests.unit.test_performance_optimizer.TestPerformanceProfiler" name="test_get_bottlenecks" time="0.001" /><testcase classname="tests.unit.test_performance_optimizer.TestPerformanceProfiler" name="test_profile_operation" time="0.013" /><testcase classname="tests.unit.test_performance_optimizer.TestPerformanceProfiler" name="test_profiler_init" time="0.000" /><testcase classname="tests.unit.test_performance_optimizer.TestPerformanceOptimizer" name="test_optimizer_init" time="0.000" /><testcase classname="tests.unit.test_performance_optimizer.TestPerformanceOptimizer" name="test_optimize_model" time="0.022" /><testcase classname="tests.unit.test_performance_optimizer.TestPerformanceOptimizer" name="test_optimize_batch_size" time="0.000" /><testcase classname="tests.unit.test_performance_optimizer.TestPerformanceOptimizer" name="test_get_optimization_stats" time="0.000" /><testcase classname="tests.unit.test_performance_optimizer.TestOptimizationDecorators" name="test_optimize_for_inference_decorator" time="0.001" /><testcase classname="tests.unit.test_performance_optimizer.TestOptimizationDecorators" name="test_cache_result_decorator" time="0.000" /></testsuite></testsuites>