<?xml version="1.0" encoding="utf-8"?><testsuites><testsuite name="pytest" errors="0" failures="0" skipped="0" tests="22" time="1.693" timestamp="2025-07-01T11:23:31.274473" hostname="Matthews-MacBook-Air.local"><testcase classname="tests.unit.test_movement.TestMovementConstraints" name="test_default_constraints" time="0.000" /><testcase classname="tests.unit.test_movement.TestMovementConstraints" name="test_terrain_speeds" time="0.000" /><testcase classname="tests.unit.test_movement.TestCollisionSystem" name="test_collision_normal" time="0.000" /><testcase classname="tests.unit.test_movement.TestCollisionSystem" name="test_dynamic_obstacle_collision" time="0.000" /><testcase classname="tests.unit.test_movement.TestCollisionSystem" name="test_static_obstacle_collision" time="0.000" /><testcase classname="tests.unit.test_movement.TestPathfindingGrid" name="test_coordinate_conversion" time="0.000" /><testcase classname="tests.unit.test_movement.TestPathfindingGrid" name="test_neighbor_finding" time="0.000" /><testcase classname="tests.unit.test_movement.TestPathfindingGrid" name="test_no_path_exists" time="0.001" /><testcase classname="tests.unit.test_movement.TestPathfindingGrid" name="test_pathfinding_simple" time="0.000" /><testcase classname="tests.unit.test_movement.TestPathfindingGrid" name="test_pathfinding_with_obstacles" time="0.000" /><testcase classname="tests.unit.test_movement.TestMovementController" name="test_agent_registration" time="0.000" /><testcase classname="tests.unit.test_movement.TestMovementController" name="test_apply_force" time="0.000" /><testcase classname="tests.unit.test_movement.TestMovementController" name="test_jump" time="0.000" /><testcase classname="tests.unit.test_movement.TestMovementController" name="test_movement_info" time="0.000" /><testcase classname="tests.unit.test_movement.TestMovementController" name="test_movement_modes" time="0.000" /><testcase classname="tests.unit.test_movement.TestMovementController" name="test_movement_update" time="0.000" /><testcase classname="tests.unit.test_movement.TestMovementController" name="test_set_destination" time="0.000" /><testcase classname="tests.unit.test_movement.TestSteeringBehaviors" name="test_arrive_behavior" time="0.000" /><testcase classname="tests.unit.test_movement.TestSteeringBehaviors" name="test_flee_behavior" time="0.000" /><testcase classname="tests.unit.test_movement.TestSteeringBehaviors" name="test_seek_behavior" time="0.000" /><testcase classname="tests.unit.test_movement.TestSteeringBehaviors" name="test_separate_behavior" time="0.000" /><testcase classname="tests.unit.test_movement.TestSteeringBehaviors" name="test_wander_behavior" time="0.000" /></testsuite></testsuites>