<?xml version="1.0" encoding="utf-8"?><testsuites><testsuite name="pytest" errors="0" failures="7" skipped="0" tests="94" time="1.855" timestamp="2025-07-01T11:24:00.085927" hostname="Matthews-MacBook-Air.local"><testcase classname="tests.unit.test_simulation_engine.TestSimulationConfig" name="test_simulation_config_creation" time="0.000" /><testcase classname="tests.unit.test_simulation_engine.TestSimulationConfig" name="test_simulation_config_custom" time="0.000" /><testcase classname="tests.unit.test_simulation_engine.TestSystemHealth" name="test_system_health_creation" time="0.000" /><testcase classname="tests.unit.test_simulation_engine.TestSystemHealth" name="test_system_health_defaults" time="0.000" /><testcase classname="tests.unit.test_simulation_engine.TestEcosystemMetrics" name="test_ecosystem_metrics_creation" time="0.000" /><testcase classname="tests.unit.test_simulation_engine.TestSocialNetwork" name="test_social_network_creation" time="0.000" /><testcase classname="tests.unit.test_simulation_engine.TestSocialNetwork" name="test_social_network_getters" time="0.000" /><testcase classname="tests.unit.test_simulation_engine.TestActiveInferenceAgent" name="test_agent_creation_basic" time="0.000" /><testcase classname="tests.unit.test_simulation_engine.TestActiveInferenceAgent" name="test_agent_creation_different_classes" time="0.001" /><testcase classname="tests.unit.test_simulation_engine.TestActiveInferenceAgent" name="test_agent_pymdp_initialization_explorer" time="0.001" /><testcase classname="tests.unit.test_simulation_engine.TestActiveInferenceAgent" name="test_agent_pymdp_initialization_different_classes" time="0.001" /><testcase classname="tests.unit.test_simulation_engine.TestActiveInferenceAgent" name="test_agent_pymdp_initialization_failure" time="0.000" /><testcase classname="tests.unit.test_simulation_engine.TestActiveInferenceAgent" name="test_agent_update_basic" time="0.006" /><testcase classname="tests.unit.test_simulation_engine.TestActiveInferenceAgent" name="test_agent_update_dead_agent" time="0.001" /><testcase classname="tests.unit.test_simulation_engine.TestActiveInferenceAgent" name="test_agent_update_with_pymdp" time="0.001" /><testcase classname="tests.unit.test_simulation_engine.TestActiveInferenceAgent" name="test_agent_get_observation_explorer" time="0.000" /><testcase classname="tests.unit.test_simulation_engine.TestActiveInferenceAgent" name="test_agent_get_observation_merchant" time="0.000" /><testcase classname="tests.unit.test_simulation_engine.TestActiveInferenceAgent" name="test_agent_get_observation_scholar" time="0.000" /><testcase classname="tests.unit.test_simulation_engine.TestActiveInferenceAgent" name="test_agent_get_observation_guardian" time="0.000" /><testcase classname="tests.unit.test_simulation_engine.TestActiveInferenceAgent" name="test_agent_get_observation_error" time="0.000" /><testcase classname="tests.unit.test_simulation_engine.TestActiveInferenceAgent" name="test_agent_execute_action" time="0.000" /><testcase classname="tests.unit.test_simulation_engine.TestActiveInferenceAgent" name="test_agent_performance_metrics" time="0.000" /><testcase classname="tests.unit.test_simulation_engine.TestActiveInferenceAgent" name="test_agent_performance_metrics_no_goals" time="0.000" /><testcase classname="tests.unit.test_simulation_engine.TestSimulationEngineInitialization" name="test_simulation_engine_creation_default" time="0.000" /><testcase classname="tests.unit.test_simulation_engine.TestSimulationEngineInitialization" name="test_simulation_engine_creation_with_config" time="0.000" /><testcase classname="tests.unit.test_simulation_engine.TestSimulationEngineInitialization" name="test_simulation_engine_creation_nested_simulation_config" time="0.000" /><testcase classname="tests.unit.test_simulation_engine.TestSimulationEngineInitialization" name="test_simulation_engine_creation_with_simulation_config_object" time="0.000" /><testcase classname="tests.unit.test_simulation_engine.TestSimulationEngineInitialization" name="test_simulation_engine_initialize" time="0.002" /><testcase classname="tests.unit.test_simulation_engine.TestSimulationEngineInitialization" name="test_simulation_engine_initialize_no_dependencies" time="0.002" /><testcase classname="tests.unit.test_simulation_engine.TestSimulationEngineInitialization" name="test_simulation_engine_initialize_error_handling" time="0.000" /><testcase classname="tests.unit.test_simulation_engine.TestSimulationEngineInitialization" name="test_create_agents_default_distribution" time="0.002" /><testcase classname="tests.unit.test_simulation_engine.TestSimulationEngineInitialization" name="test_create_agents_custom_distribution" time="0.001" /><testcase classname="tests.unit.test_simulation_engine.TestSimulationEngineInitialization" name="test_create_agents_zero_distribution" time="0.001" /><testcase classname="tests.unit.test_simulation_engine.TestSimulationEngineInitialization" name="test_create_agents_partial_count" time="0.001" /><testcase classname="tests.unit.test_simulation_engine.TestSimulationEngineExecution" name="test_simulation_start" time="0.006" /><testcase classname="tests.unit.test_simulation_engine.TestSimulationEngineExecution" name="test_simulation_stop" time="0.003" /><testcase classname="tests.unit.test_simulation_engine.TestSimulationEngineExecution" name="test_simulation_step_basic" time="0.082" /><testcase classname="tests.unit.test_simulation_engine.TestSimulationEngineExecution" name="test_simulation_step_not_running" time="0.005" /><testcase classname="tests.unit.test_simulation_engine.TestSimulationEngineExecution" name="test_simulation_step_with_agents" time="0.005" /><testcase classname="tests.unit.test_simulation_engine.TestSimulationEngineExecution" name="test_simulation_step_with_failed_agents" time="0.005" /><testcase classname="tests.unit.test_simulation_engine.TestSimulationEngineExecution" name="test_simulation_step_agent_update_error" time="0.051" /><testcase classname="tests.unit.test_simulation_engine.TestSimulationEngineExecution" name="test_simulation_step_error_handling" time="0.005" /><testcase classname="tests.unit.test_simulation_engine.TestSimulationEngineWorldAndMessages" name="test_async_world_update_no_world" time="0.000" /><testcase classname="tests.unit.test_simulation_engine.TestSimulationEngineWorldAndMessages" name="test_async_world_update_with_world" time="0.000" /><testcase classname="tests.unit.test_simulation_engine.TestSimulationEngineWorldAndMessages" name="test_process_messages_no_system" time="0.000" /><testcase classname="tests.unit.test_simulation_engine.TestSimulationEngineWorldAndMessages" name="test_process_messages_with_system_no_agents" time="0.000" /><testcase classname="tests.unit.test_simulation_engine.TestSimulationEngineWorldAndMessages" name="test_process_messages_with_agents" time="0.004" /><testcase classname="tests.unit.test_simulation_engine.TestSimulationEngineSocialNetworks" name="test_update_social_networks_no_agents" time="0.000" /><testcase classname="tests.unit.test_simulation_engine.TestSimulationEngineSocialNetworks" name="test_update_social_networks_trade_relationships" time="0.001"><failure message="TypeError: '&lt;' not supported between instances of 'MagicMock' and 'float'">tests/unit/test_simulation_engine.py:729: in test_update_social_networks_trade_relationships
    engine.initialize()
world/simulation/engine.py:320: in initialize
    self.world = H3World(
world/h3_world.py:123: in __init__
    self._generate_world()
world/h3_world.py:138: in _generate_world
    cell = self._generate_cell(hex_id, ring_num)
world/h3_world.py:160: in _generate_cell
    terrain = self._calculate_terrain(elevation, biome)
world/h3_world.py:221: in _calculate_terrain
    elif biome == Biome.JUNGLE and np.random.random() &lt; 0.3:
E   TypeError: '&lt;' not supported between instances of 'MagicMock' and 'float'</failure></testcase><testcase classname="tests.unit.test_simulation_engine.TestSimulationEngineSocialNetworks" name="test_update_social_networks_knowledge_sharing" time="0.001"><failure message="TypeError: '&lt;' not supported between instances of 'MagicMock' and 'float'">tests/unit/test_simulation_engine.py:752: in test_update_social_networks_knowledge_sharing
    engine.initialize()
world/simulation/engine.py:320: in initialize
    self.world = H3World(
world/h3_world.py:123: in __init__
    self._generate_world()
world/h3_world.py:138: in _generate_world
    cell = self._generate_cell(hex_id, ring_num)
world/h3_world.py:160: in _generate_cell
    terrain = self._calculate_terrain(elevation, biome)
world/h3_world.py:221: in _calculate_terrain
    elif biome == Biome.JUNGLE and np.random.random() &lt; 0.3:
E   TypeError: '&lt;' not supported between instances of 'MagicMock' and 'float'</failure></testcase><testcase classname="tests.unit.test_simulation_engine.TestSimulationEngineSocialNetworks" name="test_update_social_networks_protection_alliances" time="0.001"><failure message="TypeError: '&lt;' not supported between instances of 'MagicMock' and 'float'">tests/unit/test_simulation_engine.py:782: in test_update_social_networks_protection_alliances
    engine.initialize()
world/simulation/engine.py:320: in initialize
    self.world = H3World(
world/h3_world.py:123: in __init__
    self._generate_world()
world/h3_world.py:138: in _generate_world
    cell = self._generate_cell(hex_id, ring_num)
world/h3_world.py:160: in _generate_cell
    terrain = self._calculate_terrain(elevation, biome)
world/h3_world.py:221: in _calculate_terrain
    elif biome == Biome.JUNGLE and np.random.random() &lt; 0.3:
E   TypeError: '&lt;' not supported between instances of 'MagicMock' and 'float'</failure></testcase><testcase classname="tests.unit.test_simulation_engine.TestSimulationEngineSocialNetworks" name="test_update_social_networks_trade_events" time="0.001"><failure message="TypeError: '&lt;' not supported between instances of 'MagicMock' and 'float'">tests/unit/test_simulation_engine.py:812: in test_update_social_networks_trade_events
    engine.initialize()
world/simulation/engine.py:320: in initialize
    self.world = H3World(
world/h3_world.py:123: in __init__
    self._generate_world()
world/h3_world.py:138: in _generate_world
    cell = self._generate_cell(hex_id, ring_num)
world/h3_world.py:160: in _generate_cell
    terrain = self._calculate_terrain(elevation, biome)
world/h3_world.py:221: in _calculate_terrain
    elif biome == Biome.JUNGLE and np.random.random() &lt; 0.3:
E   TypeError: '&lt;' not supported between instances of 'MagicMock' and 'float'</failure></testcase><testcase classname="tests.unit.test_simulation_engine.TestSimulationEngineSocialNetworks" name="test_update_social_networks_resource_sharing" time="0.001"><failure message="TypeError: '&lt;' not supported between instances of 'MagicMock' and 'float'">tests/unit/test_simulation_engine.py:838: in test_update_social_networks_resource_sharing
    engine.initialize()
world/simulation/engine.py:320: in initialize
    self.world = H3World(
world/h3_world.py:123: in __init__
    self._generate_world()
world/h3_world.py:138: in _generate_world
    cell = self._generate_cell(hex_id, ring_num)
world/h3_world.py:160: in _generate_cell
    terrain = self._calculate_terrain(elevation, biome)
world/h3_world.py:221: in _calculate_terrain
    elif biome == Biome.JUNGLE and np.random.random() &lt; 0.3:
E   TypeError: '&lt;' not supported between instances of 'MagicMock' and 'float'</failure></testcase><testcase classname="tests.unit.test_simulation_engine.TestSimulationEngineSocialNetworks" name="test_record_cycle_events" time="0.000"><failure message="assert 0 == 1&#10; +  where 0 = len([])">tests/unit/test_simulation_engine.py:876: in test_record_cycle_events
    assert len(trade_events) == 1
E   assert 0 == 1
E    +  where 0 = len([])</failure></testcase><testcase classname="tests.unit.test_simulation_engine.TestSimulationEngineSocialNetworks" name="test_record_communication" time="0.000" /><testcase classname="tests.unit.test_simulation_engine.TestSimulationEngineSystemHealth" name="test_get_system_health_no_agents" time="0.000" /><testcase classname="tests.unit.test_simulation_engine.TestSimulationEngineSystemHealth" name="test_get_system_health_with_agents" time="0.003" /><testcase classname="tests.unit.test_simulation_engine.TestSimulationEngineSystemHealth" name="test_get_system_health_with_failed_agents" time="0.003" /><testcase classname="tests.unit.test_simulation_engine.TestSimulationEngineSystemHealth" name="test_get_system_health_high_memory" time="0.000" /><testcase classname="tests.unit.test_simulation_engine.TestSimulationEngineSystemHealth" name="test_get_system_health_slow_cycle" time="0.000" /><testcase classname="tests.unit.test_simulation_engine.TestSimulationEngineEcosystemMetrics" name="test_get_ecosystem_metrics_no_agents" time="0.000" /><testcase classname="tests.unit.test_simulation_engine.TestSimulationEngineEcosystemMetrics" name="test_get_ecosystem_metrics_with_agents" time="0.003" /><testcase classname="tests.unit.test_simulation_engine.TestSimulationEngineEcosystemMetrics" name="test_get_ecosystem_metrics_wealth_distribution" time="0.003" /><testcase classname="tests.unit.test_simulation_engine.TestSimulationEngineEcosystemMetrics" name="test_get_ecosystem_metrics_behavior_entropy" time="0.003" /><testcase classname="tests.unit.test_simulation_engine.TestSimulationEngineEcosystemMetrics" name="test_get_ecosystem_metrics_trades_counting" time="0.000"><failure message="assert 0 &gt;= 2">tests/unit/test_simulation_engine.py:1060: in test_get_ecosystem_metrics_trades_counting
    assert metrics["trades_this_cycle"] &gt;= 2
E   assert 0 &gt;= 2</failure></testcase><testcase classname="tests.unit.test_simulation_engine.TestSimulationEngineSocialNetworkAnalysis" name="test_get_social_network_no_agents" time="0.000" /><testcase classname="tests.unit.test_simulation_engine.TestSimulationEngineSocialNetworkAnalysis" name="test_get_social_network_with_relationships" time="0.003" /><testcase classname="tests.unit.test_simulation_engine.TestSimulationEngineSocialNetworkAnalysis" name="test_get_social_network_centrality_calculation" time="0.003" /><testcase classname="tests.unit.test_simulation_engine.TestSimulationEngineSocialNetworkAnalysis" name="test_get_social_network_trade_clusters" time="0.003" /><testcase classname="tests.unit.test_simulation_engine.TestSimulationEngineExportCapabilities" name="test_export_agent_basic" time="0.006" /><testcase classname="tests.unit.test_simulation_engine.TestSimulationEngineExportCapabilities" name="test_export_agent_with_config" time="0.006" /><testcase classname="tests.unit.test_simulation_engine.TestSimulationEngineExportCapabilities" name="test_export_agent_nonexistent" time="0.000" /><testcase classname="tests.unit.test_simulation_engine.TestSimulationEngineExportCapabilities" name="test_export_deployment_basic" time="0.026" /><testcase classname="tests.unit.test_simulation_engine.TestSimulationEngineExportCapabilities" name="test_export_deployment_with_agents" time="0.027" /><testcase classname="tests.unit.test_simulation_engine.TestSimulationEngineExportCapabilities" name="test_export_deployment_config_structure" time="0.029" /><testcase classname="tests.unit.test_simulation_engine.TestSimulationEngineFaultTolerance" name="test_simulate_agent_failure" time="0.003" /><testcase classname="tests.unit.test_simulation_engine.TestSimulationEngineFaultTolerance" name="test_simulate_agent_failure_nonexistent" time="0.000" /><testcase classname="tests.unit.test_simulation_engine.TestSimulationEngineFaultTolerance" name="test_simulate_communication_failure" time="0.000" /><testcase classname="tests.unit.test_simulation_engine.TestSimulationEngineFaultTolerance" name="test_simulate_resource_depletion" time="0.000" /><testcase classname="tests.unit.test_simulation_engine.TestSimulationEngineFaultTolerance" name="test_survival_rate_calculation" time="0.003" /><testcase classname="tests.unit.test_simulation_engine.TestSimulationEngineFaultTolerance" name="test_is_healthy_calculation" time="0.003" /><testcase classname="tests.unit.test_simulation_engine.TestSimulationEngineFaultTolerance" name="test_get_communication_health" time="0.000" /><testcase classname="tests.unit.test_simulation_engine.TestSimulationEngineFaultTolerance" name="test_environmental_adaptation" time="0.003" /><testcase classname="tests.unit.test_simulation_engine.TestSimulationEngineUtilityMethods" name="test_get_agents" time="0.003" /><testcase classname="tests.unit.test_simulation_engine.TestSimulationEngineUtilityMethods" name="test_get_agent" time="0.003" /><testcase classname="tests.unit.test_simulation_engine.TestSimulationEngineUtilityMethods" name="test_get_agent_count" time="0.003" /><testcase classname="tests.unit.test_simulation_engine.TestSimulationEngineUtilityMethods" name="test_get_alive_agent_count" time="0.003" /><testcase classname="tests.unit.test_simulation_engine.TestSimulationEngineUtilityMethods" name="test_get_statistics" time="0.003" /><testcase classname="tests.unit.test_simulation_engine.TestSimulationEngineUtilityMethods" name="test_get_event_history" time="0.000" /><testcase classname="tests.unit.test_simulation_engine.TestSimulationEngineUtilityMethods" name="test_get_events_this_cycle" time="0.000" /><testcase classname="tests.unit.test_simulation_engine.TestSimulationEngineUtilityMethods" name="test_get_state_snapshot" time="0.003" /><testcase classname="tests.unit.test_simulation_engine.TestSimulationEngineUtilityMethods" name="test_get_average_agent_performance" time="0.003" /><testcase classname="tests.unit.test_simulation_engine.TestSimulationEngineUtilityMethods" name="test_get_adaptation_metrics" time="0.003" /><testcase classname="tests.unit.test_simulation_engine.TestSimulationEngineUtilityMethods" name="test_get_message_system_stats" time="0.000" /></testsuite></testsuites>