<?xml version="1.0" encoding="utf-8"?><testsuites><testsuite name="pytest" errors="0" failures="0" skipped="0" tests="32" time="1.819" timestamp="2025-07-01T11:22:21.513395" hostname="Matthews-MacBook-Air.local"><testcase classname="tests.unit.test_decision_making.TestAction" name="test_action_creation" time="0.000" /><testcase classname="tests.unit.test_decision_making.TestAction" name="test_action_hash" time="0.000" /><testcase classname="tests.unit.test_decision_making.TestDecisionContext" name="test_get_perceived_threats" time="0.000" /><testcase classname="tests.unit.test_decision_making.TestDecisionContext" name="test_get_perceived_agents" time="0.000" /><testcase classname="tests.unit.test_decision_making.TestDecisionContext" name="test_get_perceived_resources" time="0.000" /><testcase classname="tests.unit.test_decision_making.TestUtilityFunctions" name="test_safety_utility" time="0.000" /><testcase classname="tests.unit.test_decision_making.TestUtilityFunctions" name="test_goal_utility" time="0.000" /><testcase classname="tests.unit.test_decision_making.TestUtilityFunctions" name="test_resource_utility" time="0.000" /><testcase classname="tests.unit.test_decision_making.TestUtilityFunctions" name="test_social_utility" time="0.000" /><testcase classname="tests.unit.test_decision_making.TestDecisionMaker" name="test_utility_based_decision" time="0.000" /><testcase classname="tests.unit.test_decision_making.TestDecisionMaker" name="test_goal_oriented_decision" time="0.000" /><testcase classname="tests.unit.test_decision_making.TestDecisionMaker" name="test_reactive_decision" time="0.000" /><testcase classname="tests.unit.test_decision_making.TestDecisionMaker" name="test_hybrid_decision" time="0.000" /><testcase classname="tests.unit.test_decision_making.TestDecisionMaker" name="test_active_inference_decision" time="0.000" /><testcase classname="tests.unit.test_decision_making.TestBehaviorTree" name="test_sequence_node" time="0.000" /><testcase classname="tests.unit.test_decision_making.TestBehaviorTree" name="test_selector_node" time="0.000" /><testcase classname="tests.unit.test_decision_making.TestBehaviorTree" name="test_condition_node" time="0.000" /><testcase classname="tests.unit.test_decision_making.TestBehaviorTree" name="test_behavior_tree_execution" time="0.000" /><testcase classname="tests.unit.test_decision_making.TestActionGenerator" name="test_generate_movement_actions" time="0.000" /><testcase classname="tests.unit.test_decision_making.TestActionGenerator" name="test_generate_interaction_actions" time="0.000" /><testcase classname="tests.unit.test_decision_making.TestActionGenerator" name="test_generate_communication_actions" time="0.000" /><testcase classname="tests.unit.test_decision_making.TestActionGenerator" name="test_generate_resource_actions" time="0.000" /><testcase classname="tests.unit.test_decision_making.TestActionGenerator" name="test_capability_based_generation" time="0.000" /><testcase classname="tests.unit.test_decision_making.TestDecisionSystem" name="test_register_agent" time="0.001" /><testcase classname="tests.unit.test_decision_making.TestDecisionSystem" name="test_make_decision" time="0.001" /><testcase classname="tests.unit.test_decision_making.TestDecisionSystem" name="test_execute_action_move" time="0.001" /><testcase classname="tests.unit.test_decision_making.TestDecisionSystem" name="test_execute_action_wait" time="0.001" /><testcase classname="tests.unit.test_decision_making.TestDecisionSystem" name="test_execute_action_flee" time="0.001" /><testcase classname="tests.unit.test_decision_making.TestDecisionSystem" name="test_execute_action_with_effects" time="0.001" /><testcase classname="tests.unit.test_decision_making.TestDecisionSystem" name="test_execute_action_insufficient_energy" time="0.001" /><testcase classname="tests.unit.test_decision_making.TestDecisionSystem" name="test_set_decision_strategy" time="0.000" /><testcase classname="tests.unit.test_decision_making.TestDecisionSystem" name="test_time_pressure_calculation" time="0.000" /></testsuite></testsuites>