<?xml version="1.0" encoding="utf-8"?><testsuites><testsuite name="pytest" errors="0" failures="0" skipped="0" tests="22" time="1.823" timestamp="2025-07-01T11:21:53.904055" hostname="Matthews-MacBook-Air.local"><testcase classname="tests.unit.test_agent_factory.TestAgentFactory" name="test_factory_initialization" time="0.000" /><testcase classname="tests.unit.test_agent_factory.TestAgentFactory" name="test_register_custom_agent_type" time="0.000" /><testcase classname="tests.unit.test_agent_factory.TestAgentFactory" name="test_register_type_with_config" time="0.000" /><testcase classname="tests.unit.test_agent_factory.TestAgentFactory" name="test_create_basic_agent" time="0.001" /><testcase classname="tests.unit.test_agent_factory.TestAgentFactory" name="test_create_agent_with_custom_config" time="0.001" /><testcase classname="tests.unit.test_agent_factory.TestAgentFactory" name="test_create_agent_unknown_type" time="0.000" /><testcase classname="tests.unit.test_agent_factory.TestAgentFactory" name="test_list_available_types" time="0.000" /><testcase classname="tests.unit.test_agent_factory.TestAgentFactory" name="test_get_default_config" time="0.000" /><testcase classname="tests.unit.test_agent_factory.TestAgentFactory" name="test_get_default_config_unknown_type" time="0.000" /><testcase classname="tests.unit.test_agent_factory.TestAgentRegistry" name="test_registry_initialization" time="0.001" /><testcase classname="tests.unit.test_agent_factory.TestAgentRegistry" name="test_register_agent" time="0.001" /><testcase classname="tests.unit.test_agent_factory.TestAgentRegistry" name="test_register_duplicate_agent" time="0.001" /><testcase classname="tests.unit.test_agent_factory.TestAgentRegistry" name="test_unregister_agent" time="0.001" /><testcase classname="tests.unit.test_agent_factory.TestAgentRegistry" name="test_unregister_nonexistent_agent" time="0.001" /><testcase classname="tests.unit.test_agent_factory.TestAgentRegistry" name="test_get_agent" time="0.001" /><testcase classname="tests.unit.test_agent_factory.TestAgentRegistry" name="test_get_agents_by_type" time="0.001" /><testcase classname="tests.unit.test_agent_factory.TestAgentRegistry" name="test_list_all_agents" time="0.001" /><testcase classname="tests.unit.test_agent_factory.TestAgentRegistry" name="test_get_agent_count" time="0.001" /><testcase classname="tests.unit.test_agent_factory.TestAgentRegistry" name="test_get_agent_count_by_type" time="0.001" /><testcase classname="tests.unit.test_agent_factory.TestAgentRegistry" name="test_event_handler_registration" time="0.001" /><testcase classname="tests.unit.test_agent_factory.TestAgentRegistry" name="test_event_handler_notification" time="0.001" /><testcase classname="tests.unit.test_agent_factory.TestAgentFactoryIntegration" name="test_factory_registry_integration" time="0.001" /></testsuite></testsuites>