<?xml version="1.0" encoding="utf-8"?><testsuites><testsuite name="pytest" errors="0" failures="0" skipped="0" tests="59" time="2.139" timestamp="2025-07-01T11:24:23.016456" hostname="Matthews-MacBook-Air.local"><testcase classname="tests.unit.test_world_integration.TestActionType" name="test_action_type_values" time="0.000" /><testcase classname="tests.unit.test_world_integration.TestActionType" name="test_action_type_completeness" time="0.000" /><testcase classname="tests.unit.test_world_integration.TestEventType" name="test_event_type_values" time="0.000" /><testcase classname="tests.unit.test_world_integration.TestEventType" name="test_event_type_completeness" time="0.000" /><testcase classname="tests.unit.test_world_integration.TestWorldEvent" name="test_world_event_creation" time="0.000" /><testcase classname="tests.unit.test_world_integration.TestWorldEvent" name="test_world_event_with_affected_agents" time="0.000" /><testcase classname="tests.unit.test_world_integration.TestWorldEvent" name="test_world_event_defaults" time="0.000" /><testcase classname="tests.unit.test_world_integration.TestWorldEvent" name="test_world_event_timestamp_timezone" time="0.000" /><testcase classname="tests.unit.test_world_integration.TestPerception" name="test_perception_creation" time="0.000" /><testcase classname="tests.unit.test_world_integration.TestPerception" name="test_perception_empty_collections" time="0.000" /><testcase classname="tests.unit.test_world_integration.TestActionResult" name="test_action_result_success" time="0.000" /><testcase classname="tests.unit.test_world_integration.TestActionResult" name="test_action_result_failure" time="0.000" /><testcase classname="tests.unit.test_world_integration.TestActionResult" name="test_action_result_defaults" time="0.000" /><testcase classname="tests.unit.test_world_integration.TestWorldEventSystem" name="test_initialization" time="0.000" /><testcase classname="tests.unit.test_world_integration.TestWorldEventSystem" name="test_subscribe_to_events" time="0.000" /><testcase classname="tests.unit.test_world_integration.TestWorldEventSystem" name="test_unsubscribe_from_events" time="0.000" /><testcase classname="tests.unit.test_world_integration.TestWorldEventSystem" name="test_unsubscribe_nonexistent_agent" time="0.000" /><testcase classname="tests.unit.test_world_integration.TestWorldEventSystem" name="test_publish_event_no_subscribers" time="0.000" /><testcase classname="tests.unit.test_world_integration.TestWorldEventSystem" name="test_publish_event_with_subscribers" time="0.000" /><testcase classname="tests.unit.test_world_integration.TestWorldEventSystem" name="test_publish_event_with_affected_agents" time="0.000" /><testcase classname="tests.unit.test_world_integration.TestWorldEventSystem" name="test_publish_event_callback_exception" time="0.000" /><testcase classname="tests.unit.test_world_integration.TestWorldEventSystem" name="test_event_history_management" time="0.000" /><testcase classname="tests.unit.test_world_integration.TestWorldEventSystem" name="test_get_recent_events" time="0.000" /><testcase classname="tests.unit.test_world_integration.TestWorldEventSystem" name="test_get_recent_events_different_location" time="0.000" /><testcase classname="tests.unit.test_world_integration.TestWorldEventSystem" name="test_get_recent_events_empty_history" time="0.000" /><testcase classname="tests.unit.test_world_integration.TestAgentWorldManager" name="test_initialization" time="0.000" /><testcase classname="tests.unit.test_world_integration.TestAgentWorldManager" name="test_place_agent_success" time="0.001" /><testcase classname="tests.unit.test_world_integration.TestAgentWorldManager" name="test_place_agent_invalid_location" time="0.000" /><testcase classname="tests.unit.test_world_integration.TestAgentWorldManager" name="test_place_agent_move_existing" time="0.000" /><testcase classname="tests.unit.test_world_integration.TestAgentWorldManager" name="test_remove_agent" time="0.000" /><testcase classname="tests.unit.test_world_integration.TestAgentWorldManager" name="test_remove_nonexistent_agent" time="0.000" /><testcase classname="tests.unit.test_world_integration.TestAgentWorldManager" name="test_perceive_environment_success" time="0.000" /><testcase classname="tests.unit.test_world_integration.TestAgentWorldManager" name="test_perceive_environment_agent_not_found" time="0.000" /><testcase classname="tests.unit.test_world_integration.TestAgentWorldManager" name="test_perceive_environment_invalid_cell" time="0.000" /><testcase classname="tests.unit.test_world_integration.TestAgentWorldManager" name="test_get_available_actions_basic" time="0.000" /><testcase classname="tests.unit.test_world_integration.TestAgentWorldManager" name="test_get_available_actions_with_resources" time="0.000" /><testcase classname="tests.unit.test_world_integration.TestAgentWorldManager" name="test_get_available_actions_no_agent" time="0.000" /><testcase classname="tests.unit.test_world_integration.TestAgentWorldManager" name="test_perform_action_agent_not_found" time="0.000" /><testcase classname="tests.unit.test_world_integration.TestAgentWorldManager" name="test_perform_action_insufficient_energy" time="0.000" /><testcase classname="tests.unit.test_world_integration.TestAgentWorldManager" name="test_perform_move_action_success" time="0.000" /><testcase classname="tests.unit.test_world_integration.TestAgentWorldManager" name="test_perform_move_action_no_target" time="0.000" /><testcase classname="tests.unit.test_world_integration.TestAgentWorldManager" name="test_perform_move_action_invalid_target" time="0.000" /><testcase classname="tests.unit.test_world_integration.TestAgentWorldManager" name="test_perform_harvest_action_success" time="0.000" /><testcase classname="tests.unit.test_world_integration.TestAgentWorldManager" name="test_perform_harvest_action_no_resource_type" time="0.000" /><testcase classname="tests.unit.test_world_integration.TestAgentWorldManager" name="test_perform_harvest_action_resource_not_available" time="0.000" /><testcase classname="tests.unit.test_world_integration.TestAgentWorldManager" name="test_perform_harvest_action_resource_depleted" time="0.000" /><testcase classname="tests.unit.test_world_integration.TestAgentWorldManager" name="test_perform_observe_action" time="0.000" /><testcase classname="tests.unit.test_world_integration.TestAgentWorldManager" name="test_perform_communicate_action" time="0.000" /><testcase classname="tests.unit.test_world_integration.TestAgentWorldManager" name="test_perform_build_action_success" time="0.000" /><testcase classname="tests.unit.test_world_integration.TestAgentWorldManager" name="test_perform_build_action_structure_exists" time="0.000" /><testcase classname="tests.unit.test_world_integration.TestAgentWorldManager" name="test_perform_unsupported_action" time="0.000" /><testcase classname="tests.unit.test_world_integration.TestAgentWorldManager" name="test_calculate_action_cost_basic" time="0.000" /><testcase classname="tests.unit.test_world_integration.TestAgentWorldManager" name="test_calculate_action_cost_with_terrain" time="0.000" /><testcase classname="tests.unit.test_world_integration.TestAgentWorldManager" name="test_get_agent_energy" time="0.000" /><testcase classname="tests.unit.test_world_integration.TestAgentWorldManager" name="test_restore_agent_energy" time="0.000" /><testcase classname="tests.unit.test_world_integration.TestAgentWorldManager" name="test_get_agent_resources" time="0.000" /><testcase classname="tests.unit.test_world_integration.TestAgentWorldManager" name="test_get_world_state_summary" time="0.000" /><testcase classname="tests.unit.test_world_integration.TestAgentWorldManager" name="test_perform_deposit_action_success" time="0.000" /><testcase classname="tests.unit.test_world_integration.TestAgentWorldManager" name="test_perform_deposit_action_insufficient_resources" time="0.000" /></testsuite></testsuites>