<?xml version="1.0" encoding="utf-8"?><testsuites><testsuite name="pytest" errors="0" failures="0" skipped="0" tests="38" time="0.712" timestamp="2025-07-01T11:23:55.081127" hostname="Matthews-MacBook-Air.local"><testcase classname="tests.unit.test_pymdp_policy_selector.TestPyMDPPolicySelector" name="test_initialization" time="0.011" /><testcase classname="tests.unit.test_pymdp_policy_selector.TestPyMDPPolicySelector" name="test_enumerate_policies_with_num_policies" time="0.001" /><testcase classname="tests.unit.test_pymdp_policy_selector.TestPyMDPPolicySelector" name="test_enumerate_policies_single_action" time="0.000" /><testcase classname="tests.unit.test_pymdp_policy_selector.TestPyMDPPolicySelector" name="test_enumerate_policies_multi_action" time="0.000" /><testcase classname="tests.unit.test_pymdp_policy_selector.TestPyMDPPolicySelector" name="test_select_policy_deterministic" time="0.001" /><testcase classname="tests.unit.test_pymdp_policy_selector.TestPyMDPPolicySelector" name="test_select_policy_stochastic" time="0.001" /><testcase classname="tests.unit.test_pymdp_policy_selector.TestPyMDPPolicySelector" name="test_select_policy_with_preferences" time="0.000" /><testcase classname="tests.unit.test_pymdp_policy_selector.TestPyMDPPolicySelector" name="test_compute_expected_free_energy_standard_policy" time="0.000" /><testcase classname="tests.unit.test_pymdp_policy_selector.TestPyMDPPolicySelector" name="test_compute_expected_free_energy_with_preferences" time="0.000" /><testcase classname="tests.unit.test_pymdp_policy_selector.TestPyMDPPolicySelector" name="test_compute_expected_free_energy_invalid_policy" time="0.000" /><testcase classname="tests.unit.test_pymdp_policy_selector.TestPyMDPPolicySelector" name="test_compute_expected_free_energy_pymdp_fallback" time="0.000" /><testcase classname="tests.unit.test_pymdp_policy_selector.TestPyMDPPolicySelector" name="test_compute_expected_free_energy_complete_fallback" time="0.000" /><testcase classname="tests.unit.test_pymdp_policy_selector.TestPyMDPPolicySelector" name="test_numpy_tensor_conversion" time="0.000" /><testcase classname="tests.unit.test_pymdp_policy_selector.TestPyMDPPolicyAdapter" name="test_initialization_with_none" time="0.000" /><testcase classname="tests.unit.test_pymdp_policy_selector.TestPyMDPPolicyAdapter" name="test_initialization_with_discrete_model" time="0.000" /><testcase classname="tests.unit.test_pymdp_policy_selector.TestPyMDPPolicyAdapter" name="test_initialization_with_unknown_model" time="0.001" /><testcase classname="tests.unit.test_pymdp_policy_selector.TestPyMDPPolicyAdapter" name="test_get_model_hash_with_dims" time="0.000" /><testcase classname="tests.unit.test_pymdp_policy_selector.TestPyMDPPolicyAdapter" name="test_get_model_hash_with_matrices" time="0.000" /><testcase classname="tests.unit.test_pymdp_policy_selector.TestPyMDPPolicyAdapter" name="test_get_model_hash_fallback" time="0.000" /><testcase classname="tests.unit.test_pymdp_policy_selector.TestPyMDPPolicyAdapter" name="test_get_cached_selector_new" time="0.001" /><testcase classname="tests.unit.test_pymdp_policy_selector.TestPyMDPPolicyAdapter" name="test_get_cached_selector_existing" time="0.000" /><testcase classname="tests.unit.test_pymdp_policy_selector.TestPyMDPPolicyAdapter" name="test_select_policy_with_cached_selector" time="0.000" /><testcase classname="tests.unit.test_pymdp_policy_selector.TestPyMDPPolicyAdapter" name="test_select_policy_with_pymdp_model" time="0.000" /><testcase classname="tests.unit.test_pymdp_policy_selector.TestPyMDPPolicyAdapter" name="test_compute_expected_free_energy_integration_interface" time="0.000" /><testcase classname="tests.unit.test_pymdp_policy_selector.TestPyMDPPolicyAdapter" name="test_compute_expected_free_energy_standard_interface" time="0.000" /><testcase classname="tests.unit.test_pymdp_policy_selector.TestPyMDPPolicyAdapter" name="test_compute_expected_free_energy_with_numpy_arrays" time="0.000" /><testcase classname="tests.unit.test_pymdp_policy_selector.TestPyMDPPolicyAdapter" name="test_compute_expected_free_energy_error_fallback" time="0.000" /><testcase classname="tests.unit.test_pymdp_policy_selector.TestFactoryFunctions" name="test_create_pymdp_policy_selector" time="0.000" /><testcase classname="tests.unit.test_pymdp_policy_selector.TestFactoryFunctions" name="test_replace_discrete_expected_free_energy_with_pymdp_model" time="0.000" /><testcase classname="tests.unit.test_pymdp_policy_selector.TestFactoryFunctions" name="test_replace_discrete_expected_free_energy_with_discrete_model" time="0.000" /><testcase classname="tests.unit.test_pymdp_policy_selector.TestFactoryFunctions" name="test_replace_discrete_expected_free_energy_invalid_model" time="0.000" /><testcase classname="tests.unit.test_pymdp_policy_selector.TestIntegrationScenarios" name="test_end_to_end_policy_selection" time="0.000" /><testcase classname="tests.unit.test_pymdp_policy_selector.TestIntegrationScenarios" name="test_adapter_backward_compatibility" time="0.000" /><testcase classname="tests.unit.test_pymdp_policy_selector.TestIntegrationScenarios" name="test_caching_effectiveness" time="0.000" /><testcase classname="tests.unit.test_pymdp_policy_selector.TestIntegrationScenarios" name="test_mixed_interface_usage" time="0.001" /><testcase classname="tests.unit.test_pymdp_policy_selector.TestIntegrationScenarios" name="test_error_handling_robustness" time="0.000" /><testcase classname="tests.unit.test_pymdp_policy_selector.TestIntegrationScenarios" name="test_memory_efficiency" time="0.000" /><testcase classname="tests.unit.test_pymdp_policy_selector.TestIntegrationScenarios" name="test_performance_with_repeated_calls" time="0.000" /></testsuite></testsuites>