<?xml version="1.0" encoding="utf-8"?><testsuites><testsuite name="pytest" errors="0" failures="0" skipped="0" tests="20" time="2.170" timestamp="2025-07-01T11:22:05.634578" hostname="Matthews-MacBook-Air.local"><testcase classname="tests.unit.test_batch_processor.TestGraphData" name="test_graph_data_creation" time="0.000" /><testcase classname="tests.unit.test_batch_processor.TestGraphData" name="test_graph_data_with_attributes" time="0.000" /><testcase classname="tests.unit.test_batch_processor.TestGraphBatchProcessor" name="test_initialization" time="0.000" /><testcase classname="tests.unit.test_batch_processor.TestGraphBatchProcessor" name="test_create_empty_batch" time="0.000" /><testcase classname="tests.unit.test_batch_processor.TestGraphBatchProcessor" name="test_create_batch_simple" time="0.000" /><testcase classname="tests.unit.test_batch_processor.TestGraphBatchProcessor" name="test_batch_with_edge_attributes" time="0.000" /><testcase classname="tests.unit.test_batch_processor.TestGraphBatchProcessor" name="test_batch_with_padding" time="0.000" /><testcase classname="tests.unit.test_batch_processor.TestGraphBatchProcessor" name="test_batch_with_targets" time="0.000" /><testcase classname="tests.unit.test_batch_processor.TestGraphBatchProcessor" name="test_batch_with_graph_attributes" time="0.000" /><testcase classname="tests.unit.test_batch_processor.TestGraphBatchProcessor" name="test_unbatch" time="0.000" /><testcase classname="tests.unit.test_batch_processor.TestGraphBatchProcessor" name="test_collate_fn" time="0.001" /><testcase classname="tests.unit.test_batch_processor.TestDynamicBatchSampler" name="test_initialization" time="0.000" /><testcase classname="tests.unit.test_batch_processor.TestDynamicBatchSampler" name="test_size_grouping" time="0.000" /><testcase classname="tests.unit.test_batch_processor.TestDynamicBatchSampler" name="test_batch_generation" time="0.000" /><testcase classname="tests.unit.test_batch_processor.TestDynamicBatchSampler" name="test_sampler_length" time="0.000" /><testcase classname="tests.unit.test_batch_processor.TestStreamingBatchProcessor" name="test_initialization" time="0.000" /><testcase classname="tests.unit.test_batch_processor.TestStreamingBatchProcessor" name="test_process_stream" time="0.001" /><testcase classname="tests.unit.test_batch_processor.TestStreamingBatchProcessor" name="test_process_stream_with_function" time="0.001" /><testcase classname="tests.unit.test_batch_processor.TestUtilityFunctions" name="test_create_mini_batches" time="0.000" /><testcase classname="tests.unit.test_batch_processor.TestUtilityFunctions" name="test_create_mini_batches_drop_last" time="0.000" /></testsuite></testsuites>