<?xml version="1.0" encoding="utf-8"?><testsuites><testsuite name="pytest" errors="0" failures="0" skipped="0" tests="20" time="0.675" timestamp="2025-07-01T11:24:21.039193" hostname="Matthews-MacBook-Air.local"><testcase classname="tests.unit.test_utils.TestToOneHot" name="test_basic_one_hot_encoding" time="0.002" /><testcase classname="tests.unit.test_utils.TestToOneHot" name="test_single_element_encoding" time="0.000" /><testcase classname="tests.unit.test_utils.TestToOneHot" name="test_scalar_encoding" time="0.000" /><testcase classname="tests.unit.test_utils.TestToOneHot" name="test_batch_encoding" time="0.000" /><testcase classname="tests.unit.test_utils.TestToOneHot" name="test_edge_cases" time="0.000" /><testcase classname="tests.unit.test_utils.TestToOneHot" name="test_different_dtypes" time="0.000" /><testcase classname="tests.unit.test_utils.TestNormalizeBeliefs" name="test_basic_normalization" time="0.000" /><testcase classname="tests.unit.test_utils.TestNormalizeBeliefs" name="test_batch_normalization" time="0.000" /><testcase classname="tests.unit.test_utils.TestNormalizeBeliefs" name="test_zero_beliefs" time="0.001" /><testcase classname="tests.unit.test_utils.TestNormalizeBeliefs" name="test_single_element_beliefs" time="0.000" /><testcase classname="tests.unit.test_utils.TestNormalizeBeliefs" name="test_uniform_beliefs" time="0.000" /><testcase classname="tests.unit.test_utils.TestNormalizeBeliefs" name="test_negative_beliefs" time="0.000" /><testcase classname="tests.unit.test_utils.TestNormalizeBeliefs" name="test_multidimensional_normalization" time="0.000" /><testcase classname="tests.unit.test_utils.TestNormalizeBeliefs" name="test_very_small_beliefs" time="0.000" /><testcase classname="tests.unit.test_utils.TestNormalizeBeliefs" name="test_very_large_beliefs" time="0.000" /><testcase classname="tests.unit.test_utils.TestNormalizeBeliefs" name="test_preserve_dtype" time="0.000" /><testcase classname="tests.unit.test_utils.TestNormalizeBeliefs" name="test_preserve_device" time="0.000" /><testcase classname="tests.unit.test_utils.TestUtilsIntegration" name="test_one_hot_then_normalize" time="0.000" /><testcase classname="tests.unit.test_utils.TestUtilsIntegration" name="test_normalize_then_one_hot_argmax" time="0.000" /><testcase classname="tests.unit.test_utils.TestUtilsIntegration" name="test_utilities_with_active_inference_data" time="0.000" /></testsuite></testsuites>