<?xml version="1.0" encoding="utf-8"?><testsuites><testsuite name="pytest" errors="0" failures="0" skipped="0" tests="32" time="2.454" timestamp="2025-07-01T11:22:02.116958" hostname="Matthews-MacBook-Air.local"><testcase classname="tests.unit.test_base_agent.TestAgentData" name="test_default_agent_data" time="0.000" /><testcase classname="tests.unit.test_base_agent.TestAgentData" name="test_custom_agent_data" time="0.000" /><testcase classname="tests.unit.test_base_agent.TestAgentData" name="test_agent_capabilities" time="0.000" /><testcase classname="tests.unit.test_base_agent.TestAgentData" name="test_agent_resources" time="0.000" /><testcase classname="tests.unit.test_base_agent.TestPosition" name="test_position_creation" time="0.000" /><testcase classname="tests.unit.test_base_agent.TestPosition" name="test_position_default_z" time="0.000" /><testcase classname="tests.unit.test_base_agent.TestPosition" name="test_position_to_array" time="0.000" /><testcase classname="tests.unit.test_base_agent.TestPosition" name="test_position_distance" time="0.000" /><testcase classname="tests.unit.test_base_agent.TestPosition" name="test_position_hash" time="0.000" /><testcase classname="tests.unit.test_base_agent.TestPosition" name="test_position_equality" time="0.000" /><testcase classname="tests.unit.test_base_agent.TestBaseAgent" name="test_agent_initialization" time="0.001" /><testcase classname="tests.unit.test_base_agent.TestBaseAgent" name="test_agent_backward_compatibility" time="0.000" /><testcase classname="tests.unit.test_base_agent.TestBaseAgent" name="test_agent_initialization_lifecycle" time="0.001" /><testcase classname="tests.unit.test_base_agent.TestBaseAgent" name="test_agent_update_cycle" time="0.001" /><testcase classname="tests.unit.test_base_agent.TestBaseAgent" name="test_agent_step_execution" time="0.001" /><testcase classname="tests.unit.test_base_agent.TestBaseAgent" name="test_agent_pause_resume" time="0.001" /><testcase classname="tests.unit.test_base_agent.TestBaseAgent" name="test_agent_stop" time="0.001" /><testcase classname="tests.unit.test_base_agent.TestBaseAgent" name="test_agent_shutdown" time="0.001" /><testcase classname="tests.unit.test_base_agent.TestBaseAgent" name="test_agent_position_update" time="0.001" /><testcase classname="tests.unit.test_base_agent.TestBaseAgent" name="test_agent_status_update" time="0.001" /><testcase classname="tests.unit.test_base_agent.TestBaseAgent" name="test_agent_energy_management" time="0.001" /><testcase classname="tests.unit.test_base_agent.TestBaseAgent" name="test_agent_goal_management" time="0.002" /><testcase classname="tests.unit.test_base_agent.TestBaseAgent" name="test_agent_perception_integration" time="0.001" /><testcase classname="tests.unit.test_base_agent.TestBaseAgent" name="test_agent_memory_integration" time="0.001" /><testcase classname="tests.unit.test_base_agent.TestBaseAgent" name="test_agent_behavior_execution" time="0.001" /><testcase classname="tests.unit.test_base_agent.TestBaseAgent" name="test_agent_event_handling" time="0.001" /><testcase classname="tests.unit.test_base_agent.TestBaseAgent" name="test_agent_serialization" time="0.001" /><testcase classname="tests.unit.test_base_agent.TestBaseAgent" name="test_agent_active_inference_integration" time="0.635" /><testcase classname="tests.unit.test_base_agent.TestBaseAgent" name="test_agent_markov_blanket_integration" time="0.001" /><testcase classname="tests.unit.test_base_agent.TestAgentPerformance" name="test_agent_update_performance" time="0.000" /><testcase classname="tests.unit.test_base_agent.TestAgentPerformance" name="test_agent_memory_efficiency" time="0.000" /><testcase classname="tests.unit.test_base_agent.TestAgentPerformance" name="test_multiple_agents_coordination" time="0.002" /></testsuite></testsuites>