<?xml version="1.0" encoding="utf-8"?><testsuites><testsuite name="pytest" errors="0" failures="0" skipped="0" tests="11" time="0.103" timestamp="2025-07-01T11:24:22.377634" hostname="Matthews-MacBook-Air.local"><testcase classname="tests.unit.test_world_integration_simple.TestWorldEventSystem" name="test_get_recent_events" time="0.000" /><testcase classname="tests.unit.test_world_integration_simple.TestWorldEventSystem" name="test_publish_event" time="0.000" /><testcase classname="tests.unit.test_world_integration_simple.TestWorldEventSystem" name="test_subscribe_to_events" time="0.000" /><testcase classname="tests.unit.test_world_integration_simple.TestAgentWorldManager" name="test_perceive_environment" time="0.000" /><testcase classname="tests.unit.test_world_integration_simple.TestAgentWorldManager" name="test_perform_harvest_action" time="0.000" /><testcase classname="tests.unit.test_world_integration_simple.TestAgentWorldManager" name="test_perform_move_action" time="0.000" /><testcase classname="tests.unit.test_world_integration_simple.TestAgentWorldManager" name="test_place_agent" time="0.000" /><testcase classname="tests.unit.test_world_integration_simple.TestAgentWorldManager" name="test_place_agent_invalid_location" time="0.000" /><testcase classname="tests.unit.test_world_integration_simple.TestAgentWorldManager" name="test_remove_agent" time="0.000" /><testcase classname="tests.unit.test_world_integration_simple.TestWorldIntegrationDataStructures" name="test_action_result_creation" time="0.000" /><testcase classname="tests.unit.test_world_integration_simple.TestWorldIntegrationDataStructures" name="test_world_event_creation" time="0.000" /></testsuite></testsuites>