<?xml version="1.0" encoding="utf-8"?><testsuites><testsuite name="pytest" errors="0" failures="0" skipped="0" tests="14" time="2.018" timestamp="2025-07-01T11:23:52.088851" hostname="Matthews-MacBook-Air.local"><testcase classname="tests.unit.test_pymdp_integration.TestPyMDPActiveInference" name="test_initialization" time="0.002" /><testcase classname="tests.unit.test_pymdp_integration.TestPyMDPActiveInference" name="test_pymdp_tensor_conventions" time="0.001" /><testcase classname="tests.unit.test_pymdp_integration.TestPyMDPActiveInference" name="test_belief_updates_pymdp_style" time="0.001" /><testcase classname="tests.unit.test_pymdp_integration.TestPyMDPActiveInference" name="test_expected_free_energy_computation" time="0.001" /><testcase classname="tests.unit.test_pymdp_integration.TestPyMDPActiveInference" name="test_action_selection_pymdp_style" time="0.001" /><testcase classname="tests.unit.test_pymdp_integration.TestPyMDPActiveInference" name="test_categorical_distribution_properties" time="0.001" /><testcase classname="tests.unit.test_pymdp_integration.TestGMNToPyMDPConverter" name="test_converter_initialization" time="0.000" /><testcase classname="tests.unit.test_pymdp_integration.TestGMNToPyMDPConverter" name="test_agent_class_specific_models" time="0.003" /><testcase classname="tests.unit.test_pymdp_integration.TestGMNToPyMDPConverter" name="test_personality_customization" time="0.002" /><testcase classname="tests.unit.test_pymdp_integration.TestPyMDPAgentFactory" name="test_create_explorer_agent" time="0.001" /><testcase classname="tests.unit.test_pymdp_integration.TestPyMDPAgentFactory" name="test_create_merchant_agent" time="0.001" /><testcase classname="tests.unit.test_pymdp_integration.TestPyMDPAgentFactory" name="test_create_guardian_agent" time="0.001" /><testcase classname="tests.unit.test_pymdp_integration.TestPyMDPCompatibility" name="test_belief_update_equivalence" time="0.000" /><testcase classname="tests.unit.test_pymdp_integration.TestPyMDPCompatibility" name="test_free_energy_formulation" time="0.001" /></testsuite></testsuites>