<?xml version="1.0" encoding="utf-8"?><testsuites><testsuite name="pytest" errors="0" failures="1" skipped="0" tests="30" time="0.718" timestamp="2025-07-01T11:23:12.202344" hostname="Matthews-MacBook-Air.local"><testcase classname="tests.unit.test_inference.TestInferenceConfig" name="test_default_config" time="0.000" /><testcase classname="tests.unit.test_inference.TestInferenceConfig" name="test_custom_config" time="0.000" /><testcase classname="tests.unit.test_inference.TestVariationalMessagePassing" name="test_single_observation_inference" time="0.002" /><testcase classname="tests.unit.test_inference.TestVariationalMessagePassing" name="test_batch_observation_inference" time="0.003"><failure message="assert tensor(0.2210) &gt; 0.65">tests/unit/test_inference.py:92: in test_batch_observation_inference
    assert beliefs[1, 1] &gt; 0.65
E   assert tensor(0.2210) &gt; 0.65</failure></testcase><testcase classname="tests.unit.test_inference.TestVariationalMessagePassing" name="test_observation_distribution_inference" time="0.001" /><testcase classname="tests.unit.test_inference.TestVariationalMessagePassing" name="test_prior_influence" time="0.001" /><testcase classname="tests.unit.test_inference.TestVariationalMessagePassing" name="test_free_energy_computation" time="0.001" /><testcase classname="tests.unit.test_inference.TestVariationalMessagePassing" name="test_convergence" time="0.001" /><testcase classname="tests.unit.test_inference.TestBeliefPropagation" name="test_basic_inference" time="0.001" /><testcase classname="tests.unit.test_inference.TestBeliefPropagation" name="test_temporal_update" time="0.001" /><testcase classname="tests.unit.test_inference.TestGradientDescentInference" name="test_continuous_inference" time="0.001" /><testcase classname="tests.unit.test_inference.TestGradientDescentInference" name="test_prior_initialization" time="0.000" /><testcase classname="tests.unit.test_inference.TestGradientDescentInference" name="test_free_energy_continuous" time="0.001" /><testcase classname="tests.unit.test_inference.TestNaturalGradientInference" name="test_natural_gradient_step" time="0.000" /><testcase classname="tests.unit.test_inference.TestNaturalGradientInference" name="test_natural_vs_standard_gradient" time="0.000" /><testcase classname="tests.unit.test_inference.TestExpectationMaximization" name="test_e_step" time="0.001" /><testcase classname="tests.unit.test_inference.TestExpectationMaximization" name="test_em_iteration" time="0.001" /><testcase classname="tests.unit.test_inference.TestExpectationMaximization" name="test_parameter_update" time="0.001" /><testcase classname="tests.unit.test_inference.TestParticleFilterInference" name="test_particle_initialization" time="0.001" /><testcase classname="tests.unit.test_inference.TestParticleFilterInference" name="test_resampling" time="0.001" /><testcase classname="tests.unit.test_inference.TestParticleFilterInference" name="test_continuous_model_particles" time="0.001" /><testcase classname="tests.unit.test_inference.TestParticleFilterInference" name="test_sequential_update" time="0.001" /><testcase classname="tests.unit.test_inference.TestInferenceFactory" name="test_create_vmp" time="0.000" /><testcase classname="tests.unit.test_inference.TestInferenceFactory" name="test_create_bp" time="0.000" /><testcase classname="tests.unit.test_inference.TestInferenceFactory" name="test_create_gradient" time="0.000" /><testcase classname="tests.unit.test_inference.TestInferenceFactory" name="test_create_natural" time="0.000" /><testcase classname="tests.unit.test_inference.TestInferenceFactory" name="test_create_em" time="0.000" /><testcase classname="tests.unit.test_inference.TestInferenceFactory" name="test_create_particle" time="0.000" /><testcase classname="tests.unit.test_inference.TestInferenceFactory" name="test_invalid_algorithm" time="0.000" /><testcase classname="tests.unit.test_inference.TestInferenceFactory" name="test_custom_config" time="0.000" /></testsuite></testsuites>