<?xml version="1.0" encoding="utf-8"?><testsuites><testsuite name="pytest" errors="0" failures="0" skipped="0" tests="16" time="0.094" timestamp="2025-07-01T11:47:09.788009" hostname="Matthews-MacBook-Air.local"><testcase classname="tests.unit.test_coalition_framework.TestCoalitionModels" name="test_coalition_goal_creation" time="0.000" /><testcase classname="tests.unit.test_coalition_framework.TestCoalitionModels" name="test_coalition_goal_voting" time="0.000" /><testcase classname="tests.unit.test_coalition_framework.TestCoalitionModels" name="test_coalition_goal_progress" time="0.000" /><testcase classname="tests.unit.test_coalition_framework.TestCoalitionModels" name="test_coalition_member_creation" time="0.000" /><testcase classname="tests.unit.test_coalition_framework.TestCoalitionModels" name="test_coalition_member_performance" time="0.000" /><testcase classname="tests.unit.test_coalition_framework.TestCoalitionModels" name="test_coalition_creation" time="0.000" /><testcase classname="tests.unit.test_coalition_framework.TestCoalitionModels" name="test_coalition_membership" time="0.000" /><testcase classname="tests.unit.test_coalition_framework.TestCoalitionModels" name="test_coalition_goals_management" time="0.000" /><testcase classname="tests.unit.test_coalition_framework.TestCoalitionFormation" name="test_active_inference_formation" time="0.000" /><testcase classname="tests.unit.test_coalition_framework.TestCoalitionFormation" name="test_capability_based_formation" time="0.000" /><testcase classname="tests.unit.test_coalition_framework.TestCoalitionFormation" name="test_resource_optimization_formation" time="0.000" /><testcase classname="tests.unit.test_coalition_framework.TestCoalitionFormation" name="test_multiple_strategy_formation" time="0.000" /><testcase classname="tests.unit.test_coalition_framework.TestCoalitionFormation" name="test_formation_with_constraints" time="0.000" /><testcase classname="tests.unit.test_coalition_framework.TestCoalitionIntegration" name="test_end_to_end_coalition_lifecycle" time="0.001" /><testcase classname="tests.unit.test_coalition_framework.TestCoalitionIntegration" name="test_formation_statistics" time="0.000" /><testcase classname="tests.unit.test_coalition_framework.TestCoalitionIntegration" name="test_coalition_value_distribution" time="0.000" /></testsuite></testsuites>