<?xml version="1.0" encoding="utf-8"?><testsuites><testsuite name="pytest" errors="0" failures="0" skipped="0" tests="31" time="0.104" timestamp="2025-07-01T11:47:52.464475" hostname="Matthews-MacBook-Air.local"><testcase classname="tests.unit.test_gnn_unit.TestGNNIntegrationConfig" name="test_default_config_creation" time="0.000" /><testcase classname="tests.unit.test_gnn_unit.TestGNNIntegrationConfig" name="test_custom_config_creation" time="0.000" /><testcase classname="tests.unit.test_gnn_unit.TestDirectGraphMapper" name="test_direct_mapper_creation_no_projection" time="0.000" /><testcase classname="tests.unit.test_gnn_unit.TestDirectGraphMapper" name="test_direct_mapper_creation_with_projection" time="0.001" /><testcase classname="tests.unit.test_gnn_unit.TestDirectGraphMapper" name="test_direct_mapper_map_to_states" time="0.000" /><testcase classname="tests.unit.test_gnn_unit.TestDirectGraphMapper" name="test_direct_mapper_map_to_states_with_indices" time="0.000" /><testcase classname="tests.unit.test_gnn_unit.TestDirectGraphMapper" name="test_direct_mapper_map_to_observations" time="0.000" /><testcase classname="tests.unit.test_gnn_unit.TestDirectGraphMapper" name="test_direct_mapper_map_to_observations_with_projection" time="0.000" /><testcase classname="tests.unit.test_gnn_unit.TestLearnedGraphMapper" name="test_learned_mapper_creation" time="0.000" /><testcase classname="tests.unit.test_gnn_unit.TestLearnedGraphMapper" name="test_learned_mapper_map_to_states" time="0.001" /><testcase classname="tests.unit.test_gnn_unit.TestLearnedGraphMapper" name="test_learned_mapper_map_to_observations" time="0.000" /><testcase classname="tests.unit.test_gnn_unit.TestLearnedGraphMapper" name="test_learned_mapper_with_node_indices" time="0.001" /><testcase classname="tests.unit.test_gnn_unit.TestGraphFeatureAggregator" name="test_aggregator_creation_mean" time="0.000" /><testcase classname="tests.unit.test_gnn_unit.TestGraphFeatureAggregator" name="test_aggregator_creation_attention" time="0.000" /><testcase classname="tests.unit.test_gnn_unit.TestGraphFeatureAggregator" name="test_aggregate_mean" time="0.000" /><testcase classname="tests.unit.test_gnn_unit.TestGraphFeatureAggregator" name="test_aggregate_max" time="0.000" /><testcase classname="tests.unit.test_gnn_unit.TestGraphFeatureAggregator" name="test_aggregate_sum" time="0.000" /><testcase classname="tests.unit.test_gnn_unit.TestGraphFeatureAggregator" name="test_aggregate_attention" time="0.002" /><testcase classname="tests.unit.test_gnn_unit.TestGraphFeatureAggregator" name="test_aggregate_single_mean" time="0.000" /><testcase classname="tests.unit.test_gnn_unit.TestGraphFeatureAggregator" name="test_aggregate_single_max" time="0.000" /><testcase classname="tests.unit.test_gnn_unit.TestGraphFeatureAggregator" name="test_aggregate_single_sum" time="0.000" /><testcase classname="tests.unit.test_gnn_unit.TestGNNActiveInferenceAdapter" name="test_adapter_creation" time="0.001" /><testcase classname="tests.unit.test_gnn_unit.TestGNNActiveInferenceAdapter" name="test_adapter_process_graph" time="0.001" /><testcase classname="tests.unit.test_gnn_unit.TestGNNActiveInferenceAdapter" name="test_adapter_process_graph_with_edge_features" time="0.001" /><testcase classname="tests.unit.test_gnn_unit.TestGNNActiveInferenceAdapter" name="test_adapter_graph_to_beliefs" time="0.001" /><testcase classname="tests.unit.test_gnn_unit.TestGNNActiveInferenceAdapter" name="test_adapter_graph_to_observations" time="0.001" /><testcase classname="tests.unit.test_gnn_unit.TestGNNActiveInferenceAdapter" name="test_adapter_update_beliefs_with_graph" time="0.001" /><testcase classname="tests.unit.test_gnn_unit.TestGNNActiveInferenceAdapter" name="test_adapter_compute_expected_free_energy_with_graph" time="0.001" /><testcase classname="tests.unit.test_gnn_unit.TestIntegrationScenarios" name="test_end_to_end_gcn_integration" time="0.001" /><testcase classname="tests.unit.test_gnn_unit.TestIntegrationScenarios" name="test_end_to_end_learned_mapping" time="0.002" /><testcase classname="tests.unit.test_gnn_unit.TestIntegrationScenarios" name="test_belief_update_workflow" time="0.002" /></testsuite></testsuites>