<?xml version="1.0" encoding="utf-8"?><testsuites><testsuite name="pytest" errors="0" failures="0" skipped="0" tests="12" time="1.401" timestamp="2025-07-01T11:46:51.952745" hostname="Matthews-MacBook-Air.local"><testcase classname="tests.unit.test_agents_init" name="test_agents_package_imports" time="1.318" /><testcase classname="tests.unit.test_agents_init" name="test_agents_base_imports" time="0.000" /><testcase classname="tests.unit.test_agents_init" name="test_agents_explorer_imports" time="0.000" /><testcase classname="tests.unit.test_agents_init" name="test_agents_merchant_imports" time="0.000" /><testcase classname="tests.unit.test_agents_init" name="test_position_class" time="0.000" /><testcase classname="tests.unit.test_agents_init" name="test_agent_capability_enum" time="0.000" /><testcase classname="tests.unit.test_agents_init" name="test_get_default_factory" time="0.000" /><testcase classname="tests.unit.test_agents_init" name="test_agent_data_model" time="0.000" /><testcase classname="tests.unit.test_agents_init" name="test_agent_data_model_with_metadata" time="0.000" /><testcase classname="tests.unit.test_agents_init" name="test_base_agent_abstract_class" time="0.000" /><testcase classname="tests.unit.test_agents_init" name="test_pymdp_alignment_imports" time="0.000" /><testcase classname="tests.unit.test_agents_init" name="test_gnn_notation_support" time="0.000" /></testsuite></testsuites>