<?xml version="1.0" encoding="utf-8"?><testsuites><testsuite name="pytest" errors="0" failures="0" skipped="0" tests="48" time="1.110" timestamp="2025-07-01T11:47:01.622540" hostname="Matthews-MacBook-Air.local"><testcase classname="tests.unit.test_behaviors.TestBehaviorPriority" name="test_priority_values" time="0.000" /><testcase classname="tests.unit.test_behaviors.TestBehaviorPriority" name="test_priority_ordering" time="0.000" /><testcase classname="tests.unit.test_behaviors.TestBehaviorStatus" name="test_status_values" time="0.000" /><testcase classname="tests.unit.test_behaviors.TestBaseBehavior" name="test_behavior_initialization" time="0.000" /><testcase classname="tests.unit.test_behaviors.TestBaseBehavior" name="test_behavior_with_cooldown" time="0.000" /><testcase classname="tests.unit.test_behaviors.TestBaseBehavior" name="test_can_execute_with_capabilities" time="0.001" /><testcase classname="tests.unit.test_behaviors.TestBaseBehavior" name="test_can_execute_without_capabilities" time="0.000" /><testcase classname="tests.unit.test_behaviors.TestBaseBehavior" name="test_can_execute_insufficient_energy" time="0.000" /><testcase classname="tests.unit.test_behaviors.TestBaseBehavior" name="test_can_execute_cooldown_active" time="0.000" /><testcase classname="tests.unit.test_behaviors.TestBaseBehavior" name="test_can_execute_cooldown_expired" time="0.000" /><testcase classname="tests.unit.test_behaviors.TestBaseBehavior" name="test_execute_success" time="0.001" /><testcase classname="tests.unit.test_behaviors.TestBaseBehavior" name="test_execute_failure" time="0.001" /><testcase classname="tests.unit.test_behaviors.TestBaseBehavior" name="test_execute_exception_handling" time="0.001" /><testcase classname="tests.unit.test_behaviors.TestBaseBehavior" name="test_energy_consumption" time="0.001" /><testcase classname="tests.unit.test_behaviors.TestBaseBehavior" name="test_get_priority_base" time="0.000" /><testcase classname="tests.unit.test_behaviors.TestBaseBehavior" name="test_get_priority_with_modifiers" time="0.000" /><testcase classname="tests.unit.test_behaviors.TestBaseBehavior" name="test_get_priority_clamped" time="0.001" /><testcase classname="tests.unit.test_behaviors.TestBaseBehavior" name="test_personality_modifier" time="0.000" /><testcase classname="tests.unit.test_behaviors.TestBaseBehavior" name="test_default_energy_cost" time="0.000" /><testcase classname="tests.unit.test_behaviors.TestBaseBehavior" name="test_custom_execution_methods" time="0.000" /><testcase classname="tests.unit.test_behaviors.TestIdleBehavior" name="test_idle_initialization" time="0.000" /><testcase classname="tests.unit.test_behaviors.TestIdleBehavior" name="test_idle_can_always_execute" time="0.001" /><testcase classname="tests.unit.test_behaviors.TestIdleBehavior" name="test_idle_execute" time="0.000" /><testcase classname="tests.unit.test_behaviors.TestWanderBehavior" name="test_wander_initialization" time="0.000" /><testcase classname="tests.unit.test_behaviors.TestWanderBehavior" name="test_wander_can_execute_valid_status" time="0.000" /><testcase classname="tests.unit.test_behaviors.TestWanderBehavior" name="test_wander_cannot_execute_invalid_status" time="0.000" /><testcase classname="tests.unit.test_behaviors.TestWanderBehavior" name="test_wander_execute_success" time="0.001" /><testcase classname="tests.unit.test_behaviors.TestWanderBehavior" name="test_wander_execute_invalid_position" time="0.000" /><testcase classname="tests.unit.test_behaviors.TestWanderBehavior" name="test_wander_execute_without_world_interface" time="0.000" /><testcase classname="tests.unit.test_behaviors.TestWanderBehavior" name="test_wander_energy_cost" time="0.000" /><testcase classname="tests.unit.test_behaviors.TestGoalSeekingBehavior" name="test_goal_seeking_initialization" time="0.000" /><testcase classname="tests.unit.test_behaviors.TestGoalSeekingBehavior" name="test_goal_seeking_can_execute_with_goal" time="0.000" /><testcase classname="tests.unit.test_behaviors.TestGoalSeekingBehavior" name="test_goal_seeking_cannot_execute_without_goal" time="0.000" /><testcase classname="tests.unit.test_behaviors.TestGoalSeekingBehavior" name="test_goal_seeking_execute_with_goal" time="0.000" /><testcase classname="tests.unit.test_behaviors.TestGoalSeekingBehavior" name="test_goal_seeking_execute_without_goal" time="0.000" /><testcase classname="tests.unit.test_behaviors.TestSocialInteractionBehavior" name="test_social_initialization" time="0.000" /><testcase classname="tests.unit.test_behaviors.TestSocialInteractionBehavior" name="test_social_can_execute_with_nearby_agents" time="0.000" /><testcase classname="tests.unit.test_behaviors.TestSocialInteractionBehavior" name="test_social_cannot_execute_without_nearby_agents" time="0.000" /><testcase classname="tests.unit.test_behaviors.TestSocialInteractionBehavior" name="test_social_execute_with_agents" time="0.000" /><testcase classname="tests.unit.test_behaviors.TestExplorationBehavior" name="test_exploration_initialization" time="0.000" /><testcase classname="tests.unit.test_behaviors.TestExplorationBehavior" name="test_exploration_can_execute" time="0.001" /><testcase classname="tests.unit.test_behaviors.TestExplorationBehavior" name="test_exploration_execute" time="0.000" /><testcase classname="tests.unit.test_behaviors.TestBehaviorTreeManager" name="test_manager_initialization" time="0.000" /><testcase classname="tests.unit.test_behaviors.TestBehaviorTreeManager" name="test_add_behavior" time="0.000" /><testcase classname="tests.unit.test_behaviors.TestBehaviorTreeManager" name="test_execute_behavior_tree" time="0.000" /><testcase classname="tests.unit.test_behaviors.TestBehaviorIntegration" name="test_complete_behavior_workflow" time="0.000" /><testcase classname="tests.unit.test_behaviors.TestBehaviorIntegration" name="test_behavior_energy_management" time="0.000" /><testcase classname="tests.unit.test_behaviors.TestBehaviorIntegration" name="test_behavior_cooldown_system" time="0.000" /></testsuite></testsuites>