<?xml version="1.0" encoding="utf-8"?><testsuites><testsuite name="pytest" errors="0" failures="0" skipped="0" tests="19" time="1.827" timestamp="2025-07-01T11:48:19.028678" hostname="Matthews-MacBook-Air.local"><testcase classname="tests.unit.test_model_mapper.TestGraphProperties" name="test_graph_properties_creation" time="0.000" /><testcase classname="tests.unit.test_model_mapper.TestGraphAnalyzer" name="test_analyze_small_graph" time="0.004" /><testcase classname="tests.unit.test_model_mapper.TestGraphAnalyzer" name="test_analyze_directed_graph" time="0.001" /><testcase classname="tests.unit.test_model_mapper.TestGraphAnalyzer" name="test_analyze_weighted_graph" time="0.001" /><testcase classname="tests.unit.test_model_mapper.TestGraphAnalyzer" name="test_analyze_with_features" time="0.001" /><testcase classname="tests.unit.test_model_mapper.TestGraphAnalyzer" name="test_analyze_disconnected_graph" time="0.000" /><testcase classname="tests.unit.test_model_mapper.TestGraphAnalyzer" name="test_analyze_bipartite_graph" time="0.000" /><testcase classname="tests.unit.test_model_mapper.TestModelSelector" name="test_gcn_selection" time="0.000" /><testcase classname="tests.unit.test_model_mapper.TestModelSelector" name="test_gat_selection_with_attention_preference" time="0.000" /><testcase classname="tests.unit.test_model_mapper.TestModelSelector" name="test_sage_selection_for_large_graphs" time="0.000" /><testcase classname="tests.unit.test_model_mapper.TestModelSelector" name="test_gin_selection_for_graph_classification" time="0.000" /><testcase classname="tests.unit.test_model_mapper.TestModelSelector" name="test_manual_architecture_override" time="0.000" /><testcase classname="tests.unit.test_model_mapper.TestModelSelector" name="test_layer_config_determination" time="0.000" /><testcase classname="tests.unit.test_model_mapper.TestModelSelector" name="test_gat_specific_config" time="0.000" /><testcase classname="tests.unit.test_model_mapper.TestGraphToModelMapper" name="test_map_simple_graph" time="0.030" /><testcase classname="tests.unit.test_model_mapper.TestGraphToModelMapper" name="test_map_large_graph" time="0.075" /><testcase classname="tests.unit.test_model_mapper.TestGraphToModelMapper" name="test_graph_level_task" time="0.002" /><testcase classname="tests.unit.test_model_mapper.TestGraphToModelMapper" name="test_model_validation" time="0.006" /><testcase classname="tests.unit.test_model_mapper.TestGraphToModelMapper" name="test_performance_priority" time="0.029" /></testsuite></testsuites>