<?xml version="1.0" encoding="utf-8"?><testsuites><testsuite name="pytest" errors="0" failures="0" skipped="0" tests="58" time="1.203" timestamp="2025-07-01T11:47:32.583522" hostname="Matthews-MacBook-Air.local"><testcase classname="tests.unit.test_generative_model_advanced.TestModelDimensions" name="test_model_dimensions_creation" time="0.000" /><testcase classname="tests.unit.test_generative_model_advanced.TestModelDimensions" name="test_model_dimensions_defaults" time="0.000" /><testcase classname="tests.unit.test_generative_model_advanced.TestModelDimensions" name="test_model_dimensions_edge_cases" time="0.000" /><testcase classname="tests.unit.test_generative_model_advanced.TestModelParameters" name="test_model_parameters_creation" time="0.000" /><testcase classname="tests.unit.test_generative_model_advanced.TestModelParameters" name="test_model_parameters_defaults" time="0.000" /><testcase classname="tests.unit.test_generative_model_advanced.TestModelParameters" name="test_model_parameters_combinations" time="0.000" /><testcase classname="tests.unit.test_generative_model_advanced.TestDiscreteGenerativeModel" name="test_initialization" time="0.001" /><testcase classname="tests.unit.test_generative_model_advanced.TestDiscreteGenerativeModel" name="test_observation_model_single_state" time="0.000" /><testcase classname="tests.unit.test_generative_model_advanced.TestDiscreteGenerativeModel" name="test_observation_model_batch_states" time="0.000" /><testcase classname="tests.unit.test_generative_model_advanced.TestDiscreteGenerativeModel" name="test_transition_model_single_state_int_action" time="0.000" /><testcase classname="tests.unit.test_generative_model_advanced.TestDiscreteGenerativeModel" name="test_transition_model_single_state_tensor_action" time="0.000" /><testcase classname="tests.unit.test_generative_model_advanced.TestDiscreteGenerativeModel" name="test_transition_model_single_state_onehot_action" time="0.000" /><testcase classname="tests.unit.test_generative_model_advanced.TestDiscreteGenerativeModel" name="test_transition_model_batch_states" time="0.000" /><testcase classname="tests.unit.test_generative_model_advanced.TestDiscreteGenerativeModel" name="test_transition_model_batch_onehot_actions" time="0.000" /><testcase classname="tests.unit.test_generative_model_advanced.TestDiscreteGenerativeModel" name="test_set_preferences_all_timesteps" time="0.000" /><testcase classname="tests.unit.test_generative_model_advanced.TestDiscreteGenerativeModel" name="test_set_preferences_specific_timestep" time="0.000" /><testcase classname="tests.unit.test_generative_model_advanced.TestDiscreteGenerativeModel" name="test_get_preferences" time="0.000" /><testcase classname="tests.unit.test_generative_model_advanced.TestDiscreteGenerativeModel" name="test_update_model" time="0.001" /><testcase classname="tests.unit.test_generative_model_advanced.TestContinuousGenerativeModel" name="test_initialization" time="0.000" /><testcase classname="tests.unit.test_generative_model_advanced.TestContinuousGenerativeModel" name="test_observation_model_single_state" time="0.001" /><testcase classname="tests.unit.test_generative_model_advanced.TestContinuousGenerativeModel" name="test_observation_model_batch_states" time="0.000" /><testcase classname="tests.unit.test_generative_model_advanced.TestContinuousGenerativeModel" name="test_transition_model_single_state_int_action" time="0.000" /><testcase classname="tests.unit.test_generative_model_advanced.TestContinuousGenerativeModel" name="test_transition_model_single_state_tensor_action" time="0.000" /><testcase classname="tests.unit.test_generative_model_advanced.TestContinuousGenerativeModel" name="test_transition_model_batch_states_onehot_actions" time="0.000" /><testcase classname="tests.unit.test_generative_model_advanced.TestContinuousGenerativeModel" name="test_transition_model_batch_states_indices" time="0.002" /><testcase classname="tests.unit.test_generative_model_advanced.TestContinuousGenerativeModel" name="test_transition_model_batch_size_mismatch_broadcast" time="0.001" /><testcase classname="tests.unit.test_generative_model_advanced.TestContinuousGenerativeModel" name="test_transition_model_batch_size_incompatible" time="0.000" /><testcase classname="tests.unit.test_generative_model_advanced.TestContinuousGenerativeModel" name="test_forward_pass" time="0.000" /><testcase classname="tests.unit.test_generative_model_advanced.TestHierarchicalGenerativeModel" name="test_initialization" time="0.000" /><testcase classname="tests.unit.test_generative_model_advanced.TestHierarchicalGenerativeModel" name="test_hierarchical_observation_model" time="0.000" /><testcase classname="tests.unit.test_generative_model_advanced.TestHierarchicalGenerativeModel" name="test_hierarchical_transition_model" time="0.000" /><testcase classname="tests.unit.test_generative_model_advanced.TestHierarchicalGenerativeModel" name="test_empty_hierarchy" time="0.000" /><testcase classname="tests.unit.test_generative_model_advanced.TestHierarchicalGenerativeModel" name="test_single_level_hierarchy" time="0.000" /><testcase classname="tests.unit.test_generative_model_advanced.TestFactorizedGenerativeModel" name="test_initialization" time="0.000" /><testcase classname="tests.unit.test_generative_model_advanced.TestFactorizedGenerativeModel" name="test_factor_to_state_idx" time="0.000" /><testcase classname="tests.unit.test_generative_model_advanced.TestFactorizedGenerativeModel" name="test_state_to_factor_idx" time="0.000" /><testcase classname="tests.unit.test_generative_model_advanced.TestFactorizedGenerativeModel" name="test_factor_state_conversion_consistency" time="0.000" /><testcase classname="tests.unit.test_generative_model_advanced.TestFactorizedGenerativeModel" name="test_factorized_transition" time="0.000" /><testcase classname="tests.unit.test_generative_model_advanced.TestFactorizedGenerativeModel" name="test_edge_case_single_factor" time="0.000" /><testcase classname="tests.unit.test_generative_model_advanced.TestFactorizedGenerativeModel" name="test_edge_case_binary_factors" time="0.000" /><testcase classname="tests.unit.test_generative_model_advanced.TestCreateGenerativeModel" name="test_create_discrete_model" time="0.000" /><testcase classname="tests.unit.test_generative_model_advanced.TestCreateGenerativeModel" name="test_create_discrete_model_with_parameters" time="0.000" /><testcase classname="tests.unit.test_generative_model_advanced.TestCreateGenerativeModel" name="test_create_continuous_model" time="0.000" /><testcase classname="tests.unit.test_generative_model_advanced.TestCreateGenerativeModel" name="test_create_hierarchical_model" time="0.000" /><testcase classname="tests.unit.test_generative_model_advanced.TestCreateGenerativeModel" name="test_create_factorized_model" time="0.000" /><testcase classname="tests.unit.test_generative_model_advanced.TestCreateGenerativeModel" name="test_create_model_alternative_kwargs" time="0.000" /><testcase classname="tests.unit.test_generative_model_advanced.TestCreateGenerativeModel" name="test_create_factorized_model_alternative_kwargs" time="0.000" /><testcase classname="tests.unit.test_generative_model_advanced.TestCreateGenerativeModel" name="test_create_hierarchical_model_alternative_kwargs" time="0.000" /><testcase classname="tests.unit.test_generative_model_advanced.TestCreateGenerativeModel" name="test_create_invalid_model_type" time="0.000" /><testcase classname="tests.unit.test_generative_model_advanced.TestCreateGenerativeModel" name="test_create_factorized_model_defaults" time="0.000" /><testcase classname="tests.unit.test_generative_model_advanced.TestEdgeCasesAndErrorHandling" name="test_discrete_model_zero_dimensions" time="0.000" /><testcase classname="tests.unit.test_generative_model_advanced.TestEdgeCasesAndErrorHandling" name="test_continuous_model_large_dimensions" time="0.001" /><testcase classname="tests.unit.test_generative_model_advanced.TestEdgeCasesAndErrorHandling" name="test_numerical_stability" time="0.000" /><testcase classname="tests.unit.test_generative_model_advanced.TestEdgeCasesAndErrorHandling" name="test_torch_dtype_consistency" time="0.000" /><testcase classname="tests.unit.test_generative_model_advanced.TestEdgeCasesAndErrorHandling" name="test_device_consistency" time="0.000" /><testcase classname="tests.unit.test_generative_model_advanced.TestEdgeCasesAndErrorHandling" name="test_model_reproducibility" time="0.005" /><testcase classname="tests.unit.test_generative_model_advanced.TestEdgeCasesAndErrorHandling" name="test_large_factorized_model" time="0.000" /><testcase classname="tests.unit.test_generative_model_advanced.TestEdgeCasesAndErrorHandling" name="test_hierarchical_model_different_levels" time="0.001" /></testsuite></testsuites>