<?xml version="1.0" encoding="utf-8"?><testsuites><testsuite name="pytest" errors="0" failures="0" skipped="0" tests="28" time="0.115" timestamp="2025-07-01T11:47:08.325618" hostname="Matthews-MacBook-Air.local"><testcase classname="tests.unit.test_coalition_builder.TestCoalition" name="test_coalition_initialization_minimal" time="0.001" /><testcase classname="tests.unit.test_coalition_builder.TestCoalition" name="test_coalition_initialization_full" time="0.000" /><testcase classname="tests.unit.test_coalition_builder.TestCoalition" name="test_coalition_post_init_metadata" time="0.000" /><testcase classname="tests.unit.test_coalition_builder.TestCoalition" name="test_coalition_members_mutability" time="0.000" /><testcase classname="tests.unit.test_coalition_builder.TestCoalition" name="test_coalition_metadata_mutability" time="0.000" /><testcase classname="tests.unit.test_coalition_builder.TestCoalition" name="test_coalition_equality" time="0.000" /><testcase classname="tests.unit.test_coalition_builder.TestCoalitionBuilder" name="test_initialization" time="0.000" /><testcase classname="tests.unit.test_coalition_builder.TestCoalitionBuilder" name="test_propose_coalition_basic" time="0.000" /><testcase classname="tests.unit.test_coalition_builder.TestCoalitionBuilder" name="test_propose_coalition_custom_type" time="0.000" /><testcase classname="tests.unit.test_coalition_builder.TestCoalitionBuilder" name="test_propose_multiple_coalitions" time="0.000" /><testcase classname="tests.unit.test_coalition_builder.TestCoalitionBuilder" name="test_propose_coalition_empty_members" time="0.000" /><testcase classname="tests.unit.test_coalition_builder.TestCoalitionBuilder" name="test_accept_proposal_valid" time="0.000" /><testcase classname="tests.unit.test_coalition_builder.TestCoalitionBuilder" name="test_accept_proposal_by_proposer" time="0.000" /><testcase classname="tests.unit.test_coalition_builder.TestCoalitionBuilder" name="test_accept_proposal_invalid_coalition" time="0.000" /><testcase classname="tests.unit.test_coalition_builder.TestCoalitionBuilder" name="test_accept_proposal_non_member" time="0.000" /><testcase classname="tests.unit.test_coalition_builder.TestCoalitionBuilder" name="test_evaluate_coalition_value_basic" time="0.000" /><testcase classname="tests.unit.test_coalition_builder.TestCoalitionBuilder" name="test_evaluate_coalition_value_single_member" time="0.000" /><testcase classname="tests.unit.test_coalition_builder.TestCoalitionBuilder" name="test_evaluate_coalition_value_large_coalition" time="0.000" /><testcase classname="tests.unit.test_coalition_builder.TestCoalitionBuilder" name="test_coalition_workflow" time="0.000" /><testcase classname="tests.unit.test_coalition_builder.TestCoalitionBuilder" name="test_multiple_coalition_management" time="0.000" /><testcase classname="tests.unit.test_coalition_builder.TestCoalitionBuilder" name="test_coalition_builder_state_persistence" time="0.000" /><testcase classname="tests.unit.test_coalition_builder.TestCoalitionBuilderEdgeCases" name="test_propose_coalition_duplicate_members" time="0.000" /><testcase classname="tests.unit.test_coalition_builder.TestCoalitionBuilderEdgeCases" name="test_accept_proposal_multiple_times" time="0.000" /><testcase classname="tests.unit.test_coalition_builder.TestCoalitionBuilderEdgeCases" name="test_evaluate_empty_coalition" time="0.000" /><testcase classname="tests.unit.test_coalition_builder.TestCoalitionBuilderEdgeCases" name="test_coalition_type_variations" time="0.000" /><testcase classname="tests.unit.test_coalition_builder.TestCoalitionBuilderEdgeCases" name="test_large_scale_coalition_operations" time="0.000" /><testcase classname="tests.unit.test_coalition_builder.TestCoalitionBuilderIntegration" name="test_coalition_builder_with_pymdp_alignment" time="0.000" /><testcase classname="tests.unit.test_coalition_builder.TestCoalitionBuilderIntegration" name="test_coalition_builder_with_gnn_notation" time="0.000" /></testsuite></testsuites>