<?xml version="1.0" encoding="utf-8"?><testsuites><testsuite name="pytest" errors="0" failures="0" skipped="0" tests="16" time="0.085" timestamp="2025-07-01T11:47:05.725777" hostname="Matthews-MacBook-Air.local"><testcase classname="tests.unit.test_belief_update.TestBeliefUpdateConfig" name="test_default_config" time="0.000" /><testcase classname="tests.unit.test_belief_update.TestBeliefUpdateConfig" name="test_custom_config" time="0.000" /><testcase classname="tests.unit.test_belief_update.TestDirectGraphObservationModel" name="test_initialization" time="0.000" /><testcase classname="tests.unit.test_belief_update.TestDirectGraphObservationModel" name="test_forward" time="0.001" /><testcase classname="tests.unit.test_belief_update.TestLearnedGraphObservationModel" name="test_initialization" time="0.001" /><testcase classname="tests.unit.test_belief_update.TestLearnedGraphObservationModel" name="test_forward" time="0.003" /><testcase classname="tests.unit.test_belief_update.TestGraphNNBeliefUpdater" name="test_initialization" time="0.001" /><testcase classname="tests.unit.test_belief_update.TestGraphNNBeliefUpdater" name="test_update_beliefs" time="0.001" /><testcase classname="tests.unit.test_belief_update.TestAttentionGraphBeliefUpdater" name="test_initialization" time="0.000" /><testcase classname="tests.unit.test_belief_update.TestAttentionGraphBeliefUpdater" name="test_update_beliefs" time="0.001" /><testcase classname="tests.unit.test_belief_update.TestHierarchicalBeliefUpdater" name="test_initialization" time="0.000" /><testcase classname="tests.unit.test_belief_update.TestHierarchicalBeliefUpdater" name="test_update_beliefs" time="0.001" /><testcase classname="tests.unit.test_belief_update.TestFactoryFunction" name="test_create_graphnn_updater" time="0.000" /><testcase classname="tests.unit.test_belief_update.TestFactoryFunction" name="test_create_attention_updater" time="0.000" /><testcase classname="tests.unit.test_belief_update.TestFactoryFunction" name="test_create_hierarchical_updater" time="0.000" /><testcase classname="tests.unit.test_belief_update.TestFactoryFunction" name="test_default_updater" time="0.000" /></testsuite></testsuites>