<?xml version="1.0" encoding="utf-8"?><testsuites><testsuite name="pytest" errors="0" failures="1" skipped="0" tests="9" time="2.293" timestamp="2025-07-01T11:47:57.364707" hostname="Matthews-MacBook-Air.local"><testcase classname="tests.unit.test_import_exercise_coverage" name="test_agent_imports_exercise" time="1.061" /><testcase classname="tests.unit.test_import_exercise_coverage" name="test_world_imports_exercise" time="0.013" /><testcase classname="tests.unit.test_import_exercise_coverage" name="test_inference_imports_exercise" time="1.108" /><testcase classname="tests.unit.test_import_exercise_coverage" name="test_coalition_imports_exercise" time="0.008" /><testcase classname="tests.unit.test_import_exercise_coverage" name="test_torch_tensor_operations" time="0.022" /><testcase classname="tests.unit.test_import_exercise_coverage" name="test_numpy_operations" time="0.000" /><testcase classname="tests.unit.test_import_exercise_coverage" name="test_exercise_class_methods" time="0.001" /><testcase classname="tests.unit.test_import_exercise_coverage" name="test_exercise_enum_values" time="0.000"><failure message="AttributeError: type object 'PerceptionType' has no attribute 'SPATIAL'">tests/unit/test_import_exercise_coverage.py:301: in test_exercise_enum_values
    perception_types = [PerceptionType.VISUAL, PerceptionType.AUDITORY, PerceptionType.SPATIAL]
E   AttributeError: type object 'PerceptionType' has no attribute 'SPATIAL'</failure></testcase><testcase classname="tests.unit.test_import_exercise_coverage" name="test_exercise_complex_operations" time="0.004" /></testsuite></testsuites>