<?xml version="1.0" encoding="utf-8"?><testsuites><testsuite name="pytest" errors="0" failures="0" skipped="0" tests="22" time="1.398" timestamp="2025-07-01T11:47:46.262800" hostname="Matthews-MacBook-Air.local"><testcase classname="tests.unit.test_gnn_orchestration.TestGNNIntegrationConfig" name="test_default_config" time="0.000" /><testcase classname="tests.unit.test_gnn_orchestration.TestGNNIntegrationConfig" name="test_custom_config" time="0.000" /><testcase classname="tests.unit.test_gnn_orchestration.TestDirectGraphMapper" name="test_initialization" time="0.000" /><testcase classname="tests.unit.test_gnn_orchestration.TestDirectGraphMapper" name="test_map_to_states" time="0.001" /><testcase classname="tests.unit.test_gnn_orchestration.TestDirectGraphMapper" name="test_map_with_node_indices" time="0.000" /><testcase classname="tests.unit.test_gnn_orchestration.TestLearnedGraphMapper" name="test_initialization" time="0.000" /><testcase classname="tests.unit.test_gnn_orchestration.TestLearnedGraphMapper" name="test_map_to_states" time="0.001" /><testcase classname="tests.unit.test_gnn_orchestration.TestLearnedGraphMapper" name="test_map_to_observations" time="0.000" /><testcase classname="tests.unit.test_gnn_orchestration.TestGraphFeatureAggregator" name="test_mean_aggregation" time="0.000" /><testcase classname="tests.unit.test_gnn_orchestration.TestGraphFeatureAggregator" name="test_max_aggregation" time="0.000" /><testcase classname="tests.unit.test_gnn_orchestration.TestGraphFeatureAggregator" name="test_single_graph_aggregation" time="0.000" /><testcase classname="tests.unit.test_gnn_orchestration.TestGNNActiveInferenceAdapter" name="test_initialization" time="0.001" /><testcase classname="tests.unit.test_gnn_orchestration.TestGNNActiveInferenceAdapter" name="test_process_graph" time="0.001" /><testcase classname="tests.unit.test_gnn_orchestration.TestGNNActiveInferenceAdapter" name="test_graph_to_beliefs" time="0.001" /><testcase classname="tests.unit.test_gnn_orchestration.TestGNNActiveInferenceAdapter" name="test_update_beliefs_with_graph" time="0.001" /><testcase classname="tests.unit.test_gnn_orchestration.TestHierarchicalGraphIntegration" name="test_initialization" time="0.018" /><testcase classname="tests.unit.test_gnn_orchestration.TestHierarchicalGraphIntegration" name="test_set_generative_models" time="0.003" /><testcase classname="tests.unit.test_gnn_orchestration.TestHierarchicalGraphIntegration" name="test_process_hierarchical_graph" time="0.001" /><testcase classname="tests.unit.test_gnn_orchestration.TestFactoryFunction" name="test_create_standard_adapter" time="0.001" /><testcase classname="tests.unit.test_gnn_orchestration.TestFactoryFunction" name="test_create_hierarchical_adapter" time="0.001" /><testcase classname="tests.unit.test_gnn_orchestration.TestFactoryFunction" name="test_invalid_adapter_type" time="0.000" /><testcase classname="tests.unit.test_gnn_orchestration.TestFactoryFunction" name="test_missing_required_params" time="0.000" /></testsuite></testsuites>