<?xml version="1.0" encoding="utf-8"?><testsuites><testsuite name="pytest" errors="0" failures="0" skipped="0" tests="38" time="1.108" timestamp="2025-07-01T11:48:23.831563" hostname="Matthews-MacBook-Air.local"><testcase classname="tests.unit.test_movement_perception.TestDirection" name="test_direction_enum_values" time="0.000" /><testcase classname="tests.unit.test_movement_perception.TestDirection" name="test_direction_enum_count" time="0.000" /><testcase classname="tests.unit.test_movement_perception.TestObservation" name="test_observation_creation" time="0.000" /><testcase classname="tests.unit.test_movement_perception.TestObservation" name="test_observation_to_dict" time="0.001" /><testcase classname="tests.unit.test_movement_perception.TestMovementPerceptionSystem" name="test_system_initialization" time="0.000" /><testcase classname="tests.unit.test_movement_perception.TestMovementPerceptionSystem" name="test_get_valid_moves_basic" time="0.001" /><testcase classname="tests.unit.test_movement_perception.TestMovementPerceptionSystem" name="test_get_valid_moves_no_neighbors_in_world" time="0.001" /><testcase classname="tests.unit.test_movement_perception.TestMovementPerceptionSystem" name="test_calculate_direction_north" time="0.000" /><testcase classname="tests.unit.test_movement_perception.TestMovementPerceptionSystem" name="test_calculate_direction_south" time="0.000" /><testcase classname="tests.unit.test_movement_perception.TestMovementPerceptionSystem" name="test_calculate_direction_east" time="0.000" /><testcase classname="tests.unit.test_movement_perception.TestMovementPerceptionSystem" name="test_calculate_direction_west" time="0.000" /><testcase classname="tests.unit.test_movement_perception.TestMovementPerceptionSystem" name="test_can_move_to_valid_move" time="0.000" /><testcase classname="tests.unit.test_movement_perception.TestMovementPerceptionSystem" name="test_can_move_to_nonexistent_source" time="0.000" /><testcase classname="tests.unit.test_movement_perception.TestMovementPerceptionSystem" name="test_can_move_to_nonexistent_target" time="0.000" /><testcase classname="tests.unit.test_movement_perception.TestMovementPerceptionSystem" name="test_can_move_to_not_adjacent" time="0.000" /><testcase classname="tests.unit.test_movement_perception.TestMovementPerceptionSystem" name="test_can_move_to_water_terrain" time="0.000" /><testcase classname="tests.unit.test_movement_perception.TestMovementPerceptionSystem" name="test_can_move_to_steep_elevation" time="0.000" /><testcase classname="tests.unit.test_movement_perception.TestMovementPerceptionSystem" name="test_calculate_movement_cost_basic" time="0.000" /><testcase classname="tests.unit.test_movement_perception.TestMovementPerceptionSystem" name="test_calculate_movement_cost_with_elevation_gain" time="0.000" /><testcase classname="tests.unit.test_movement_perception.TestMovementPerceptionSystem" name="test_calculate_movement_cost_with_temperature_penalty" time="0.000" /><testcase classname="tests.unit.test_movement_perception.TestMovementPerceptionSystem" name="test_calculate_movement_cost_nonexistent_cells" time="0.000" /><testcase classname="tests.unit.test_movement_perception.TestMovementPerceptionSystem" name="test_get_agent_observation_basic" time="0.001" /><testcase classname="tests.unit.test_movement_perception.TestMovementPerceptionSystem" name="test_get_agent_observation_with_other_agents" time="0.001" /><testcase classname="tests.unit.test_movement_perception.TestMovementPerceptionSystem" name="test_get_agent_observation_invalid_position" time="0.000" /><testcase classname="tests.unit.test_movement_perception.TestMovementPerceptionSystem" name="test_apply_line_of_sight_direct_visibility" time="0.000" /><testcase classname="tests.unit.test_movement_perception.TestMovementPerceptionSystem" name="test_apply_line_of_sight_blocked_by_elevation" time="0.000" /><testcase classname="tests.unit.test_movement_perception.TestMovementPerceptionSystem" name="test_apply_line_of_sight_nonexistent_observer" time="0.000" /><testcase classname="tests.unit.test_movement_perception.TestMovementPerceptionSystem" name="test_find_path_astar_same_position" time="0.000" /><testcase classname="tests.unit.test_movement_perception.TestMovementPerceptionSystem" name="test_find_path_astar_nonexistent_start" time="0.000" /><testcase classname="tests.unit.test_movement_perception.TestMovementPerceptionSystem" name="test_find_path_astar_nonexistent_goal" time="0.000" /><testcase classname="tests.unit.test_movement_perception.TestMovementPerceptionSystem" name="test_find_path_astar_simple_path" time="0.001" /><testcase classname="tests.unit.test_movement_perception.TestMovementPerceptionSystem" name="test_find_path_astar_exceeds_max_cost" time="0.001" /><testcase classname="tests.unit.test_movement_perception.TestMovementPerceptionSystem" name="test_get_exploration_targets_basic" time="0.000" /><testcase classname="tests.unit.test_movement_perception.TestMovementPerceptionSystem" name="test_get_exploration_targets_all_explored" time="0.000" /><testcase classname="tests.unit.test_movement_perception.TestMovementPerceptionSystem" name="test_get_exploration_targets_with_biome_variety" time="0.000" /><testcase classname="tests.unit.test_movement_perception.TestIntegrationScenarios" name="test_complete_movement_scenario" time="0.001" /><testcase classname="tests.unit.test_movement_perception.TestIntegrationScenarios" name="test_perception_with_multiple_agents" time="0.000" /><testcase classname="tests.unit.test_movement_perception.TestIntegrationScenarios" name="test_exploration_target_selection_strategy" time="0.001" /></testsuite></testsuites>