<?xml version="1.0" encoding="utf-8"?><testsuites><testsuite name="pytest" errors="0" failures="0" skipped="0" tests="84" time="1.301" timestamp="2025-07-01T11:47:11.403009" hostname="Matthews-MacBook-Air.local"><testcase classname="tests.unit.test_communication.TestBeliefNode" name="test_belief_node_creation" time="0.000" /><testcase classname="tests.unit.test_communication.TestBeliefNode" name="test_belief_node_confidence_bounds" time="0.000" /><testcase classname="tests.unit.test_communication.TestBeliefNode" name="test_belief_node_patterns" time="0.000" /><testcase classname="tests.unit.test_communication.TestConversationIntent" name="test_all_intents_defined" time="0.000" /><testcase classname="tests.unit.test_communication.TestConversationIntent" name="test_intent_values" time="0.000" /><testcase classname="tests.unit.test_communication.TestConversationIntent" name="test_intent_iteration" time="0.000" /><testcase classname="tests.unit.test_communication.TestConversationMessage" name="test_message_creation_basic" time="0.000" /><testcase classname="tests.unit.test_communication.TestConversationMessage" name="test_message_creation_broadcast" time="0.000" /><testcase classname="tests.unit.test_communication.TestConversationMessage" name="test_message_with_metadata" time="0.000" /><testcase classname="tests.unit.test_communication.TestConversationMessage" name="test_message_to_dict" time="0.000" /><testcase classname="tests.unit.test_communication.TestConversationMessage" name="test_message_serialization" time="0.000" /><testcase classname="tests.unit.test_communication.TestConversationTurn" name="test_turn_creation_speak" time="0.000" /><testcase classname="tests.unit.test_communication.TestConversationTurn" name="test_turn_creation_listen" time="0.000" /><testcase classname="tests.unit.test_communication.TestConversationTurn" name="test_turn_creation_think" time="0.000" /><testcase classname="tests.unit.test_communication.TestConversationTurn" name="test_turn_actions" time="0.000" /><testcase classname="tests.unit.test_communication.TestAgentConversation" name="test_conversation_initialization_default" time="0.000" /><testcase classname="tests.unit.test_communication.TestAgentConversation" name="test_conversation_initialization_custom" time="0.000" /><testcase classname="tests.unit.test_communication.TestConversationWorkflows" name="test_simple_two_agent_conversation" time="0.000" /><testcase classname="tests.unit.test_communication.TestConversationWorkflows" name="test_information_seeking_conversation" time="0.000" /><testcase classname="tests.unit.test_communication.TestActiveInferenceIntegration" name="test_belief_driven_communication" time="0.000" /><testcase classname="tests.unit.test_communication.TestGNNNotationSupport" name="test_gnn_formalized_communication" time="0.000" /><testcase classname="tests.unit.test_communication.TestAgentConversationMethods" name="test_add_participant" time="0.000" /><testcase classname="tests.unit.test_communication.TestAgentConversationMethods" name="test_add_participant_duplicate" time="0.000" /><testcase classname="tests.unit.test_communication.TestAgentConversationMethods" name="test_determine_intent_danger" time="0.000" /><testcase classname="tests.unit.test_communication.TestAgentConversationMethods" name="test_determine_intent_trade" time="0.000" /><testcase classname="tests.unit.test_communication.TestAgentConversationMethods" name="test_determine_intent_discovery" time="0.000" /><testcase classname="tests.unit.test_communication.TestAgentConversationMethods" name="test_determine_intent_information_seeking" time="0.000" /><testcase classname="tests.unit.test_communication.TestAgentConversationMethods" name="test_determine_intent_alliance" time="0.000" /><testcase classname="tests.unit.test_communication.TestAgentConversationMethods" name="test_determine_intent_casual" time="0.000" /><testcase classname="tests.unit.test_communication.TestAgentConversationMethods" name="test_select_recipient_warning" time="0.000" /><testcase classname="tests.unit.test_communication.TestAgentConversationMethods" name="test_select_recipient_normal" time="0.000" /><testcase classname="tests.unit.test_communication.TestAgentConversationMethods" name="test_select_recipient_no_others" time="0.000" /><testcase classname="tests.unit.test_communication.TestAgentConversationMethods" name="test_generate_template_message_discovery" time="0.000" /><testcase classname="tests.unit.test_communication.TestAgentConversationMethods" name="test_generate_template_message_trade" time="0.000" /><testcase classname="tests.unit.test_communication.TestAgentConversationMethods" name="test_generate_template_message_information" time="0.000" /><testcase classname="tests.unit.test_communication.TestAgentConversationMethods" name="test_generate_template_message_danger" time="0.000" /><testcase classname="tests.unit.test_communication.TestAgentConversationMethods" name="test_generate_template_message_casual" time="0.000" /><testcase classname="tests.unit.test_communication.TestAgentConversationMethods" name="test_build_llm_prompt" time="0.000" /><testcase classname="tests.unit.test_communication.TestAgentConversationMethods" name="test_generate_with_llm_success" time="0.001" /><testcase classname="tests.unit.test_communication.TestAgentConversationMethods" name="test_generate_with_llm_failure" time="0.001" /><testcase classname="tests.unit.test_communication.TestAgentConversationMethods" name="test_generate_message_with_llm" time="0.000" /><testcase classname="tests.unit.test_communication.TestAgentConversationMethods" name="test_generate_message_without_llm" time="0.000" /><testcase classname="tests.unit.test_communication.TestAgentConversationMethods" name="test_determine_action_first_message" time="0.000" /><testcase classname="tests.unit.test_communication.TestAgentConversationMethods" name="test_determine_action_just_spoke" time="0.000" /><testcase classname="tests.unit.test_communication.TestAgentConversationMethods" name="test_determine_action_urgent" time="0.000" /><testcase classname="tests.unit.test_communication.TestAgentConversationMethods" name="test_determine_action_random" time="0.000" /><testcase classname="tests.unit.test_communication.TestAgentConversationMethods" name="test_process_turn_speak" time="0.000" /><testcase classname="tests.unit.test_communication.TestAgentConversationMethods" name="test_process_turn_listen" time="0.000" /><testcase classname="tests.unit.test_communication.TestAgentConversationMethods" name="test_process_turn_max_turns" time="0.000" /><testcase classname="tests.unit.test_communication.TestAgentConversationMethods" name="test_process_turn_ended_conversation" time="0.000" /><testcase classname="tests.unit.test_communication.TestAgentConversationMethods" name="test_add_message" time="0.000" /><testcase classname="tests.unit.test_communication.TestAgentConversationMethods" name="test_update_beliefs_from_discovery_message" time="0.000" /><testcase classname="tests.unit.test_communication.TestAgentConversationMethods" name="test_update_beliefs_from_danger_message" time="0.000" /><testcase classname="tests.unit.test_communication.TestAgentConversationMethods" name="test_update_beliefs_from_trade_message" time="0.000" /><testcase classname="tests.unit.test_communication.TestAgentConversationMethods" name="test_get_conversation_summary" time="0.000" /><testcase classname="tests.unit.test_communication.TestAgentConversationMethods" name="test_end_conversation" time="0.000" /><testcase classname="tests.unit.test_communication.TestAgentConversationMethods" name="test_to_dict" time="0.000" /><testcase classname="tests.unit.test_communication.TestConversationManager" name="test_conversation_manager_creation" time="0.000" /><testcase classname="tests.unit.test_communication.TestConversationManager" name="test_create_conversation" time="0.000" /><testcase classname="tests.unit.test_communication.TestConversationManager" name="test_create_conversation_no_goals" time="0.000" /><testcase classname="tests.unit.test_communication.TestConversationManager" name="test_get_agent_communications" time="0.000" /><testcase classname="tests.unit.test_communication.TestConversationManager" name="test_get_agent_communications_no_conversations" time="0.000" /><testcase classname="tests.unit.test_communication.TestConversationManager" name="test_get_active_conversations" time="0.000" /><testcase classname="tests.unit.test_communication.TestCommunicationCapability" name="test_communication_capability_creation" time="0.000" /><testcase classname="tests.unit.test_communication.TestCommunicationCapability" name="test_communication_capability_defaults" time="0.000" /><testcase classname="tests.unit.test_communication.TestCommunicationCapability" name="test_communication_capability_registration" time="0.000" /><testcase classname="tests.unit.test_communication.TestCommunicationCapability" name="test_send_message_success" time="0.000" /><testcase classname="tests.unit.test_communication.TestCommunicationCapability" name="test_send_message_bandwidth_exceeded" time="0.000" /><testcase classname="tests.unit.test_communication.TestCommunicationCapability" name="test_send_message_fallback_queue" time="0.000" /><testcase classname="tests.unit.test_communication.TestCommunicationCapability" name="test_send_broadcast_message" time="0.000" /><testcase classname="tests.unit.test_communication.TestCommunicationCapability" name="test_receive_message" time="0.000" /><testcase classname="tests.unit.test_communication.TestCommunicationCapability" name="test_start_conversation" time="0.000" /><testcase classname="tests.unit.test_communication.TestCommunicationCapability" name="test_start_conversation_existing" time="0.000" /><testcase classname="tests.unit.test_communication.TestCommunicationCapability" name="test_get_pending_messages" time="0.000" /><testcase classname="tests.unit.test_communication.TestCommunicationCapability" name="test_get_active_conversations_capability" time="0.000" /><testcase classname="tests.unit.test_communication.TestCommunicationCapability" name="test_end_conversation" time="0.000" /><testcase classname="tests.unit.test_communication.TestCommunicationCapability" name="test_end_conversation_not_found" time="0.000" /><testcase classname="tests.unit.test_communication.TestCommunicationCapability" name="test_reset_cycle" time="0.000" /><testcase classname="tests.unit.test_communication.TestCommunicationCapability" name="test_get_stats" time="0.000" /><testcase classname="tests.unit.test_communication.TestCommunicationCapability" name="test_get_conversation_id" time="0.000" /><testcase classname="tests.unit.test_communication.TestCommunicationCapability" name="test_repr" time="0.000" /><testcase classname="tests.unit.test_communication.TestCommunicationIntegration" name="test_full_conversation_flow" time="0.000" /><testcase classname="tests.unit.test_communication.TestCommunicationIntegration" name="test_communication_capability_with_conversation" time="0.000" /><testcase classname="tests.unit.test_communication.TestCommunicationIntegration" name="test_belief_updating_integration" time="0.000" /></testsuite></testsuites>