<?xml version="1.0" encoding="utf-8"?><testsuites name="pytest tests"><testsuite name="pytest" errors="0" failures="4" skipped="0" tests="31" time="0.391" timestamp="2025-07-01T12:13:22.137541+02:00" hostname="Matthews-MacBook-Air.local"><testcase classname="tests.unit.test_base_epistemic_value_engine.TestEpistemicValueType" name="test_epistemic_value_type_values" time="0.001" /><testcase classname="tests.unit.test_base_epistemic_value_engine.TestEpistemicValueType" name="test_epistemic_value_type_count" time="0.000" /><testcase classname="tests.unit.test_base_epistemic_value_engine.TestEpistemicState" name="test_epistemic_state_creation" time="0.002" /><testcase classname="tests.unit.test_base_epistemic_value_engine.TestEpistemicState" name="test_epistemic_state_defaults" time="0.001" /><testcase classname="tests.unit.test_base_epistemic_value_engine.TestKnowledgePropagationEvent" name="test_propagation_event_creation" time="0.001" /><testcase classname="tests.unit.test_base_epistemic_value_engine.TestKnowledgePropagationEvent" name="test_propagation_event_defaults" time="0.001" /><testcase classname="tests.unit.test_base_epistemic_value_engine.TestCollectiveIntelligenceMetrics" name="test_metrics_creation" time="0.001" /><testcase classname="tests.unit.test_base_epistemic_value_engine.TestEpistemicValueCalculationEngine" name="test_initialization" time="0.002" /><testcase classname="tests.unit.test_base_epistemic_value_engine.TestEpistemicValueCalculationEngine" name="test_calculate_epistemic_value_basic" time="0.002" /><testcase classname="tests.unit.test_base_epistemic_value_engine.TestEpistemicValueCalculationEngine" name="test_calculate_epistemic_value_with_prior" time="0.001" /><testcase classname="tests.unit.test_base_epistemic_value_engine.TestEpistemicValueCalculationEngine" name="test_calculate_knowledge_entropy" time="0.002" /><testcase classname="tests.unit.test_base_epistemic_value_engine.TestEpistemicValueCalculationEngine" name="test_calculate_information_gain" time="0.000" /><testcase classname="tests.unit.test_base_epistemic_value_engine.TestEpistemicValueCalculationEngine" name="test_calculate_confidence_level" time="0.000" /><testcase classname="tests.unit.test_base_epistemic_value_engine.TestEpistemicValueCalculationEngine" name="test_calculate_certainty_measure" time="0.001"><failure message="assert 0.0 &gt; 0.0">tests/unit/test_base_epistemic_value_engine.py:255: in test_calculate_certainty_measure
    assert certainty_concentrated &gt; certainty_uniform
E   assert 0.0 &gt; 0.0</failure></testcase><testcase classname="tests.unit.test_base_epistemic_value_engine.TestEpistemicValueCalculationEngine" name="test_calculate_knowledge_propagation_basic" time="0.003" /><testcase classname="tests.unit.test_base_epistemic_value_engine.TestEpistemicValueCalculationEngine" name="test_calculate_knowledge_propagation_invalid_agents" time="0.001" /><testcase classname="tests.unit.test_base_epistemic_value_engine.TestEpistemicValueCalculationEngine" name="test_calculate_knowledge_propagation_models" time="0.001" /><testcase classname="tests.unit.test_base_epistemic_value_engine.TestEpistemicValueCalculationEngine" name="test_calculate_collective_intelligence_metrics_insufficient_agents" time="0.001" /><testcase classname="tests.unit.test_base_epistemic_value_engine.TestEpistemicValueCalculationEngine" name="test_calculate_collective_intelligence_metrics_basic" time="0.002" /><testcase classname="tests.unit.test_base_epistemic_value_engine.TestEpistemicValueCalculationEngine" name="test_calculate_collective_intelligence_with_propagation" time="0.045" /><testcase classname="tests.unit.test_base_epistemic_value_engine.TestEpistemicValueCalculationEngine" name="test_information_transfer_calculation" time="0.001" /><testcase classname="tests.unit.test_base_epistemic_value_engine.TestEpistemicValueCalculationEngine" name="test_update_beliefs_bayesian" time="0.000" /><testcase classname="tests.unit.test_base_epistemic_value_engine.TestEpistemicValueCalculationEngine" name="test_update_beliefs_weighted_average" time="0.001" /><testcase classname="tests.unit.test_base_epistemic_value_engine.TestEpistemicValueCalculationEngine" name="test_propagation_efficiency_calculation" time="0.000" /><testcase classname="tests.unit.test_base_epistemic_value_engine.TestEpistemicValueCalculationEngine" name="test_network_entropy_calculation" time="0.001" /><testcase classname="tests.unit.test_base_epistemic_value_engine.TestEpistemicValueCalculationEngine" name="test_information_diversity_calculation" time="0.001" /><testcase classname="tests.unit.test_base_epistemic_value_engine.TestEpistemicValueCalculationEngine" name="test_consensus_calculation" time="0.001"><failure message="assert 0.6484440676262049 &lt; 0.5">tests/unit/test_base_epistemic_value_engine.py:517: in test_consensus_calculation
    assert consensus &lt; 0.5  # Should be low due to opposite beliefs
    ^^^^^^^^^^^^^^^^^^^^^^
E   assert 0.6484440676262049 &lt; 0.5</failure></testcase><testcase classname="tests.unit.test_base_epistemic_value_engine.TestEpistemicValueCalculationEngine" name="test_emergence_indicator" time="0.001" /><testcase classname="tests.unit.test_base_epistemic_value_engine.TestEpistemicValueCalculationEngine" name="test_network_stability" time="0.001"><failure message="assert 0.9803921568627451 &lt; 0.8">tests/unit/test_base_epistemic_value_engine.py:560: in test_network_stability
    assert stability &lt; 0.8
E   assert 0.9803921568627451 &lt; 0.8</failure></testcase><testcase classname="tests.unit.test_base_epistemic_value_engine.TestEpistemicValueCalculationEngine" name="test_get_network_analytics" time="0.001"><failure message="assert np.float64(0.0) &gt; 0">tests/unit/test_base_epistemic_value_engine.py:595: in test_get_network_analytics
    assert analytics["recent_propagation_efficiency"] &gt; 0
E   assert np.float64(0.0) &gt; 0</failure></testcase><testcase classname="tests.unit.test_base_epistemic_value_engine.TestEpistemicValueCalculationEngine" name="test_global_epistemic_engine" time="0.001" /></testsuite></testsuites>