<?xml version="1.0" encoding="utf-8"?><testsuites name="pytest tests"><testsuite name="pytest" errors="0" failures="0" skipped="0" tests="5" time="0.224" timestamp="2025-07-01T12:12:49.865004+02:00" hostname="Matthews-MacBook-Air.local"><testcase classname="tests.unit.test_agent_data_model.TestPosition" name="test_distance_calculation" time="0.001" /><testcase classname="tests.unit.test_agent_data_model.TestPosition" name="test_position_creation" time="0.000" /><testcase classname="tests.unit.test_agent_data_model.TestPosition" name="test_position_to_array" time="0.009" /><testcase classname="tests.unit.test_agent_data_model.TestOrientation" name="test_orientation_creation" time="0.001" /><testcase classname="tests.unit.test_agent_data_model.TestOrientation" name="test_orientation_to_euler" time="0.001" /></testsuite></testsuites>