<?xml version="1.0" encoding="utf-8"?><testsuites name="pytest tests"><testsuite name="pytest" errors="0" failures="0" skipped="0" tests="30" time="0.202" timestamp="2025-07-01T12:13:57.724299+02:00" hostname="Matthews-MacBook-Air.local"><testcase classname="tests.unit.test_business_readiness_assessor.TestBusinessReadinessLevel" name="test_enum_values" time="0.001" /><testcase classname="tests.unit.test_business_readiness_assessor.TestBusinessReadinessLevel" name="test_enum_count" time="0.000" /><testcase classname="tests.unit.test_business_readiness_assessor.TestDeploymentStrategy" name="test_enum_values" time="0.000" /><testcase classname="tests.unit.test_business_readiness_assessor.TestDeploymentStrategy" name="test_enum_count" time="0.000" /><testcase classname="tests.unit.test_business_readiness_assessor.TestValueProposition" name="test_value_proposition_creation" time="0.000" /><testcase classname="tests.unit.test_business_readiness_assessor.TestValueProposition" name="test_calculate_total_value_score" time="0.000" /><testcase classname="tests.unit.test_business_readiness_assessor.TestValueProposition" name="test_calculate_total_value_score_without_compliance" time="0.001" /><testcase classname="tests.unit.test_business_readiness_assessor.TestValueProposition" name="test_confidence_intervals_default" time="0.000" /><testcase classname="tests.unit.test_business_readiness_assessor.TestMarketFitAssessment" name="test_market_fit_creation" time="0.001" /><testcase classname="tests.unit.test_business_readiness_assessor.TestMarketFitAssessment" name="test_calculate_market_fit_score" time="0.003" /><testcase classname="tests.unit.test_business_readiness_assessor.TestMarketFitAssessment" name="test_large_market_size_normalization" time="0.001" /><testcase classname="tests.unit.test_business_readiness_assessor.TestOperationalReadiness" name="test_operational_readiness_creation" time="0.004" /><testcase classname="tests.unit.test_business_readiness_assessor.TestOperationalReadiness" name="test_calculate_operational_score" time="0.001" /><testcase classname="tests.unit.test_business_readiness_assessor.TestOperationalReadiness" name="test_operational_readiness_fields" time="0.001" /><testcase classname="tests.unit.test_business_readiness_assessor.TestBusinessReadinessReport" name="test_business_readiness_report_creation" time="0.002" /><testcase classname="tests.unit.test_business_readiness_assessor.TestBusinessReadinessReport" name="test_to_dict_method" time="0.001" /><testcase classname="tests.unit.test_business_readiness_assessor.TestBusinessReadinessReport" name="test_report_score_fields" time="0.000" /><testcase classname="tests.unit.test_business_readiness_assessor.TestBusinessReadinessReport" name="test_report_default_fields" time="0.001" /><testcase classname="tests.unit.test_business_readiness_assessor.TestBusinessReadinessAssessor" name="test_assessor_initialization" time="0.000" /><testcase classname="tests.unit.test_business_readiness_assessor.TestBusinessReadinessAssessor" name="test_assess_business_readiness" time="0.006" /><testcase classname="tests.unit.test_business_readiness_assessor.TestBusinessReadinessAssessor" name="test_analyze_roi_projections" time="0.004" /><testcase classname="tests.unit.test_business_readiness_assessor.TestBusinessReadinessAssessor" name="test_analyze_market_opportunities" time="0.004" /><testcase classname="tests.unit.test_business_readiness_assessor.TestBusinessReadinessAssessor" name="test_assess_operational_readiness" time="0.000" /><testcase classname="tests.unit.test_business_readiness_assessor.TestBusinessReadinessAssessor" name="test_analyze_business_risks" time="0.003" /><testcase classname="tests.unit.test_business_readiness_assessor.TestBusinessReadinessAssessor" name="test_value_proposition_assessment" time="0.001" /><testcase classname="tests.unit.test_business_readiness_assessor.TestBusinessReadinessAssessor" name="test_market_fit_evaluation" time="0.000" /><testcase classname="tests.unit.test_business_readiness_assessor.TestBusinessReadinessAssessor" name="test_calculate_business_scores" time="0.001" /><testcase classname="tests.unit.test_business_readiness_assessor.TestBusinessReadinessAssessor" name="test_determine_readiness_level" time="0.000" /><testcase classname="tests.unit.test_business_readiness_assessor.TestBusinessReadinessAssessor" name="test_recommend_deployment_strategy" time="0.001" /><testcase classname="tests.unit.test_business_readiness_assessor.TestBusinessReadinessAssessor" name="test_generate_recommendations" time="0.001" /></testsuite></testsuites>