<?xml version="1.0" encoding="utf-8"?><testsuites name="pytest tests"><testsuite name="pytest" errors="0" failures="0" skipped="2" tests="47" time="0.282" timestamp="2025-07-01T12:12:40.910399+02:00" hostname="Matthews-MacBook-Air.local"><testcase classname="tests.unit.test_active_inference.TestInferenceConfig" name="test_default_config" time="0.001" /><testcase classname="tests.unit.test_active_inference.TestInferenceConfig" name="test_custom_config" time="0.001" /><testcase classname="tests.unit.test_active_inference.TestInferenceConfig" name="test_config_immutability" time="0.001" /><testcase classname="tests.unit.test_active_inference.TestInferenceConfig" name="test_config_validation" time="0.001" /><testcase classname="tests.unit.test_active_inference.TestInferenceAlgorithm" name="test_device_selection_cpu" time="0.000" /><testcase classname="tests.unit.test_active_inference.TestInferenceAlgorithm" name="test_device_selection_gpu" time="0.000"><skipped type="pytest.skip" message="CUDA not available">/Users/matthewmoroney/builds/FreeAgentics/tests/unit/test_active_inference.py:89: CUDA not available</skipped></testcase><testcase classname="tests.unit.test_active_inference.TestInferenceAlgorithm" name="test_abstract_method_enforcement" time="0.000" /><testcase classname="tests.unit.test_active_inference.TestVariationalMessagePassing" name="test_initialization" time="0.001" /><testcase classname="tests.unit.test_active_inference.TestVariationalMessagePassing" name="test_discrete_observation_inference" time="0.005" /><testcase classname="tests.unit.test_active_inference.TestVariationalMessagePassing" name="test_continuous_observation_inference" time="0.002" /><testcase classname="tests.unit.test_active_inference.TestVariationalMessagePassing" name="test_prior_belief_integration" time="0.001" /><testcase classname="tests.unit.test_active_inference.TestVariationalMessagePassing" name="test_sequence_inference" time="0.001" /><testcase classname="tests.unit.test_active_inference.TestVariationalMessagePassing" name="test_convergence" time="0.000" /><testcase classname="tests.unit.test_active_inference.TestVariationalMessagePassing" name="test_multi_modal_observations" time="0.002" /><testcase classname="tests.unit.test_active_inference.TestVariationalMessagePassing" name="test_edge_cases" time="0.003" /><testcase classname="tests.unit.test_active_inference.TestVariationalMessagePassing" name="test_numerical_stability" time="0.001" /><testcase classname="tests.unit.test_active_inference.TestBeliefPropagation" name="test_initialization" time="0.000" /><testcase classname="tests.unit.test_active_inference.TestBeliefPropagation" name="test_message_passing" time="0.001" /><testcase classname="tests.unit.test_active_inference.TestBeliefPropagation" name="test_loopy_belief_propagation" time="0.001" /><testcase classname="tests.unit.test_active_inference.TestGradientDescentInference" name="test_initialization" time="0.001" /><testcase classname="tests.unit.test_active_inference.TestGradientDescentInference" name="test_gradient_descent" time="0.001" /><testcase classname="tests.unit.test_active_inference.TestGradientDescentInference" name="test_natural_gradient" time="0.002" /><testcase classname="tests.unit.test_active_inference.TestNaturalGradientInference" name="test_initialization" time="0.001" /><testcase classname="tests.unit.test_active_inference.TestNaturalGradientInference" name="test_fisher_information_matrix" time="0.001" /><testcase classname="tests.unit.test_active_inference.TestExpectationMaximization" name="test_initialization" time="0.000" /><testcase classname="tests.unit.test_active_inference.TestExpectationMaximization" name="test_em_steps" time="0.007" /><testcase classname="tests.unit.test_active_inference.TestParticleFilterInference" name="test_initialization" time="0.009" /><testcase classname="tests.unit.test_active_inference.TestParticleFilterInference" name="test_particle_filtering" time="0.017" /><testcase classname="tests.unit.test_active_inference.TestHierarchicalInference" name="test_hierarchical_model_inference" time="0.008" /><testcase classname="tests.unit.test_active_inference.TestHierarchicalInference" name="test_top_down_bottom_up_integration" time="0.015" /><testcase classname="tests.unit.test_active_inference.TestPerformanceOptimization" name="test_gpu_acceleration" time="0.000"><skipped type="pytest.skip" message="CUDA not available">/Users/matthewmoroney/builds/FreeAgentics/tests/unit/test_active_inference.py:432: CUDA not available</skipped></testcase><testcase classname="tests.unit.test_active_inference.TestPerformanceOptimization" name="test_batch_inference" time="0.003" /><testcase classname="tests.unit.test_active_inference.TestPerformanceOptimization" name="test_sparse_computations" time="0.001" /><testcase classname="tests.unit.test_active_inference.TestIntegration" name="test_end_to_end_inference_loop" time="0.004" /><testcase classname="tests.unit.test_active_inference.TestIntegration" name="test_action_selection_loop" time="0.003" /><testcase classname="tests.unit.test_active_inference.TestCreateInferenceAlgorithm" name="test_create_vmp" time="0.001" /><testcase classname="tests.unit.test_active_inference.TestCreateInferenceAlgorithm" name="test_create_bp" time="0.000" /><testcase classname="tests.unit.test_active_inference.TestCreateInferenceAlgorithm" name="test_create_gradient_descent" time="0.000" /><testcase classname="tests.unit.test_active_inference.TestCreateInferenceAlgorithm" name="test_create_natural_gradient" time="0.000" /><testcase classname="tests.unit.test_active_inference.TestCreateInferenceAlgorithm" name="test_create_em" time="0.001" /><testcase classname="tests.unit.test_active_inference.TestCreateInferenceAlgorithm" name="test_create_particle_filter" time="0.000" /><testcase classname="tests.unit.test_active_inference.TestCreateInferenceAlgorithm" name="test_invalid_algorithm" time="0.000" /><testcase classname="tests.unit.test_active_inference.TestActiveInferenceEngine" name="test_engine_initialization" time="0.003" /><testcase classname="tests.unit.test_active_inference.TestActiveInferenceEngine" name="test_engine_step" time="0.003" /><testcase classname="tests.unit.test_active_inference.TestActiveInferenceEngine" name="test_engine_run_inference" time="0.001" /><testcase classname="tests.unit.test_active_inference.TestActiveInferenceEngine" name="test_engine_reset" time="0.001" /><testcase classname="tests.unit.test_active_inference.TestActiveInferenceEngine" name="test_engine_with_different_algorithms" time="0.002" /></testsuite></testsuites>