<?xml version="1.0" encoding="utf-8"?><testsuites name="pytest tests"><testsuite name="pytest" errors="0" failures="0" skipped="0" tests="25" time="0.285" timestamp="2025-07-01T12:12:59.372197+02:00" hostname="Matthews-MacBook-Air.local"><testcase classname="tests.unit.test_agent_test_framework.TestAgentTestScenario" name="test_scenario_creation" time="0.001" /><testcase classname="tests.unit.test_agent_test_framework.TestAgentTestMetrics" name="test_metrics_creation" time="0.001" /><testcase classname="tests.unit.test_agent_test_framework.TestAgentTestMetrics" name="test_metrics_defaults" time="0.001" /><testcase classname="tests.unit.test_agent_test_framework.TestAgentFactory" name="test_create_basic_agent_defaults" time="0.003" /><testcase classname="tests.unit.test_agent_test_framework.TestAgentFactory" name="test_create_basic_agent_custom" time="0.001" /><testcase classname="tests.unit.test_agent_test_framework.TestAgentFactory" name="test_create_resource_agent_defaults" time="0.002" /><testcase classname="tests.unit.test_agent_test_framework.TestAgentFactory" name="test_create_resource_agent_custom" time="0.001" /><testcase classname="tests.unit.test_agent_test_framework.TestAgentFactory" name="test_create_social_agent" time="0.001" /><testcase classname="tests.unit.test_agent_test_framework.TestSimulationEnvironment" name="test_environment_initialization" time="0.002" /><testcase classname="tests.unit.test_agent_test_framework.TestSimulationEnvironment" name="test_add_agent" time="0.003" /><testcase classname="tests.unit.test_agent_test_framework.TestSimulationEnvironment" name="test_add_resource" time="0.002" /><testcase classname="tests.unit.test_agent_test_framework.TestSimulationEnvironment" name="test_get_metrics" time="0.002" /><testcase classname="tests.unit.test_agent_test_framework.TestBehaviorValidator" name="test_validator_initialization" time="0.001" /><testcase classname="tests.unit.test_agent_test_framework.TestBehaviorValidator" name="test_validate_unknown_behavior" time="0.000" /><testcase classname="tests.unit.test_agent_test_framework.TestBehaviorValidator" name="test_validate_movement_coherence_insufficient_data" time="0.001" /><testcase classname="tests.unit.test_agent_test_framework.TestBehaviorValidator" name="test_validate_movement_coherence_valid" time="0.001" /><testcase classname="tests.unit.test_agent_test_framework.TestBehaviorValidator" name="test_validate_movement_coherence_impossible_speed" time="0.001" /><testcase classname="tests.unit.test_agent_test_framework.TestBehaviorValidator" name="test_validate_decision_consistency" time="0.000" /><testcase classname="tests.unit.test_agent_test_framework.TestPerformanceBenchmark" name="test_benchmark_initialization" time="0.001" /><testcase classname="tests.unit.test_agent_test_framework.TestPerformanceBenchmark" name="test_measure_context_manager" time="0.013" /><testcase classname="tests.unit.test_agent_test_framework.TestPerformanceBenchmark" name="test_multiple_measurements" time="0.005" /><testcase classname="tests.unit.test_agent_test_framework.TestPerformanceBenchmark" name="test_get_statistics_empty" time="0.001" /><testcase classname="tests.unit.test_agent_test_framework.TestPerformanceBenchmark" name="test_get_statistics_single_measurement" time="0.001" /><testcase classname="tests.unit.test_agent_test_framework.TestPerformanceBenchmark" name="test_get_statistics_multiple_measurements" time="0.001" /><testcase classname="tests.unit.test_agent_test_framework.TestPerformanceBenchmark" name="test_get_report" time="0.001" /></testsuite></testsuites>