<?xml version="1.0" encoding="UTF-8"?>
<testsuites name="jest tests" tests="9" failures="0" errors="0" time="0.905">
  <testsuite name="ApiClient" errors="0" failures="0" skipped="0" timestamp="2025-07-23T22:11:09" time="0.354" tests="9">
    <testcase classname="ApiClient constructor should create instance with base URL" name="ApiClient constructor should create instance with base URL" time="0.003">
    </testcase>
    <testcase classname="ApiClient constructor should use default base URL" name="ApiClient constructor should use default base URL" time="0">
    </testcase>
    <testcase classname="ApiClient getAgents should fetch agents successfully" name="ApiClient getAgents should fetch agents successfully" time="0.003">
    </testcase>
    <testcase classname="ApiClient createAgent should create agent successfully" name="ApiClient createAgent should create agent successfully" time="0.001">
    </testcase>
    <testcase classname="ApiClient processPrompt should process prompt successfully" name="ApiClient processPrompt should process prompt successfully" time="0">
    </testcase>
    <testcase classname="ApiClient getSuggestions should get suggestions successfully" name="ApiClient getSuggestions should get suggestions successfully" time="0">
    </testcase>
    <testcase classname="ApiClient error handling should handle HTTP errors" name="ApiClient error handling should handle HTTP errors" time="0">
    </testcase>
    <testcase classname="ApiClient error handling should handle network errors" name="ApiClient error handling should handle network errors" time="0.001">
    </testcase>
    <testcase classname="ApiClient error handling should handle non-JSON response" name="ApiClient error handling should handle non-JSON response" time="0">
    </testcase>
  </testsuite>
</testsuites>
